#
# There is insufficient memory for the Java Runtime Environment to continue.
# Native memory allocation (mmap) failed to map 38797312 bytes for committing reserved memory.
# Possible reasons:
#   The system is out of physical RAM or swap space
#   In 32 bit mode, the process size limit was hit
# Possible solutions:
#   Reduce memory load on the system
#   Increase physical memory or swap space
#   Check if swap backing store is full
#   Use 64 bit Java on a 64 bit OS
#   Decrease Java heap size (-Xmx/-Xms)
#   Decrease number of Java threads
#   Decrease Java thread stack sizes (-Xss)
#   Set larger code cache with -XX:ReservedCodeCacheSize=
# This output file may be truncated or incomplete.
#
#  Out of Memory Error (os_linux.cpp:2671), pid=2137, tid=140705158657792
#
# JRE version: Java(TM) SE Runtime Environment (8.0_25-b17) (build 1.8.0_25-b17)
# Java VM: Java HotSpot(TM) 64-Bit Server VM (25.25-b02 mixed mode linux-amd64 compressed oops)
# Core dump written. Default location: /home/lrochette/GitHub/EC-ShareFile/src/core or core.2137
#

---------------  T H R E A D  ---------------

Current thread (0x00007ff888073800):  VMThread [stack: 0x00007ff878eff000,0x00007ff879000000] [id=2146]

Stack: [0x00007ff878eff000,0x00007ff879000000],  sp=0x00007ff878ffe0c0,  free space=1020k
Native frames: (J=compiled Java code, j=interpreted, Vv=VM code, C=native code)
V  [libjvm.so+0xa7923a]  VMError::report_and_die()+0x2ca
V  [libjvm.so+0x4e552b]  report_vm_out_of_memory(char const*, int, unsigned long, VMErrorType, char const*)+0x8b
V  [libjvm.so+0x8e5613]  os::Linux::commit_memory_impl(char*, unsigned long, bool)+0x103
V  [libjvm.so+0x8e5b69]  os::pd_commit_memory(char*, unsigned long, unsigned long, bool)+0x29
V  [libjvm.so+0x8df83a]  os::commit_memory(char*, unsigned long, unsigned long, bool)+0x2a
V  [libjvm.so+0x94f923]  PSVirtualSpace::expand_by(unsigned long)+0x53
V  [libjvm.so+0x940640]  PSOldGen::expand(unsigned long)+0x170
V  [libjvm.so+0x94084b]  PSOldGen::resize(unsigned long)+0x1cb
V  [libjvm.so+0x948441]  PSParallelCompact::invoke_no_policy(bool)+0x9d1
V  [libjvm.so+0x94da4d]  PSScavenge::invoke()+0x1ad
V  [libjvm.so+0x907800]  ParallelScavengeHeap::failed_mem_allocate(unsigned long)+0x70
V  [libjvm.so+0xa7a8b7]  VM_ParallelGCFailedAllocation::doit()+0x97
V  [libjvm.so+0xa81fd5]  VM_Operation::evaluate()+0x55
V  [libjvm.so+0xa803aa]  VMThread::evaluate_operation(VM_Operation*)+0xba
V  [libjvm.so+0xa8072e]  VMThread::loop()+0x1ce
V  [libjvm.so+0xa80ba0]  VMThread::run()+0x70
V  [libjvm.so+0x8e7d48]  java_start(Thread*)+0x108

VM_Operation (0x00007ff891a7dba0): ParallelGCFailedAllocation, mode: safepoint, requested by thread 0x00007ff88800a800


---------------  P R O C E S S  ---------------

Java Threads: ( => current thread )
  0x00007ff8380eb000 JavaThread "Keep-Alive-Timer" daemon [_thread_blocked, id=2176, stack(0x00007ff8734a1000,0x00007ff8735a2000)]
  0x00007ff838076800 JavaThread "Timer-0" daemon [_thread_blocked, id=2175, stack(0x00007ff873dfe000,0x00007ff873eff000)]
  0x00007ff8880b3800 JavaThread "Service Thread" daemon [_thread_blocked, id=2153, stack(0x00007ff87852f000,0x00007ff878630000)]
  0x00007ff8880b1000 JavaThread "C1 CompilerThread2" daemon [_thread_blocked, id=2152, stack(0x00007ff878630000,0x00007ff878731000)]
  0x00007ff8880af000 JavaThread "C2 CompilerThread1" daemon [_thread_blocked, id=2151, stack(0x00007ff878731000,0x00007ff878832000)]
  0x00007ff8880ac000 JavaThread "C2 CompilerThread0" daemon [_thread_blocked, id=2150, stack(0x00007ff878832000,0x00007ff878933000)]
  0x00007ff8880aa000 JavaThread "Signal Dispatcher" daemon [_thread_blocked, id=2149, stack(0x00007ff878933000,0x00007ff878a34000)]
  0x00007ff88807c800 JavaThread "Finalizer" daemon [_thread_blocked, id=2148, stack(0x00007ff878cfd000,0x00007ff878dfe000)]
  0x00007ff88807a800 JavaThread "Reference Handler" daemon [_thread_blocked, id=2147, stack(0x00007ff878dfe000,0x00007ff878eff000)]
  0x00007ff88800a800 JavaThread "main" [_thread_blocked, id=2140, stack(0x00007ff89197f000,0x00007ff891a80000)]

Other Threads:
=>0x00007ff888073800 VMThread [stack: 0x00007ff878eff000,0x00007ff879000000] [id=2146]
  0x00007ff8880ba800 WatcherThread [stack: 0x00007ff87842e000,0x00007ff87852f000] [id=2154]

VM state:at safepoint (normal execution)

VM Mutex/Monitor currently owned by a thread:  ([mutex/lock_event])
[0x00007ff888006330] ExpandHeap_lock - owner thread: 0x00007ff888073800
[0x00007ff8880069b0] Threads_lock - owner thread: 0x00007ff888073800
[0x00007ff888006eb0] Heap_lock - owner thread: 0x00007ff88800a800

Heap:
 PSYoungGen      total 69120K, used 9681K [0x00000000fab00000, 0x0000000100000000, 0x0000000100000000)
  eden space 51200K, 0% used [0x00000000fab00000,0x00000000fab00000,0x00000000fdd00000)
  from space 17920K, 54% used [0x00000000fdd00000,0x00000000fe674538,0x00000000fee80000)
  to   space 17920K, 0% used [0x00000000fee80000,0x00000000fee80000,0x0000000100000000)
 ParOldGen       total 45056K, used 44713K [0x00000000f0000000, 0x00000000f2c00000, 0x00000000fab00000)
  object space 45056K, 99% used [0x00000000f0000000,0x00000000f2baa690,0x00000000f2c00000)
 Metaspace       used 12432K, capacity 12706K, committed 12800K, reserved 1060864K
  class space    used 1422K, capacity 1491K, committed 1536K, reserved 1048576K

Card table byte_map: [0x00007ff8918fe000,0x00007ff89197f000] byte_map_base: 0x00007ff89117e000

Marking Bits: (ParMarkBitMap*) 0x00007ff890e612c0
 Begin Bits: [0x00007ff88dbad000, 0x00007ff88dfad000)
 End Bits:   [0x00007ff88dfad000, 0x00007ff88e3ad000)

Polling page: 0x00007ff891aa1000

CodeCache: size=245760Kb used=6089Kb max_used=6089Kb free=239670Kb
 bounds [0x00007ff879000000, 0x00007ff879600000, 0x00007ff888000000]
 total_blobs=2040 nmethods=1722 adapters=233
 compilation: enabled

Compilation events (10 events):
Event: 3.929 Thread 0x00007ff8880b1000 nmethod 1722 0x00007ff8795f3550 code [0x00007ff8795f36c0, 0x00007ff8795f38e8]
Event: 3.929 Thread 0x00007ff8880b1000 1723       3       java.nio.Bits::byteOrder (20 bytes)
Event: 3.930 Thread 0x00007ff8880b1000 nmethod 1723 0x00007ff8795f3210 code [0x00007ff8795f3380, 0x00007ff8795f34d0]
Event: 3.931 Thread 0x00007ff8880b1000 1724       3       java.lang.String::<init> (38 bytes)
Event: 3.931 Thread 0x00007ff8880b1000 nmethod 1724 0x00007ff8795f2bd0 code [0x00007ff8795f2d60, 0x00007ff8795f30a8]
Event: 3.932 Thread 0x00007ff8880b1000 1725   !   3       java.lang.StringCoding::decode (120 bytes)
Event: 3.933 Thread 0x00007ff8880b1000 nmethod 1725 0x00007ff8795f5750 code [0x00007ff8795f5aa0, 0x00007ff8795f74d8]
Event: 3.933 Thread 0x00007ff8880b1000 1727       1       java.util.HashMap::afterNodeAccess (1 bytes)
Event: 3.933 Thread 0x00007ff8880b1000 nmethod 1727 0x00007ff8795f2910 code [0x00007ff8795f2a60, 0x00007ff8795f2b70]
Event: 3.933 Thread 0x00007ff8880b1000 1726       3       java.security.Provider$ServiceKey::equals (55 bytes)

GC Heap History (10 events):
Event: 1.455 GC heap after
Heap after GC invocations=3 (full 0):
 PSYoungGen      total 18432K, used 2552K [0x00000000fab00000, 0x00000000fcf00000, 0x0000000100000000)
  eden space 15872K, 0% used [0x00000000fab00000,0x00000000fab00000,0x00000000fba80000)
  from space 2560K, 99% used [0x00000000fba80000,0x00000000fbcfe030,0x00000000fbd00000)
  to   space 2560K, 0% used [0x00000000fcc80000,0x00000000fcc80000,0x00000000fcf00000)
 ParOldGen       total 42496K, used 5549K [0x00000000f0000000, 0x00000000f2980000, 0x00000000fab00000)
  object space 42496K, 13% used [0x00000000f0000000,0x00000000f056b568,0x00000000f2980000)
 Metaspace       used 10404K, capacity 10752K, committed 11008K, reserved 1058816K
  class space    used 1180K, capacity 1256K, committed 1280K, reserved 1048576K
}
Event: 1.995 GC heap before
{Heap before GC invocations=4 (full 0):
 PSYoungGen      total 18432K, used 18424K [0x00000000fab00000, 0x00000000fcf00000, 0x0000000100000000)
  eden space 15872K, 100% used [0x00000000fab00000,0x00000000fba80000,0x00000000fba80000)
  from space 2560K, 99% used [0x00000000fba80000,0x00000000fbcfe030,0x00000000fbd00000)
  to   space 2560K, 0% used [0x00000000fcc80000,0x00000000fcc80000,0x00000000fcf00000)
 ParOldGen       total 42496K, used 5549K [0x00000000f0000000, 0x00000000f2980000, 0x00000000fab00000)
  object space 42496K, 13% used [0x00000000f0000000,0x00000000f056b568,0x00000000f2980000)
 Metaspace       used 10422K, capacity 10770K, committed 11008K, reserved 1058816K
  class space    used 1182K, capacity 1259K, committed 1280K, reserved 1048576K
Event: 2.390 GC heap after
Heap after GC invocations=4 (full 0):
 PSYoungGen      total 34304K, used 2528K [0x00000000fab00000, 0x00000000fcf00000, 0x0000000100000000)
  eden space 31744K, 0% used [0x00000000fab00000,0x00000000fab00000,0x00000000fca00000)
  from space 2560K, 98% used [0x00000000fcc80000,0x00000000fcef8040,0x00000000fcf00000)
  to   space 2560K, 0% used [0x00000000fca00000,0x00000000fca00000,0x00000000fcc80000)
 ParOldGen       total 42496K, used 10741K [0x00000000f0000000, 0x00000000f2980000, 0x00000000fab00000)
  object space 42496K, 25% used [0x00000000f0000000,0x00000000f0a7d598,0x00000000f2980000)
 Metaspace       used 10422K, capacity 10770K, committed 11008K, reserved 1058816K
  class space    used 1182K, capacity 1259K, committed 1280K, reserved 1048576K
}
Event: 2.860 GC heap before
{Heap before GC invocations=5 (full 0):
 PSYoungGen      total 34304K, used 34272K [0x00000000fab00000, 0x00000000fcf00000, 0x0000000100000000)
  eden space 31744K, 100% used [0x00000000fab00000,0x00000000fca00000,0x00000000fca00000)
  from space 2560K, 98% used [0x00000000fcc80000,0x00000000fcef8040,0x00000000fcf00000)
  to   space 2560K, 0% used [0x00000000fca00000,0x00000000fca00000,0x00000000fcc80000)
 ParOldGen       total 42496K, used 10741K [0x00000000f0000000, 0x00000000f2980000, 0x00000000fab00000)
  object space 42496K, 25% used [0x00000000f0000000,0x00000000f0a7d598,0x00000000f2980000)
 Metaspace       used 10463K, capacity 10812K, committed 11008K, reserved 1058816K
  class space    used 1188K, capacity 1266K, committed 1280K, reserved 1048576K
Event: 2.990 GC heap after
Heap after GC invocations=5 (full 0):
 PSYoungGen      total 34304K, used 2544K [0x00000000fab00000, 0x0000000100000000, 0x0000000100000000)
  eden space 31744K, 0% used [0x00000000fab00000,0x00000000fab00000,0x00000000fca00000)
  from space 2560K, 99% used [0x00000000fca00000,0x00000000fcc7c040,0x00000000fcc80000)
  to   space 14336K, 0% used [0x00000000ff200000,0x00000000ff200000,0x0000000100000000)
 ParOldGen       total 42496K, used 21766K [0x00000000f0000000, 0x00000000f2980000, 0x00000000fab00000)
  object space 42496K, 51% used [0x00000000f0000000,0x00000000f1541920,0x00000000f2980000)
 Metaspace       used 10463K, capacity 10812K, committed 11008K, reserved 1058816K
  class space    used 1188K, capacity 1266K, committed 1280K, reserved 1048576K
}
Event: 3.398 GC heap before
{Heap before GC invocations=6 (full 0):
 PSYoungGen      total 34304K, used 34288K [0x00000000fab00000, 0x0000000100000000, 0x0000000100000000)
  eden space 31744K, 100% used [0x00000000fab00000,0x00000000fca00000,0x00000000fca00000)
  from space 2560K, 99% used [0x00000000fca00000,0x00000000fcc7c040,0x00000000fcc80000)
  to   space 14336K, 0% used [0x00000000ff200000,0x00000000ff200000,0x0000000100000000)
 ParOldGen       total 42496K, used 21766K [0x00000000f0000000, 0x00000000f2980000, 0x00000000fab00000)
  object space 42496K, 51% used [0x00000000f0000000,0x00000000f1541920,0x00000000f2980000)
 Metaspace       used 11546K, capacity 11868K, committed 12160K, reserved 1060864K
  class space    used 1302K, capacity 1362K, committed 1408K, reserved 1048576K
Event: 3.587 GC heap after
Heap after GC invocations=6 (full 0):
 PSYoungGen      total 65536K, used 14320K [0x00000000fab00000, 0x0000000100000000, 0x0000000100000000)
  eden space 51200K, 0% used [0x00000000fab00000,0x00000000fab00000,0x00000000fdd00000)
  from space 14336K, 99% used [0x00000000ff200000,0x00000000ffffc070,0x0000000100000000)
  to   space 17920K, 0% used [0x00000000fdd00000,0x00000000fdd00000,0x00000000fee80000)
 ParOldGen       total 42496K, used 22783K [0x00000000f0000000, 0x00000000f2980000, 0x00000000fab00000)
  object space 42496K, 53% used [0x00000000f0000000,0x00000000f163ffc8,0x00000000f2980000)
 Metaspace       used 11546K, capacity 11868K, committed 12160K, reserved 1060864K
  class space    used 1302K, capacity 1362K, committed 1408K, reserved 1048576K
}
Event: 3.933 GC heap before
{Heap before GC invocations=7 (full 0):
 PSYoungGen      total 65536K, used 65520K [0x00000000fab00000, 0x0000000100000000, 0x0000000100000000)
  eden space 51200K, 100% used [0x00000000fab00000,0x00000000fdd00000,0x00000000fdd00000)
  from space 14336K, 99% used [0x00000000ff200000,0x00000000ffffc070,0x0000000100000000)
  to   space 17920K, 0% used [0x00000000fdd00000,0x00000000fdd00000,0x00000000fee80000)
 ParOldGen       total 42496K, used 22783K [0x00000000f0000000, 0x00000000f2980000, 0x00000000fab00000)
  object space 42496K, 53% used [0x00000000f0000000,0x00000000f163ffc8,0x00000000f2980000)
 Metaspace       used 12432K, capacity 12706K, committed 12800K, reserved 1060864K
  class space    used 1422K, capacity 1491K, committed 1536K, reserved 1048576K
Event: 4.975 GC heap after
Heap after GC invocations=7 (full 0):
 PSYoungGen      total 69120K, used 17888K [0x00000000fab00000, 0x0000000100000000, 0x0000000100000000)
  eden space 51200K, 0% used [0x00000000fab00000,0x00000000fab00000,0x00000000fdd00000)
  from space 17920K, 99% used [0x00000000fdd00000,0x00000000fee78060,0x00000000fee80000)
  to   space 17920K, 0% used [0x00000000fee80000,0x00000000fee80000,0x0000000100000000)
 ParOldGen       total 45056K, used 44943K [0x00000000f0000000, 0x00000000f2c00000, 0x00000000fab00000)
  object space 45056K, 99% used [0x00000000f0000000,0x00000000f2be3da8,0x00000000f2c00000)
 Metaspace       used 12432K, capacity 12706K, committed 12800K, reserved 1060864K
  class space    used 1422K, capacity 1491K, committed 1536K, reserved 1048576K
}
Event: 4.978 GC heap before
{Heap before GC invocations=8 (full 1):
 PSYoungGen      total 69120K, used 17888K [0x00000000fab00000, 0x0000000100000000, 0x0000000100000000)
  eden space 51200K, 0% used [0x00000000fab00000,0x00000000fab00000,0x00000000fdd00000)
  from space 17920K, 99% used [0x00000000fdd00000,0x00000000fee78060,0x00000000fee80000)
  to   space 17920K, 0% used [0x00000000fee80000,0x00000000fee80000,0x0000000100000000)
 ParOldGen       total 45056K, used 44943K [0x00000000f0000000, 0x00000000f2c00000, 0x00000000fab00000)
  object space 45056K, 99% used [0x00000000f0000000,0x00000000f2be3da8,0x00000000f2c00000)
 Metaspace       used 12432K, capacity 12706K, committed 12800K, reserved 1060864K
  class space    used 1422K, capacity 1491K, committed 1536K, reserved 1048576K

Deoptimization events (10 events):
Event: 3.299 Thread 0x00007ff88800a800 Uncommon trap: reason=unreached action=reinterpret pc=0x00007ff87936defc method=java.util.zip.ZipCoder.decoder()Ljava/nio/charset/CharsetDecoder; @ 4
Event: 3.338 Thread 0x00007ff88800a800 Uncommon trap: reason=class_check action=maybe_recompile pc=0x00007ff87955d598 method=com.google.gwt.dev.util.collect.HashMap.getKeyIndex(Ljava/lang/Object;)I @ 2
Event: 3.338 Thread 0x00007ff88800a800 Uncommon trap: reason=class_check action=maybe_recompile pc=0x00007ff87955d598 method=com.google.gwt.dev.util.collect.HashMap.getKeyIndex(Ljava/lang/Object;)I @ 2
Event: 3.338 Thread 0x00007ff88800a800 Uncommon trap: reason=class_check action=maybe_recompile pc=0x00007ff87955d598 method=com.google.gwt.dev.util.collect.HashMap.getKeyIndex(Ljava/lang/Object;)I @ 2
Event: 3.338 Thread 0x00007ff88800a800 Uncommon trap: reason=class_check action=maybe_recompile pc=0x00007ff87955d598 method=com.google.gwt.dev.util.collect.HashMap.getKeyIndex(Ljava/lang/Object;)I @ 2
Event: 3.604 Thread 0x00007ff88800a800 Uncommon trap: reason=speculate_class_check action=maybe_recompile pc=0x00007ff8795997a8 method=com.google.gwt.dev.util.collect.HashMap.getKeyIndex(Ljava/lang/Object;)I @ 2
Event: 3.624 Thread 0x00007ff88800a800 Uncommon trap: reason=unreached action=reinterpret pc=0x00007ff87933e2b8 method=java.util.HashMap.putVal(ILjava/lang/Object;Ljava/lang/Object;ZZ)Ljava/lang/Object; @ 193
Event: 3.624 Thread 0x00007ff88800a800 Uncommon trap: reason=unreached action=reinterpret pc=0x00007ff879277cf0 method=java.util.HashMap.putVal(ILjava/lang/Object;Ljava/lang/Object;ZZ)Ljava/lang/Object; @ 193
Event: 3.709 Thread 0x00007ff88800a800 Uncommon trap: reason=unreached action=reinterpret pc=0x00007ff8795ac070 method=com.google.gwt.dev.resource.impl.DefaultFilters$FilterFileType.matches(Ljava/lang/String;)Z @ 4
Event: 3.881 Thread 0x00007ff88800a800 Uncommon trap: reason=unreached action=reinterpret pc=0x00007ff8793b3af0 method=java.util.HashMap.putVal(ILjava/lang/Object;Ljava/lang/Object;ZZ)Ljava/lang/Object; @ 193

Internal exceptions (10 events):
Event: 3.850 Thread 0x00007ff88800a800 Exception <a 'java/security/PrivilegedActionException'> (0x00000000fd848da0) thrown at [/HUDSON/workspace/8-2-build-linux-amd64/jdk8u25/1514/hotspot/src/share/vm/prims/jvm.cpp, line 1312]
Event: 3.850 Thread 0x00007ff88800a800 Exception <a 'java/security/PrivilegedActionException'> (0x00000000fd84ef50) thrown at [/HUDSON/workspace/8-2-build-linux-amd64/jdk8u25/1514/hotspot/src/share/vm/prims/jvm.cpp, line 1312]
Event: 3.851 Thread 0x00007ff88800a800 Exception <a 'java/security/PrivilegedActionException'> (0x00000000fd854770) thrown at [/HUDSON/workspace/8-2-build-linux-amd64/jdk8u25/1514/hotspot/src/share/vm/prims/jvm.cpp, line 1312]
Event: 3.851 Thread 0x00007ff88800a800 Exception <a 'java/security/PrivilegedActionException'> (0x00000000fd85a718) thrown at [/HUDSON/workspace/8-2-build-linux-amd64/jdk8u25/1514/hotspot/src/share/vm/prims/jvm.cpp, line 1312]
Event: 3.851 Thread 0x00007ff88800a800 Exception <a 'java/security/PrivilegedActionException'> (0x00000000fd8614d0) thrown at [/HUDSON/workspace/8-2-build-linux-amd64/jdk8u25/1514/hotspot/src/share/vm/prims/jvm.cpp, line 1312]
Event: 3.853 Thread 0x00007ff88800a800 Exception <a 'java/security/PrivilegedActionException'> (0x00000000fd864248) thrown at [/HUDSON/workspace/8-2-build-linux-amd64/jdk8u25/1514/hotspot/src/share/vm/prims/jvm.cpp, line 1312]
Event: 3.853 Thread 0x00007ff88800a800 Exception <a 'java/security/PrivilegedActionException'> (0x00000000fd867090) thrown at [/HUDSON/workspace/8-2-build-linux-amd64/jdk8u25/1514/hotspot/src/share/vm/prims/jvm.cpp, line 1312]
Event: 3.853 Thread 0x00007ff88800a800 Exception <a 'java/security/PrivilegedActionException'> (0x00000000fd869d38) thrown at [/HUDSON/workspace/8-2-build-linux-amd64/jdk8u25/1514/hotspot/src/share/vm/prims/jvm.cpp, line 1312]
Event: 3.853 Thread 0x00007ff88800a800 Exception <a 'java/security/PrivilegedActionException'> (0x00000000fd86cc78) thrown at [/HUDSON/workspace/8-2-build-linux-amd64/jdk8u25/1514/hotspot/src/share/vm/prims/jvm.cpp, line 1312]
Event: 3.857 Thread 0x00007ff88800a800 Exception <a 'java/security/PrivilegedActionException'> (0x00000000fd871598) thrown at [/HUDSON/workspace/8-2-build-linux-amd64/jdk8u25/1514/hotspot/src/share/vm/prims/jvm.cpp, line 1312]

Events (10 events):
Event: 3.853 loading class com/google/gwt/core/ext/typeinfo/JParameter
Event: 3.853 loading class com/google/gwt/core/ext/typeinfo/JParameter done
Event: 3.854 loading class sun/security/provider/MD5
Event: 3.856 loading class sun/security/provider/MD5 done
Event: 3.857 loading class com/google/gwt/util/tools/shared/StringUtils
Event: 3.857 loading class com/google/gwt/util/tools/shared/StringUtils done
Event: 3.881 Thread 0x00007ff88800a800 Uncommon trap: trap_request=0xffffffad fr.pc=0x00007ff8793b3af0
Event: 3.882 Thread 0x00007ff88800a800 DEOPT PACKING pc=0x00007ff8793b3af0 sp=0x00007ff891a7e030
Event: 3.882 Thread 0x00007ff88800a800 DEOPT UNPACKING pc=0x00007ff879004f69 sp=0x00007ff891a7df00 mode 2
Event: 3.933 Executing VM operation: ParallelGCFailedAllocation


Dynamic libraries:
00400000-00401000 r-xp 00000000 08:01 28954                              /opt/electriccloud/electriccommander/jre/bin/java
00600000-00601000 rw-p 00000000 08:01 28954                              /opt/electriccloud/electriccommander/jre/bin/java
01da7000-01dc8000 rw-p 00000000 00:00 0                                  [heap]
f0000000-f2c00000 rw-p 00000000 00:00 0 
f5100000-fab00000 ---p 00000000 00:00 0 
fab00000-100000000 rw-p 00000000 00:00 0 
100000000-100180000 rw-p 00000000 00:00 0 
100180000-140000000 ---p 00000000 00:00 0 
7ff82c000000-7ff82c021000 rw-p 00000000 00:00 0 
7ff82c021000-7ff830000000 ---p 00000000 00:00 0 
7ff830000000-7ff830021000 rw-p 00000000 00:00 0 
7ff830021000-7ff834000000 ---p 00000000 00:00 0 
7ff834000000-7ff834021000 rw-p 00000000 00:00 0 
7ff834021000-7ff838000000 ---p 00000000 00:00 0 
7ff838000000-7ff83811e000 rw-p 00000000 00:00 0 
7ff83811e000-7ff83c000000 ---p 00000000 00:00 0 
7ff83c000000-7ff83c48e000 rw-p 00000000 00:00 0 
7ff83c48e000-7ff840000000 ---p 00000000 00:00 0 
7ff840000000-7ff840021000 rw-p 00000000 00:00 0 
7ff840021000-7ff844000000 ---p 00000000 00:00 0 
7ff844000000-7ff844f54000 rw-p 00000000 00:00 0 
7ff844f54000-7ff848000000 ---p 00000000 00:00 0 
7ff848000000-7ff849504000 rw-p 00000000 00:00 0 
7ff849504000-7ff84c000000 ---p 00000000 00:00 0 
7ff84c000000-7ff84c021000 rw-p 00000000 00:00 0 
7ff84c021000-7ff850000000 ---p 00000000 00:00 0 
7ff850000000-7ff850021000 rw-p 00000000 00:00 0 
7ff850021000-7ff854000000 ---p 00000000 00:00 0 
7ff854000000-7ff8542f1000 rw-p 00000000 00:00 0 
7ff8542f1000-7ff858000000 ---p 00000000 00:00 0 
7ff858000000-7ff858021000 rw-p 00000000 00:00 0 
7ff858021000-7ff85c000000 ---p 00000000 00:00 0 
7ff85c000000-7ff85c021000 rw-p 00000000 00:00 0 
7ff85c021000-7ff860000000 ---p 00000000 00:00 0 
7ff864000000-7ff864021000 rw-p 00000000 00:00 0 
7ff864021000-7ff868000000 ---p 00000000 00:00 0 
7ff86c000000-7ff86c021000 rw-p 00000000 00:00 0 
7ff86c021000-7ff870000000 ---p 00000000 00:00 0 
7ff872933000-7ff872a33000 rw-p 00000000 00:00 0 
7ff872a33000-7ff872b33000 ---p 00000000 00:00 0 
7ff872b33000-7ff872b3a000 r-xp 00000000 08:01 29031                      /opt/electriccloud/electriccommander/jre/lib/amd64/libawt_headless.so
7ff872b3a000-7ff872d39000 ---p 00007000 08:01 29031                      /opt/electriccloud/electriccommander/jre/lib/amd64/libawt_headless.so
7ff872d39000-7ff872d3a000 rw-p 00006000 08:01 29031                      /opt/electriccloud/electriccommander/jre/lib/amd64/libawt_headless.so
7ff872d3a000-7ff872ddc000 r-xp 00000000 08:01 29030                      /opt/electriccloud/electriccommander/jre/lib/amd64/libawt.so
7ff872ddc000-7ff872fdc000 ---p 000a2000 08:01 29030                      /opt/electriccloud/electriccommander/jre/lib/amd64/libawt.so
7ff872fdc000-7ff872fe8000 rw-p 000a2000 08:01 29030                      /opt/electriccloud/electriccommander/jre/lib/amd64/libawt.so
7ff872fe8000-7ff87300c000 rw-p 00000000 00:00 0 
7ff87300c000-7ff873014000 r-xp 00000000 08:01 29078                      /opt/electriccloud/electriccommander/jre/lib/amd64/libmanagement.so
7ff873014000-7ff873214000 ---p 00008000 08:01 29078                      /opt/electriccloud/electriccommander/jre/lib/amd64/libmanagement.so
7ff873214000-7ff873215000 rw-p 00008000 08:01 29078                      /opt/electriccloud/electriccommander/jre/lib/amd64/libmanagement.so
7ff873215000-7ff873415000 rw-p 00000000 00:00 0 
7ff873415000-7ff8734a1000 r--s 00fea000 08:01 29263                      /opt/electriccloud/electriccommander/jre/lib/ext/jfxrt.jar
7ff8734a1000-7ff8734a4000 ---p 00000000 00:00 0 
7ff8734a4000-7ff8735a2000 rw-p 00000000 00:00 0 
7ff8735a2000-7ff8735ba000 r-xp 00000000 08:01 666278                     /lib/x86_64-linux-gnu/libresolv-2.15.so
7ff8735ba000-7ff8737ba000 ---p 00018000 08:01 666278                     /lib/x86_64-linux-gnu/libresolv-2.15.so
7ff8737ba000-7ff8737bb000 r--p 00018000 08:01 666278                     /lib/x86_64-linux-gnu/libresolv-2.15.so
7ff8737bb000-7ff8737bc000 rw-p 00019000 08:01 666278                     /lib/x86_64-linux-gnu/libresolv-2.15.so
7ff8737bc000-7ff8737be000 rw-p 00000000 00:00 0 
7ff8737be000-7ff8737c5000 r-xp 00000000 08:01 666279                     /lib/x86_64-linux-gnu/libnss_dns-2.15.so
7ff8737c5000-7ff8739c4000 ---p 00007000 08:01 666279                     /lib/x86_64-linux-gnu/libnss_dns-2.15.so
7ff8739c4000-7ff8739c5000 r--p 00006000 08:01 666279                     /lib/x86_64-linux-gnu/libnss_dns-2.15.so
7ff8739c5000-7ff8739c6000 rw-p 00007000 08:01 666279                     /lib/x86_64-linux-gnu/libnss_dns-2.15.so
7ff8739c6000-7ff8739c8000 r-xp 00000000 08:01 8389                       /lib/libnss_mdns4_minimal.so.2
7ff8739c8000-7ff873bc7000 ---p 00002000 08:01 8389                       /lib/libnss_mdns4_minimal.so.2
7ff873bc7000-7ff873bc8000 r--p 00001000 08:01 8389                       /lib/libnss_mdns4_minimal.so.2
7ff873bc8000-7ff873bc9000 rw-p 00002000 08:01 8389                       /lib/libnss_mdns4_minimal.so.2
7ff873bdc000-7ff873bdd000 rw-p 00000000 00:00 0 
7ff873bdd000-7ff873be1000 r--s 00093000 08:01 29007                      /opt/electriccloud/electriccommander/jre/lib/jsse.jar
7ff873be1000-7ff873be3000 r--s 00001000 08:01 29262                      /opt/electriccloud/electriccommander/jre/lib/ext/dnsns.jar
7ff873be3000-7ff873be6000 r--s 0003a000 08:01 29271                      /opt/electriccloud/electriccommander/jre/lib/ext/sunpkcs11.jar
7ff873be6000-7ff873be7000 r--s 00009000 08:01 29268                      /opt/electriccloud/electriccommander/jre/lib/ext/sunec.jar
7ff873be7000-7ff873bfd000 r-xp 00000000 08:01 29080                      /opt/electriccloud/electriccommander/jre/lib/amd64/libnet.so
7ff873bfd000-7ff873dfd000 ---p 00016000 08:01 29080                      /opt/electriccloud/electriccommander/jre/lib/amd64/libnet.so
7ff873dfd000-7ff873dfe000 rw-p 00016000 08:01 29080                      /opt/electriccloud/electriccommander/jre/lib/amd64/libnet.so
7ff873dfe000-7ff873e01000 ---p 00000000 00:00 0 
7ff873e01000-7ff873eff000 rw-p 00000000 00:00 0 
7ff873eff000-7ff873f02000 ---p 00000000 00:00 0 
7ff873f02000-7ff874000000 rw-p 00000000 00:00 0 
7ff874000000-7ff874021000 rw-p 00000000 00:00 0 
7ff874021000-7ff878000000 ---p 00000000 00:00 0 
7ff878000000-7ff878017000 r--s 00175000 08:01 29267                      /opt/electriccloud/electriccommander/jre/lib/ext/nashorn.jar
7ff878017000-7ff87801c000 r--s 0003f000 08:01 29270                      /opt/electriccloud/electriccommander/jre/lib/ext/sunjce_provider.jar
7ff87801c000-7ff878038000 r--s 00393000 08:01 29260                      /opt/electriccloud/electriccommander/jre/lib/ext/cldrdata.jar
7ff878038000-7ff878042000 r--s 00116000 08:01 29264                      /opt/electriccloud/electriccommander/jre/lib/ext/localedata.jar
7ff878042000-7ff878090000 r--s 0020a000 08:01 22411                      /opt/electriccloud/electriccommander/utils/commander-client.jar
7ff878090000-7ff87809d000 r--s 00073000 08:01 32137                      /opt/electriccloud/CommanderSDK/lib/ec-gwt.jar
7ff87809d000-7ff87809e000 r--s 00000000 08:01 32143                      /opt/electriccloud/CommanderSDK/lib/jcip-annotations.jar
7ff87809e000-7ff8780a0000 r--s 00004000 08:01 32134                      /opt/electriccloud/CommanderSDK/lib/annotations.jar
7ff8780a0000-7ff8780ac000 r--s 000b2000 08:01 32139                      /opt/electriccloud/CommanderSDK/lib/guava-gwt.jar
7ff8780ac000-7ff8780d5000 r--s 001ee000 08:01 32138                      /opt/electriccloud/CommanderSDK/lib/guava.jar
7ff8780d5000-7ff87811d000 rw-p 00000000 00:00 0 
7ff87811d000-7ff8782e0000 r--s 01df0000 08:01 32140                      /opt/electriccloud/CommanderSDK/lib/gwt-dev.jar
7ff8782e0000-7ff878308000 rw-p 00000000 00:00 0 
7ff878308000-7ff87840d000 r--s 01a51000 08:01 32142                      /opt/electriccloud/CommanderSDK/lib/gwt-user.jar
7ff87840d000-7ff87840f000 r--s 00003000 08:01 33369                      /opt/electriccloud/electriccommander/plugins/EC-Admin-2.12.1.304/lib5/annotations.jar
7ff87840f000-7ff87841e000 r--s 0009a000 08:01 33373                      /opt/electriccloud/electriccommander/plugins/EC-Admin-2.12.1.304/lib5/guice.jar
7ff87841e000-7ff87842e000 r--s 00087000 08:01 33374                      /opt/electriccloud/electriccommander/plugins/EC-Admin-2.12.1.304/lib5/gwtp-all-0.8-PATCH5.jar
7ff87842e000-7ff87842f000 ---p 00000000 00:00 0 
7ff87842f000-7ff87852f000 rw-p 00000000 00:00 0 
7ff87852f000-7ff878532000 ---p 00000000 00:00 0 
7ff878532000-7ff878630000 rw-p 00000000 00:00 0 
7ff878630000-7ff878633000 ---p 00000000 00:00 0 
7ff878633000-7ff878731000 rw-p 00000000 00:00 0 
7ff878731000-7ff878734000 ---p 00000000 00:00 0 
7ff878734000-7ff878832000 rw-p 00000000 00:00 0 
7ff878832000-7ff878835000 ---p 00000000 00:00 0 
7ff878835000-7ff878933000 rw-p 00000000 00:00 0 
7ff878933000-7ff878936000 ---p 00000000 00:00 0 
7ff878936000-7ff878a34000 rw-p 00000000 00:00 0 
7ff878a34000-7ff878cfd000 r--p 00000000 08:01 161003                     /usr/lib/locale/locale-archive
7ff878cfd000-7ff878d00000 ---p 00000000 00:00 0 
7ff878d00000-7ff878dfe000 rw-p 00000000 00:00 0 
7ff878dfe000-7ff878e01000 ---p 00000000 00:00 0 
7ff878e01000-7ff878eff000 rw-p 00000000 00:00 0 
7ff878eff000-7ff878f00000 ---p 00000000 00:00 0 
7ff878f00000-7ff879000000 rw-p 00000000 00:00 0 
7ff879000000-7ff879600000 rwxp 00000000 00:00 0 
7ff879600000-7ff888000000 ---p 00000000 00:00 0 
7ff888000000-7ff8884e3000 rw-p 00000000 00:00 0 
7ff8884e3000-7ff88c000000 ---p 00000000 00:00 0 
7ff88c000000-7ff88c002000 r--s 0000e000 08:01 32146                      /opt/electriccloud/CommanderSDK/lib/validation-api-1.0.0.GA-sources.jar
7ff88c002000-7ff88c005000 r--s 00009000 08:01 32145                      /opt/electriccloud/CommanderSDK/lib/validation-api-1.0.0.GA.jar
7ff88c005000-7ff88c00d000 r--s 00044000 08:01 33371                      /opt/electriccloud/electriccommander/plugins/EC-Admin-2.12.1.304/lib5/gin-2.1.1.jar
7ff88c00d000-7ff88c05b000 r--s 0020a000 08:01 32350                      /opt/electriccloud/CommanderSDK/lib/commander-client.jar
7ff88c05b000-7ff88d05e000 rw-p 00000000 00:00 0 
7ff88d05e000-7ff88d234000 r--s 03caa000 08:01 29020                      /opt/electriccloud/electriccommander/jre/lib/rt.jar
7ff88d234000-7ff88e3ad000 rw-p 00000000 00:00 0 
7ff88e3ad000-7ff88e3ae000 ---p 00000000 00:00 0 
7ff88e3ae000-7ff88e4ae000 rw-p 00000000 00:00 0 
7ff88e4ae000-7ff88e4af000 ---p 00000000 00:00 0 
7ff88e4af000-7ff88e5af000 rw-p 00000000 00:00 0 
7ff88e5af000-7ff88e5b0000 ---p 00000000 00:00 0 
7ff88e5b0000-7ff88e6b0000 rw-p 00000000 00:00 0 
7ff88e6b0000-7ff88e6b1000 ---p 00000000 00:00 0 
7ff88e6b1000-7ff88e7c9000 rw-p 00000000 00:00 0 
7ff88e7c9000-7ff88eb71000 ---p 00000000 00:00 0 
7ff88eb71000-7ff88eb8b000 r-xp 00000000 08:01 29099                      /opt/electriccloud/electriccommander/jre/lib/amd64/libzip.so
7ff88eb8b000-7ff88ed8b000 ---p 0001a000 08:01 29099                      /opt/electriccloud/electriccommander/jre/lib/amd64/libzip.so
7ff88ed8b000-7ff88ed8c000 rw-p 0001a000 08:01 29099                      /opt/electriccloud/electriccommander/jre/lib/amd64/libzip.so
7ff88ed8c000-7ff88ed98000 r-xp 00000000 08:01 666277                     /lib/x86_64-linux-gnu/libnss_files-2.15.so
7ff88ed98000-7ff88ef97000 ---p 0000c000 08:01 666277                     /lib/x86_64-linux-gnu/libnss_files-2.15.so
7ff88ef97000-7ff88ef98000 r--p 0000b000 08:01 666277                     /lib/x86_64-linux-gnu/libnss_files-2.15.so
7ff88ef98000-7ff88ef99000 rw-p 0000c000 08:01 666277                     /lib/x86_64-linux-gnu/libnss_files-2.15.so
7ff88ef99000-7ff88efa3000 r-xp 00000000 08:01 666281                     /lib/x86_64-linux-gnu/libnss_nis-2.15.so
7ff88efa3000-7ff88f1a3000 ---p 0000a000 08:01 666281                     /lib/x86_64-linux-gnu/libnss_nis-2.15.so
7ff88f1a3000-7ff88f1a4000 r--p 0000a000 08:01 666281                     /lib/x86_64-linux-gnu/libnss_nis-2.15.so
7ff88f1a4000-7ff88f1a5000 rw-p 0000b000 08:01 666281                     /lib/x86_64-linux-gnu/libnss_nis-2.15.so
7ff88f1a5000-7ff88f1bc000 r-xp 00000000 08:01 666296                     /lib/x86_64-linux-gnu/libnsl-2.15.so
7ff88f1bc000-7ff88f3bb000 ---p 00017000 08:01 666296                     /lib/x86_64-linux-gnu/libnsl-2.15.so
7ff88f3bb000-7ff88f3bc000 r--p 00016000 08:01 666296                     /lib/x86_64-linux-gnu/libnsl-2.15.so
7ff88f3bc000-7ff88f3bd000 rw-p 00017000 08:01 666296                     /lib/x86_64-linux-gnu/libnsl-2.15.so
7ff88f3bd000-7ff88f3bf000 rw-p 00000000 00:00 0 
7ff88f3bf000-7ff88f3c7000 r-xp 00000000 08:01 666275                     /lib/x86_64-linux-gnu/libnss_compat-2.15.so
7ff88f3c7000-7ff88f5c6000 ---p 00008000 08:01 666275                     /lib/x86_64-linux-gnu/libnss_compat-2.15.so
7ff88f5c6000-7ff88f5c7000 r--p 00007000 08:01 666275                     /lib/x86_64-linux-gnu/libnss_compat-2.15.so
7ff88f5c7000-7ff88f5c8000 rw-p 00008000 08:01 666275                     /lib/x86_64-linux-gnu/libnss_compat-2.15.so
7ff88f5c8000-7ff88f5f2000 r-xp 00000000 08:01 29052                      /opt/electriccloud/electriccommander/jre/lib/amd64/libjava.so
7ff88f5f2000-7ff88f7f2000 ---p 0002a000 08:01 29052                      /opt/electriccloud/electriccommander/jre/lib/amd64/libjava.so
7ff88f7f2000-7ff88f7f4000 rw-p 0002a000 08:01 29052                      /opt/electriccloud/electriccommander/jre/lib/amd64/libjava.so
7ff88f7f4000-7ff88f801000 r-xp 00000000 08:01 29098                      /opt/electriccloud/electriccommander/jre/lib/amd64/libverify.so
7ff88f801000-7ff88fa01000 ---p 0000d000 08:01 29098                      /opt/electriccloud/electriccommander/jre/lib/amd64/libverify.so
7ff88fa01000-7ff88fa03000 rw-p 0000d000 08:01 29098                      /opt/electriccloud/electriccommander/jre/lib/amd64/libverify.so
7ff88fa03000-7ff88fa0a000 r-xp 00000000 08:01 666280                     /lib/x86_64-linux-gnu/librt-2.15.so
7ff88fa0a000-7ff88fc09000 ---p 00007000 08:01 666280                     /lib/x86_64-linux-gnu/librt-2.15.so
7ff88fc09000-7ff88fc0a000 r--p 00006000 08:01 666280                     /lib/x86_64-linux-gnu/librt-2.15.so
7ff88fc0a000-7ff88fc0b000 rw-p 00007000 08:01 666280                     /lib/x86_64-linux-gnu/librt-2.15.so
7ff88fc0b000-7ff88fd06000 r-xp 00000000 08:01 666284                     /lib/x86_64-linux-gnu/libm-2.15.so
7ff88fd06000-7ff88ff05000 ---p 000fb000 08:01 666284                     /lib/x86_64-linux-gnu/libm-2.15.so
7ff88ff05000-7ff88ff06000 r--p 000fa000 08:01 666284                     /lib/x86_64-linux-gnu/libm-2.15.so
7ff88ff06000-7ff88ff07000 rw-p 000fb000 08:01 666284                     /lib/x86_64-linux-gnu/libm-2.15.so
7ff88ff07000-7ff890b74000 r-xp 00000000 08:01 29106                      /opt/electriccloud/electriccommander/jre/lib/amd64/server/libjvm.so
7ff890b74000-7ff890d73000 ---p 00c6d000 08:01 29106                      /opt/electriccloud/electriccommander/jre/lib/amd64/server/libjvm.so
7ff890d73000-7ff890e49000 rw-p 00c6c000 08:01 29106                      /opt/electriccloud/electriccommander/jre/lib/amd64/server/libjvm.so
7ff890e49000-7ff890e8c000 rw-p 00000000 00:00 0 
7ff890e8c000-7ff891041000 r-xp 00000000 08:01 666273                     /lib/x86_64-linux-gnu/libc-2.15.so
7ff891041000-7ff891241000 ---p 001b5000 08:01 666273                     /lib/x86_64-linux-gnu/libc-2.15.so
7ff891241000-7ff891245000 r--p 001b5000 08:01 666273                     /lib/x86_64-linux-gnu/libc-2.15.so
7ff891245000-7ff891247000 rw-p 001b9000 08:01 666273                     /lib/x86_64-linux-gnu/libc-2.15.so
7ff891247000-7ff89124c000 rw-p 00000000 00:00 0 
7ff89124c000-7ff89124e000 r-xp 00000000 08:01 666288                     /lib/x86_64-linux-gnu/libdl-2.15.so
7ff89124e000-7ff89144e000 ---p 00002000 08:01 666288                     /lib/x86_64-linux-gnu/libdl-2.15.so
7ff89144e000-7ff89144f000 r--p 00002000 08:01 666288                     /lib/x86_64-linux-gnu/libdl-2.15.so
7ff89144f000-7ff891450000 rw-p 00003000 08:01 666288                     /lib/x86_64-linux-gnu/libdl-2.15.so
7ff891450000-7ff891465000 r-xp 00000000 08:01 29102                      /opt/electriccloud/electriccommander/jre/lib/amd64/jli/libjli.so
7ff891465000-7ff891664000 ---p 00015000 08:01 29102                      /opt/electriccloud/electriccommander/jre/lib/amd64/jli/libjli.so
7ff891664000-7ff891665000 rw-p 00014000 08:01 29102                      /opt/electriccloud/electriccommander/jre/lib/amd64/jli/libjli.so
7ff891665000-7ff89167d000 r-xp 00000000 08:01 666282                     /lib/x86_64-linux-gnu/libpthread-2.15.so
7ff89167d000-7ff89187c000 ---p 00018000 08:01 666282                     /lib/x86_64-linux-gnu/libpthread-2.15.so
7ff89187c000-7ff89187d000 r--p 00017000 08:01 666282                     /lib/x86_64-linux-gnu/libpthread-2.15.so
7ff89187d000-7ff89187e000 rw-p 00018000 08:01 666282                     /lib/x86_64-linux-gnu/libpthread-2.15.so
7ff89187e000-7ff891882000 rw-p 00000000 00:00 0 
7ff891882000-7ff8918a4000 r-xp 00000000 08:01 666285                     /lib/x86_64-linux-gnu/ld-2.15.so
7ff8918a4000-7ff8918a5000 r--s 00010000 08:01 29272                      /opt/electriccloud/electriccommander/jre/lib/ext/zipfs.jar
7ff8918a5000-7ff8918a7000 r--s 00007000 08:01 33372                      /opt/electriccloud/electriccommander/plugins/EC-Admin-2.12.1.304/lib5/guice-assistedinject.jar
7ff8918a7000-7ff8918a8000 r--s 00000000 08:01 33375                      /opt/electriccloud/electriccommander/plugins/EC-Admin-2.12.1.304/lib5/javax.inject.jar
7ff8918a8000-7ff8918be000 rw-p 00000000 00:00 0 
7ff8918be000-7ff8918fe000 ---p 00000000 00:00 0 
7ff8918fe000-7ff891914000 rw-p 00000000 00:00 0 
7ff891914000-7ff891953000 ---p 00000000 00:00 0 
7ff891953000-7ff89197e000 rw-p 00000000 00:00 0 
7ff89197e000-7ff89197f000 rw-p 00000000 00:00 0 
7ff89197f000-7ff891982000 ---p 00000000 00:00 0 
7ff891982000-7ff891a84000 rw-p 00000000 00:00 0 
7ff891a84000-7ff891a93000 r--s 00096000 08:01 33370                      /opt/electriccloud/electriccommander/plugins/EC-Admin-2.12.1.304/lib5/ec_internal.jar
7ff891a93000-7ff891a98000 rw-p 00000000 00:00 0 
7ff891a98000-7ff891aa0000 rw-s 00000000 08:01 35431                      /tmp/hsperfdata_lrochette/2137
7ff891aa0000-7ff891aa1000 rw-p 00000000 00:00 0 
7ff891aa1000-7ff891aa2000 ---p 00000000 00:00 0 
7ff891aa2000-7ff891aa4000 rw-p 00000000 00:00 0 
7ff891aa4000-7ff891aa5000 r--p 00022000 08:01 666285                     /lib/x86_64-linux-gnu/ld-2.15.so
7ff891aa5000-7ff891aa7000 rw-p 00023000 08:01 666285                     /lib/x86_64-linux-gnu/ld-2.15.so
7fff78bf4000-7fff78c15000 rw-p 00000000 00:00 0                          [stack]
7fff78dc8000-7fff78dc9000 r-xp 00000000 00:00 0                          [vdso]
ffffffffff600000-ffffffffff601000 r-xp 00000000 00:00 0                  [vsyscall]

VM Arguments:
jvm_args: -Xmx256m 
java_command: com.google.gwt.dev.Compiler -war /home/lrochette/GitHub/EC-ShareFile/src/out/gwt-out/htdocs/war -logLevel INFO -style OBF -localWorkers 1 ecplugins.ShareFile.ConfigurationManagement
java_class_path (initial): /opt/electriccloud/CommanderSDK/lib/commander-client.jar:/opt/electriccloud/electriccommander/plugins/EC-Admin-2.12.1.304/lib5/ec_internal.jar:/opt/electriccloud/electriccommander/plugins/EC-Admin-2.12.1.304/lib5/gin-2.1.1.jar:/opt/electriccloud/electriccommander/plugins/EC-Admin-2.12.1.304/lib5/gwtp-all-0.8-PATCH5.jar:/opt/electriccloud/electriccommander/plugins/EC-Admin-2.12.1.304/lib5/javax.inject.jar:/opt/electriccloud/electriccommander/plugins/EC-Admin-2.12.1.304/lib5/guice-assistedinject.jar:/opt/electriccloud/electriccommander/plugins/EC-Admin-2.12.1.304/lib5/guice.jar:/opt/electriccloud/electriccommander/plugins/EC-Admin-2.12.1.304/lib5/annotations.jar:/opt/electriccloud/CommanderSDK/lib/gwt-user.jar:/opt/electriccloud/CommanderSDK/lib/gwt-dev.jar:/opt/electriccloud/CommanderSDK/lib/validation-api-1.0.0.GA.jar:/opt/electriccloud/CommanderSDK/lib/validation-api-1.0.0.GA-sources.jar:/opt/electriccloud/CommanderSDK/lib/guava.jar:/opt/electriccloud/CommanderSDK/lib/guava-gwt.jar:/opt/electriccloud/CommanderSDK/lib/annotations.jar:/opt/electriccloud/CommanderSDK/lib/jcip-annotations.jar:/home/lrochette/GitHub/EC-ShareFile/src/src:/opt/electriccloud/CommanderSDK/lib/ec-gwt.jar:/opt/electriccloud/electriccommander/utils/commander-client.jar
Launcher Type: SUN_STANDARD

Environment Variables:
JAVA_HOME=/opt/electriccloud/electriccommander/jre
PATH=/home/lrochette/com:/home/lrochette/bin:/usr/local/bin:/usr/bin:/bin:/usr/local/games:/usr/games:/opt/electriccloud/electriccommander/bin
SHELL=/bin/bash

Signal Handlers:
SIGSEGV: [libjvm.so+0xa79a80], sa_mask[0]=11111111011111111101111111111110, sa_flags=SA_RESTART|SA_SIGINFO
SIGBUS: [libjvm.so+0xa79a80], sa_mask[0]=11111111011111111101111111111110, sa_flags=SA_RESTART|SA_SIGINFO
SIGFPE: [libjvm.so+0x8e24e0], sa_mask[0]=11111111011111111101111111111110, sa_flags=SA_RESTART|SA_SIGINFO
SIGPIPE: [libjvm.so+0x8e24e0], sa_mask[0]=11111111011111111101111111111110, sa_flags=SA_RESTART|SA_SIGINFO
SIGXFSZ: [libjvm.so+0x8e24e0], sa_mask[0]=11111111011111111101111111111110, sa_flags=SA_RESTART|SA_SIGINFO
SIGILL: [libjvm.so+0x8e24e0], sa_mask[0]=11111111011111111101111111111110, sa_flags=SA_RESTART|SA_SIGINFO
SIGUSR1: SIG_DFL, sa_mask[0]=00000000000000000000000000000000, sa_flags=none
SIGUSR2: [libjvm.so+0x8e3d10], sa_mask[0]=00100000000000000000000000000000, sa_flags=SA_RESTART|SA_SIGINFO
SIGHUP: [libjvm.so+0x8e50d0], sa_mask[0]=11111111011111111101111111111110, sa_flags=SA_RESTART|SA_SIGINFO
SIGINT: [libjvm.so+0x8e50d0], sa_mask[0]=11111111011111111101111111111110, sa_flags=SA_RESTART|SA_SIGINFO
SIGTERM: [libjvm.so+0x8e50d0], sa_mask[0]=11111111011111111101111111111110, sa_flags=SA_RESTART|SA_SIGINFO
SIGQUIT: [libjvm.so+0x8e50d0], sa_mask[0]=11111111011111111101111111111110, sa_flags=SA_RESTART|SA_SIGINFO


---------------  S Y S T E M  ---------------

OS:DISTRIB_ID=Ubuntu
DISTRIB_RELEASE=12.04
DISTRIB_CODENAME=precise
DISTRIB_DESCRIPTION="Ubuntu 12.04.4 LTS"

uname:Linux 3.2.0-64-generic #97-Ubuntu SMP Wed Jun 4 22:04:21 UTC 2014 x86_64
libc:glibc 2.15 NPTL 2.15 
rlimit: STACK 8192k, CORE infinity, NPROC 31449, NOFILE 4096, AS infinity
load average:0.96 0.29 0.20

/proc/meminfo:
MemTotal:        4049600 kB
MemFree:           88204 kB
Buffers:             452 kB
Cached:            30468 kB
SwapCached:            0 kB
Active:          3806016 kB
Inactive:          15300 kB
Active(anon):    3790676 kB
Inactive(anon):      708 kB
Active(file):      15340 kB
Inactive(file):    14592 kB
Unevictable:           0 kB
Mlocked:               0 kB
SwapTotal:             0 kB
SwapFree:              0 kB
Dirty:                40 kB
Writeback:             0 kB
AnonPages:       3790180 kB
Mapped:            19960 kB
Shmem:              1280 kB
Slab:              40892 kB
SReclaimable:      18080 kB
SUnreclaim:        22812 kB
KernelStack:        5504 kB
PageTables:        24832 kB
NFS_Unstable:          0 kB
Bounce:                0 kB
WritebackTmp:          0 kB
CommitLimit:     2024800 kB
Committed_AS:    5212896 kB
VmallocTotal:   34359738367 kB
VmallocUsed:       70116 kB
VmallocChunk:   34359665392 kB
HardwareCorrupted:     0 kB
AnonHugePages:         0 kB
HugePages_Total:       0
HugePages_Free:        0
HugePages_Rsvd:        0
HugePages_Surp:        0
Hugepagesize:       2048 kB
DirectMap4k:       67520 kB
DirectMap2M:     4126720 kB


CPU:total 4 (4 cores per cpu, 1 threads per core) family 6 model 70 stepping 1, cmov, cx8, fxsr, mmx, sse, sse2, sse3, ssse3, tsc

/proc/cpuinfo:
processor	: 0
vendor_id	: GenuineIntel
cpu family	: 6
model		: 70
model name	: Intel(R) Core(TM) i7-4850HQ CPU @ 2.30GHz
stepping	: 1
microcode	: 0x19
cpu MHz		: 2299.059
cache size	: 6144 KB
physical id	: 0
siblings	: 4
core id		: 0
cpu cores	: 4
apicid		: 0
initial apicid	: 0
fpu		: yes
fpu_exception	: yes
cpuid level	: 5
wp		: yes
flags		: fpu vme de pse tsc msr pae mce cx8 apic sep mtrr pge mca cmov pat pse36 clflush mmx fxsr sse sse2 ht syscall nx rdtscp lm constant_tsc rep_good nopl pni ssse3 lahf_lm
bogomips	: 4598.11
clflush size	: 64
cache_alignment	: 64
address sizes	: 39 bits physical, 48 bits virtual
power management:

processor	: 1
vendor_id	: GenuineIntel
cpu family	: 6
model		: 70
model name	: Intel(R) Core(TM) i7-4850HQ CPU @ 2.30GHz
stepping	: 1
microcode	: 0x19
cpu MHz		: 2299.059
cache size	: 6144 KB
physical id	: 0
siblings	: 4
core id		: 1
cpu cores	: 4
apicid		: 1
initial apicid	: 1
fpu		: yes
fpu_exception	: yes
cpuid level	: 5
wp		: yes
flags		: fpu vme de pse tsc msr pae mce cx8 apic sep mtrr pge mca cmov pat pse36 clflush mmx fxsr sse sse2 ht syscall nx rdtscp lm constant_tsc rep_good nopl pni ssse3 lahf_lm
bogomips	: 4587.34
clflush size	: 64
cache_alignment	: 64
address sizes	: 39 bits physical, 48 bits virtual
power management:

processor	: 2
vendor_id	: GenuineIntel
cpu family	: 6
model		: 70
model name	: Intel(R) Core(TM) i7-4850HQ CPU @ 2.30GHz
stepping	: 1
microcode	: 0x19
cpu MHz		: 2299.059
cache size	: 6144 KB
physical id	: 0
siblings	: 4
core id		: 2
cpu cores	: 4
apicid		: 2
initial apicid	: 2
fpu		: yes
fpu_exception	: yes
cpuid level	: 5
wp		: yes
flags		: fpu vme de pse tsc msr pae mce cx8 apic sep mtrr pge mca cmov pat pse36 clflush mmx fxsr sse sse2 ht syscall nx rdtscp lm constant_tsc rep_good nopl pni ssse3 lahf_lm
bogomips	: 4585.34
clflush size	: 64
cache_alignment	: 64
address sizes	: 39 bits physical, 48 bits virtual
power management:

processor	: 3
vendor_id	: GenuineIntel
cpu family	: 6
model		: 70
model name	: Intel(R) Core(TM) i7-4850HQ CPU @ 2.30GHz
stepping	: 1
microcode	: 0x19
cpu MHz		: 2299.059
cache size	: 6144 KB
physical id	: 0
siblings	: 4
core id		: 3
cpu cores	: 4
apicid		: 3
initial apicid	: 3
fpu		: yes
fpu_exception	: yes
cpuid level	: 5
wp		: yes
flags		: fpu vme de pse tsc msr pae mce cx8 apic sep mtrr pge mca cmov pat pse36 clflush mmx fxsr sse sse2 ht syscall nx rdtscp lm constant_tsc rep_good nopl pni ssse3 lahf_lm
bogomips	: 4603.41
clflush size	: 64
cache_alignment	: 64
address sizes	: 39 bits physical, 48 bits virtual
power management:



Memory: 4k page, physical 4049600k(88204k free), swap 0k(0k free)

vm_info: Java HotSpot(TM) 64-Bit Server VM (25.25-b02) for linux-amd64 JRE (1.8.0_25-b17), built on Sep 17 2014 17:32:11 by "java_re" with gcc 4.3.0 20080428 (Red Hat 4.3.0-8)

time: Thu Oct  8 23:05:25 2015
elapsed time: 5 seconds (0d 0h 0m 5s)

