#
# There is insufficient memory for the Java Runtime Environment to continue.
# Native memory allocation (mmap) failed to map 60817408 bytes for committing reserved memory.
# Possible reasons:
#   The system is out of physical RAM or swap space
#   In 32 bit mode, the process size limit was hit
# Possible solutions:
#   Reduce memory load on the system
#   Increase physical memory or swap space
#   Check if swap backing store is full
#   Use 64 bit Java on a 64 bit OS
#   Decrease Java heap size (-Xmx/-Xms)
#   Decrease number of Java threads
#   Decrease Java thread stack sizes (-Xss)
#   Set larger code cache with -XX:ReservedCodeCacheSize=
# This output file may be truncated or incomplete.
#
#  Out of Memory Error (os_linux.cpp:2671), pid=3014, tid=140505220364032
#
# JRE version: Java(TM) SE Runtime Environment (8.0_25-b17) (build 1.8.0_25-b17)
# Java VM: Java HotSpot(TM) 64-Bit Server VM (25.25-b02 mixed mode linux-amd64 compressed oops)
# Core dump written. Default location: /home/lrochette/GitHub/EC-ShareFile/src/core or core.3014
#

---------------  T H R E A D  ---------------

Current thread (0x00007fca00073800):  VMThread [stack: 0x00007fc9ebafb000,0x00007fc9ebbfc000] [id=3023]

Stack: [0x00007fc9ebafb000,0x00007fc9ebbfc000],  sp=0x00007fc9ebbfa240,  free space=1020k
Native frames: (J=compiled Java code, j=interpreted, Vv=VM code, C=native code)
V  [libjvm.so+0xa7923a]  VMError::report_and_die()+0x2ca
V  [libjvm.so+0x4e552b]  report_vm_out_of_memory(char const*, int, unsigned long, VMErrorType, char const*)+0x8b
V  [libjvm.so+0x8e5613]  os::Linux::commit_memory_impl(char*, unsigned long, bool)+0x103
V  [libjvm.so+0x8e5b69]  os::pd_commit_memory(char*, unsigned long, unsigned long, bool)+0x29
V  [libjvm.so+0x8df83a]  os::commit_memory(char*, unsigned long, unsigned long, bool)+0x2a
V  [libjvm.so+0x94f923]  PSVirtualSpace::expand_by(unsigned long)+0x53
V  [libjvm.so+0x940640]  PSOldGen::expand(unsigned long)+0x170
V  [libjvm.so+0x94084b]  PSOldGen::resize(unsigned long)+0x1cb
V  [libjvm.so+0x948441]  PSParallelCompact::invoke_no_policy(bool)+0x9d1
V  [libjvm.so+0x94da4d]  PSScavenge::invoke()+0x1ad
V  [libjvm.so+0x907800]  ParallelScavengeHeap::failed_mem_allocate(unsigned long)+0x70
V  [libjvm.so+0xa7a8b7]  VM_ParallelGCFailedAllocation::doit()+0x97
V  [libjvm.so+0xa81fd5]  VM_Operation::evaluate()+0x55
V  [libjvm.so+0xa803aa]  VMThread::evaluate_operation(VM_Operation*)+0xba
V  [libjvm.so+0xa8072e]  VMThread::loop()+0x1ce
V  [libjvm.so+0xa80ba0]  VMThread::run()+0x70
V  [libjvm.so+0x8e7d48]  java_start(Thread*)+0x108

VM_Operation (0x00007fca08690f50): ParallelGCFailedAllocation, mode: safepoint, requested by thread 0x00007fca0000a800


---------------  P R O C E S S  ---------------

Java Threads: ( => current thread )
  0x00007fca004f4800 JavaThread "CompilationUnitBuilder" [_thread_blocked, id=3036, stack(0x00007fc9eab68000,0x00007fc9eac69000)]
  0x00007fc9ac119000 JavaThread "Keep-Alive-Timer" daemon [_thread_blocked, id=3034, stack(0x00007fc9ea0bc000,0x00007fc9ea1bd000)]
  0x00007fc9ac06d000 JavaThread "Timer-0" daemon [_thread_blocked, id=3033, stack(0x00007fc9eaa19000,0x00007fc9eab1a000)]
  0x00007fca000c1000 JavaThread "Service Thread" daemon [_thread_blocked, id=3030, stack(0x00007fc9eb12b000,0x00007fc9eb22c000)]
  0x00007fca000b1000 JavaThread "C1 CompilerThread2" daemon [_thread_blocked, id=3029, stack(0x00007fc9eb22c000,0x00007fc9eb32d000)]
  0x00007fca000af000 JavaThread "C2 CompilerThread1" daemon [_thread_blocked, id=3028, stack(0x00007fc9eb32d000,0x00007fc9eb42e000)]
  0x00007fca000ac000 JavaThread "C2 CompilerThread0" daemon [_thread_blocked, id=3027, stack(0x00007fc9eb42e000,0x00007fc9eb52f000)]
  0x00007fca000aa000 JavaThread "Signal Dispatcher" daemon [_thread_blocked, id=3026, stack(0x00007fc9eb52f000,0x00007fc9eb630000)]
  0x00007fca0007c800 JavaThread "Finalizer" daemon [_thread_blocked, id=3025, stack(0x00007fc9eb8f9000,0x00007fc9eb9fa000)]
  0x00007fca0007a800 JavaThread "Reference Handler" daemon [_thread_blocked, id=3024, stack(0x00007fc9eb9fa000,0x00007fc9ebafb000)]
  0x00007fca0000a800 JavaThread "main" [_thread_blocked, id=3015, stack(0x00007fca08593000,0x00007fca08694000)]

Other Threads:
=>0x00007fca00073800 VMThread [stack: 0x00007fc9ebafb000,0x00007fc9ebbfc000] [id=3023]
  0x00007fca000c3000 WatcherThread [stack: 0x00007fc9eb02a000,0x00007fc9eb12b000] [id=3031]

VM state:at safepoint (normal execution)

VM Mutex/Monitor currently owned by a thread:  ([mutex/lock_event])
[0x00007fca00006330] ExpandHeap_lock - owner thread: 0x00007fca00073800
[0x00007fca000069b0] Threads_lock - owner thread: 0x00007fca00073800
[0x00007fca00006eb0] Heap_lock - owner thread: 0x00007fca0000a800

Heap:
 PSYoungGen      total 58368K, used 0K [0x00000000fab00000, 0x0000000100000000, 0x0000000100000000)
  eden space 29696K, 0% used [0x00000000fab00000,0x00000000fab00000,0x00000000fc800000)
  from space 28672K, 0% used [0x00000000fe400000,0x00000000fe400000,0x0000000100000000)
  to   space 28672K, 0% used [0x00000000fc800000,0x00000000fc800000,0x00000000fe400000)
 ParOldGen       total 91648K, used 83690K [0x00000000f0000000, 0x00000000f5980000, 0x00000000fab00000)
  object space 91648K, 91% used [0x00000000f0000000,0x00000000f51ba920,0x00000000f5980000)
 Metaspace       used 14010K, capacity 14386K, committed 14464K, reserved 1062912K
  class space    used 1559K, capacity 1651K, committed 1664K, reserved 1048576K

Card table byte_map: [0x00007fca08512000,0x00007fca08593000] byte_map_base: 0x00007fca07d92000

Marking Bits: (ParMarkBitMap*) 0x00007fca07a752c0
 Begin Bits: [0x00007fca047c1000, 0x00007fca04bc1000)
 End Bits:   [0x00007fca04bc1000, 0x00007fca04fc1000)

Polling page: 0x00007fca086b5000

CodeCache: size=245760Kb used=6631Kb max_used=6644Kb free=239129Kb
 bounds [0x00007fc9f1000000, 0x00007fc9f1690000, 0x00007fca00000000]
 total_blobs=2261 nmethods=1928 adapters=248
 compilation: enabled

Compilation events (10 events):
Event: 3.995 Thread 0x00007fca000ac000 nmethod 1931 0x00007fc9f1678b10 code [0x00007fc9f1678c60, 0x00007fc9f1678d28]
Event: 3.995 Thread 0x00007fca000af000 nmethod 1927% 0x00007fc9f1681690 code [0x00007fc9f1681860, 0x00007fc9f1682388]
Event: 3.996 Thread 0x00007fca000ac000 1932       4       java.io.DataInputStream::readFully (63 bytes)
Event: 3.998 Thread 0x00007fca000ac000 nmethod 1932 0x00007fc9f167f890 code [0x00007fc9f167fa00, 0x00007fc9f167fba8]
Event: 4.016 Thread 0x00007fca000b1000 1933       3       com.google.gwt.dev.javac.JdtCompiler$JreIndex::addPackageRecursively (34 bytes)
Event: 4.016 Thread 0x00007fca000b1000 nmethod 1933 0x00007fc9f167a1d0 code [0x00007fc9f167a380, 0x00007fc9f167a898]
Event: 4.016 Thread 0x00007fca000b1000 1934       3       com.google.gwt.dev.javac.Shared::getSlashedPackageFrom (23 bytes)
Event: 4.016 Thread 0x00007fca000af000 1935       4       java.util.HashSet::add (20 bytes)
Event: 4.017 Thread 0x00007fca000b1000 nmethod 1934 0x00007fc9f1679b10 code [0x00007fc9f1679ca0, 0x00007fc9f167a098]
Event: 4.017 Thread 0x00007fca000af000 nmethod 1935 0x00007fc9f167dd50 code [0x00007fc9f167dea0, 0x00007fc9f167df68]

GC Heap History (10 events):
Event: 2.918 GC heap after
Heap after GC invocations=7 (full 0):
 PSYoungGen      total 69632K, used 17398K [0x00000000fab00000, 0x0000000100000000, 0x0000000100000000)
  eden space 52224K, 0% used [0x00000000fab00000,0x00000000fab00000,0x00000000fde00000)
  from space 17408K, 99% used [0x00000000fde00000,0x00000000feefdbe0,0x00000000fef00000)
  to   space 17408K, 0% used [0x00000000fef00000,0x00000000fef00000,0x0000000100000000)
 ParOldGen       total 45568K, used 45211K [0x00000000f0000000, 0x00000000f2c80000, 0x00000000fab00000)
  object space 45568K, 99% used [0x00000000f0000000,0x00000000f2c26ef8,0x00000000f2c80000)
 Metaspace       used 12439K, capacity 12754K, committed 12800K, reserved 1060864K
  class space    used 1422K, capacity 1491K, committed 1536K, reserved 1048576K
}
Event: 2.919 GC heap before
{Heap before GC invocations=8 (full 1):
 PSYoungGen      total 69632K, used 17398K [0x00000000fab00000, 0x0000000100000000, 0x0000000100000000)
  eden space 52224K, 0% used [0x00000000fab00000,0x00000000fab00000,0x00000000fde00000)
  from space 17408K, 99% used [0x00000000fde00000,0x00000000feefdbe0,0x00000000fef00000)
  to   space 17408K, 0% used [0x00000000fef00000,0x00000000fef00000,0x0000000100000000)
 ParOldGen       total 45568K, used 45211K [0x00000000f0000000, 0x00000000f2c80000, 0x00000000fab00000)
  object space 45568K, 99% used [0x00000000f0000000,0x00000000f2c26ef8,0x00000000f2c80000)
 Metaspace       used 12439K, capacity 12754K, committed 12800K, reserved 1060864K
  class space    used 1422K, capacity 1491K, committed 1536K, reserved 1048576K
Event: 3.227 GC heap after
Heap after GC invocations=8 (full 1):
 PSYoungGen      total 69632K, used 9094K [0x00000000fab00000, 0x0000000100000000, 0x0000000100000000)
  eden space 52224K, 0% used [0x00000000fab00000,0x00000000fab00000,0x00000000fde00000)
  from space 17408K, 52% used [0x00000000fde00000,0x00000000fe6e19b0,0x00000000fef00000)
  to   space 17408K, 0% used [0x00000000fef00000,0x00000000fef00000,0x0000000100000000)
 ParOldGen       total 91648K, used 45504K [0x00000000f0000000, 0x00000000f5980000, 0x00000000fab00000)
  object space 91648K, 49% used [0x00000000f0000000,0x00000000f2c70010,0x00000000f5980000)
 Metaspace       used 12439K, capacity 12754K, committed 12800K, reserved 1060864K
  class space    used 1422K, capacity 1491K, committed 1536K, reserved 1048576K
}
Event: 3.621 GC heap before
{Heap before GC invocations=9 (full 1):
 PSYoungGen      total 69632K, used 61318K [0x00000000fab00000, 0x0000000100000000, 0x0000000100000000)
  eden space 52224K, 100% used [0x00000000fab00000,0x00000000fde00000,0x00000000fde00000)
  from space 17408K, 52% used [0x00000000fde00000,0x00000000fe6e19b0,0x00000000fef00000)
  to   space 17408K, 0% used [0x00000000fef00000,0x00000000fef00000,0x0000000100000000)
 ParOldGen       total 91648K, used 45504K [0x00000000f0000000, 0x00000000f5980000, 0x00000000fab00000)
  object space 91648K, 49% used [0x00000000f0000000,0x00000000f2c70010,0x00000000f5980000)
 Metaspace       used 12489K, capacity 12818K, committed 13056K, reserved 1060864K
  class space    used 1422K, capacity 1491K, committed 1536K, reserved 1048576K
Event: 3.645 GC heap after
Heap after GC invocations=9 (full 1):
 PSYoungGen      total 47104K, used 17377K [0x00000000fab00000, 0x0000000100000000, 0x0000000100000000)
  eden space 29696K, 0% used [0x00000000fab00000,0x00000000fab00000,0x00000000fc800000)
  from space 17408K, 99% used [0x00000000fef00000,0x00000000ffff86c0,0x0000000100000000)
  to   space 28672K, 0% used [0x00000000fc800000,0x00000000fc800000,0x00000000fe400000)
 ParOldGen       total 91648K, used 60563K [0x00000000f0000000, 0x00000000f5980000, 0x00000000fab00000)
  object space 91648K, 66% used [0x00000000f0000000,0x00000000f3b24f88,0x00000000f5980000)
 Metaspace       used 12489K, capacity 12818K, committed 13056K, reserved 1060864K
  class space    used 1422K, capacity 1491K, committed 1536K, reserved 1048576K
}
Event: 3.757 GC heap before
{Heap before GC invocations=10 (full 1):
 PSYoungGen      total 47104K, used 47073K [0x00000000fab00000, 0x0000000100000000, 0x0000000100000000)
  eden space 29696K, 100% used [0x00000000fab00000,0x00000000fc800000,0x00000000fc800000)
  from space 17408K, 99% used [0x00000000fef00000,0x00000000ffff86c0,0x0000000100000000)
  to   space 28672K, 0% used [0x00000000fc800000,0x00000000fc800000,0x00000000fe400000)
 ParOldGen       total 91648K, used 60563K [0x00000000f0000000, 0x00000000f5980000, 0x00000000fab00000)
  object space 91648K, 66% used [0x00000000f0000000,0x00000000f3b24f88,0x00000000f5980000)
 Metaspace       used 12489K, capacity 12818K, committed 13056K, reserved 1060864K
  class space    used 1422K, capacity 1491K, committed 1536K, reserved 1048576K
Event: 3.769 GC heap after
Heap after GC invocations=10 (full 1):
 PSYoungGen      total 58368K, used 26494K [0x00000000fab00000, 0x0000000100000000, 0x0000000100000000)
  eden space 29696K, 0% used [0x00000000fab00000,0x00000000fab00000,0x00000000fc800000)
  from space 28672K, 92% used [0x00000000fc800000,0x00000000fe1dfa88,0x00000000fe400000)
  to   space 28672K, 0% used [0x00000000fe400000,0x00000000fe400000,0x0000000100000000)
 ParOldGen       total 91648K, used 65019K [0x00000000f0000000, 0x00000000f5980000, 0x00000000fab00000)
  object space 91648K, 70% used [0x00000000f0000000,0x00000000f3f7efc8,0x00000000f5980000)
 Metaspace       used 12489K, capacity 12818K, committed 13056K, reserved 1060864K
  class space    used 1422K, capacity 1491K, committed 1536K, reserved 1048576K
}
Event: 4.020 GC heap before
{Heap before GC invocations=11 (full 1):
 PSYoungGen      total 58368K, used 56190K [0x00000000fab00000, 0x0000000100000000, 0x0000000100000000)
  eden space 29696K, 100% used [0x00000000fab00000,0x00000000fc800000,0x00000000fc800000)
  from space 28672K, 92% used [0x00000000fc800000,0x00000000fe1dfa88,0x00000000fe400000)
  to   space 28672K, 0% used [0x00000000fe400000,0x00000000fe400000,0x0000000100000000)
 ParOldGen       total 91648K, used 65019K [0x00000000f0000000, 0x00000000f5980000, 0x00000000fab00000)
  object space 91648K, 70% used [0x00000000f0000000,0x00000000f3f7efc8,0x00000000f5980000)
 Metaspace       used 14010K, capacity 14386K, committed 14464K, reserved 1062912K
  class space    used 1559K, capacity 1651K, committed 1664K, reserved 1048576K
Event: 4.033 GC heap after
Heap after GC invocations=11 (full 1):
 PSYoungGen      total 58368K, used 17596K [0x00000000fab00000, 0x0000000100000000, 0x0000000100000000)
  eden space 29696K, 0% used [0x00000000fab00000,0x00000000fab00000,0x00000000fc800000)
  from space 28672K, 61% used [0x00000000fe400000,0x00000000ff52f2c0,0x0000000100000000)
  to   space 28672K, 0% used [0x00000000fc800000,0x00000000fc800000,0x00000000fe400000)
 ParOldGen       total 91648K, used 77433K [0x00000000f0000000, 0x00000000f5980000, 0x00000000fab00000)
  object space 91648K, 84% used [0x00000000f0000000,0x00000000f4b9e498,0x00000000f5980000)
 Metaspace       used 14010K, capacity 14386K, committed 14464K, reserved 1062912K
  class space    used 1559K, capacity 1651K, committed 1664K, reserved 1048576K
}
Event: 4.033 GC heap before
{Heap before GC invocations=12 (full 2):
 PSYoungGen      total 58368K, used 17596K [0x00000000fab00000, 0x0000000100000000, 0x0000000100000000)
  eden space 29696K, 0% used [0x00000000fab00000,0x00000000fab00000,0x00000000fc800000)
  from space 28672K, 61% used [0x00000000fe400000,0x00000000ff52f2c0,0x0000000100000000)
  to   space 28672K, 0% used [0x00000000fc800000,0x00000000fc800000,0x00000000fe400000)
 ParOldGen       total 91648K, used 77433K [0x00000000f0000000, 0x00000000f5980000, 0x00000000fab00000)
  object space 91648K, 84% used [0x00000000f0000000,0x00000000f4b9e498,0x00000000f5980000)
 Metaspace       used 14010K, capacity 14386K, committed 14464K, reserved 1062912K
  class space    used 1559K, capacity 1651K, committed 1664K, reserved 1048576K

Deoptimization events (10 events):
Event: 2.623 Thread 0x00007fca0000a800 Uncommon trap: reason=unreached action=reinterpret pc=0x00007fc9f13b91a4 method=java.util.HashMap.putVal(ILjava/lang/Object;Ljava/lang/Object;ZZ)Ljava/lang/Object; @ 193
Event: 3.868 Thread 0x00007fca0000a800 Uncommon trap: reason=class_check action=maybe_recompile pc=0x00007fc9f164e088 method=java.io.FilterInputStream.read([B)I @ 5
Event: 3.870 Thread 0x00007fca0000a800 Uncommon trap: reason=class_check action=maybe_recompile pc=0x00007fc9f164e088 method=java.io.FilterInputStream.read([B)I @ 5
Event: 3.871 Thread 0x00007fca0000a800 Uncommon trap: reason=class_check action=maybe_recompile pc=0x00007fc9f164e088 method=java.io.FilterInputStream.read([B)I @ 5
Event: 3.872 Thread 0x00007fca0000a800 Uncommon trap: reason=class_check action=maybe_recompile pc=0x00007fc9f164e088 method=java.io.FilterInputStream.read([B)I @ 5
Event: 3.952 Thread 0x00007fca0000a800 Uncommon trap: reason=class_check action=maybe_recompile pc=0x00007fc9f145390c method=java.io.BufferedInputStream.read1([BII)I @ 39
Event: 3.952 Thread 0x00007fca0000a800 Uncommon trap: reason=class_check action=maybe_recompile pc=0x00007fc9f145390c method=java.io.BufferedInputStream.read1([BII)I @ 39
Event: 3.953 Thread 0x00007fca0000a800 Uncommon trap: reason=class_check action=maybe_recompile pc=0x00007fc9f145390c method=java.io.BufferedInputStream.read1([BII)I @ 39
Event: 3.953 Thread 0x00007fca0000a800 Uncommon trap: reason=class_check action=maybe_recompile pc=0x00007fc9f145390c method=java.io.BufferedInputStream.read1([BII)I @ 39
Event: 3.963 Thread 0x00007fca0000a800 Uncommon trap: reason=class_check action=maybe_recompile pc=0x00007fc9f14451f8 method=java.io.BufferedInputStream.read1([BII)I @ 39

Internal exceptions (10 events):
Event: 4.007 Thread 0x00007fca0000a800 Exception <a 'java/security/PrivilegedActionException'> (0x00000000fc528dc0) thrown at [/HUDSON/workspace/8-2-build-linux-amd64/jdk8u25/1514/hotspot/src/share/vm/prims/jvm.cpp, line 1312]
Event: 4.008 Thread 0x00007fca0000a800 Exception <a 'java/security/PrivilegedActionException'> (0x00000000fc52cf48) thrown at [/HUDSON/workspace/8-2-build-linux-amd64/jdk8u25/1514/hotspot/src/share/vm/prims/jvm.cpp, line 1312]
Event: 4.010 Thread 0x00007fca0000a800 Exception <a 'java/security/PrivilegedActionException'> (0x00000000fc530d58) thrown at [/HUDSON/workspace/8-2-build-linux-amd64/jdk8u25/1514/hotspot/src/share/vm/prims/jvm.cpp, line 1312]
Event: 4.010 Thread 0x00007fca0000a800 Exception <a 'java/security/PrivilegedActionException'> (0x00000000fc534d90) thrown at [/HUDSON/workspace/8-2-build-linux-amd64/jdk8u25/1514/hotspot/src/share/vm/prims/jvm.cpp, line 1312]
Event: 4.010 Thread 0x00007fca0000a800 Exception <a 'java/security/PrivilegedActionException'> (0x00000000fc538f38) thrown at [/HUDSON/workspace/8-2-build-linux-amd64/jdk8u25/1514/hotspot/src/share/vm/prims/jvm.cpp, line 1312]
Event: 4.011 Thread 0x00007fca0000a800 Exception <a 'java/security/PrivilegedActionException'> (0x00000000fc543088) thrown at [/HUDSON/workspace/8-2-build-linux-amd64/jdk8u25/1514/hotspot/src/share/vm/prims/jvm.cpp, line 1312]
Event: 4.011 Thread 0x00007fca0000a800 Exception <a 'java/security/PrivilegedActionException'> (0x00000000fc54c078) thrown at [/HUDSON/workspace/8-2-build-linux-amd64/jdk8u25/1514/hotspot/src/share/vm/prims/jvm.cpp, line 1312]
Event: 4.012 Thread 0x00007fca0000a800 Exception <a 'java/security/PrivilegedActionException'> (0x00000000fc5504d0) thrown at [/HUDSON/workspace/8-2-build-linux-amd64/jdk8u25/1514/hotspot/src/share/vm/prims/jvm.cpp, line 1312]
Event: 4.012 Thread 0x00007fca0000a800 Exception <a 'java/security/PrivilegedActionException'> (0x00000000fc554a18) thrown at [/HUDSON/workspace/8-2-build-linux-amd64/jdk8u25/1514/hotspot/src/share/vm/prims/jvm.cpp, line 1312]
Event: 4.013 Thread 0x00007fca0000a800 Exception <a 'java/security/PrivilegedActionException'> (0x00000000fc55a388) thrown at [/HUDSON/workspace/8-2-build-linux-amd64/jdk8u25/1514/hotspot/src/share/vm/prims/jvm.cpp, line 1312]

Events (10 events):
Event: 4.011 loading class org/eclipse/jdt/internal/compiler/lookup/NestedTypeBinding done
Event: 4.011 loading class org/eclipse/jdt/internal/compiler/util/CompoundNameVector
Event: 4.011 loading class org/eclipse/jdt/internal/compiler/util/CompoundNameVector done
Event: 4.012 loading class org/eclipse/jdt/internal/compiler/util/SimpleNameVector
Event: 4.012 loading class org/eclipse/jdt/internal/compiler/util/SimpleNameVector done
Event: 4.012 loading class org/eclipse/jdt/internal/compiler/util/ObjectVector
Event: 4.012 loading class org/eclipse/jdt/internal/compiler/util/ObjectVector done
Event: 4.013 loading class com/google/gwt/dev/javac/JdtCompiler$JreIndex
Event: 4.013 loading class com/google/gwt/dev/javac/JdtCompiler$JreIndex done
Event: 4.019 Executing VM operation: ParallelGCFailedAllocation


Dynamic libraries:
00400000-00401000 r-xp 00000000 08:01 28954                              /opt/electriccloud/electriccommander/jre/bin/java
00600000-00601000 rw-p 00000000 08:01 28954                              /opt/electriccloud/electriccommander/jre/bin/java
0172c000-0174d000 rw-p 00000000 00:00 0                                  [heap]
f0000000-f5980000 rw-p 00000000 00:00 0 
f9380000-fab00000 ---p 00000000 00:00 0 
fab00000-100000000 rw-p 00000000 00:00 0 
100000000-1001a0000 rw-p 00000000 00:00 0 
1001a0000-140000000 ---p 00000000 00:00 0 
7fc9a4000000-7fc9a4021000 rw-p 00000000 00:00 0 
7fc9a4021000-7fc9a8000000 ---p 00000000 00:00 0 
7fc9ac000000-7fc9ac162000 rw-p 00000000 00:00 0 
7fc9ac162000-7fc9b0000000 ---p 00000000 00:00 0 
7fc9b0000000-7fc9b0021000 rw-p 00000000 00:00 0 
7fc9b0021000-7fc9b4000000 ---p 00000000 00:00 0 
7fc9b4000000-7fc9b4021000 rw-p 00000000 00:00 0 
7fc9b4021000-7fc9b8000000 ---p 00000000 00:00 0 
7fc9b8000000-7fc9b8021000 rw-p 00000000 00:00 0 
7fc9b8021000-7fc9bc000000 ---p 00000000 00:00 0 
7fc9bc000000-7fc9bd375000 rw-p 00000000 00:00 0 
7fc9bd375000-7fc9c0000000 ---p 00000000 00:00 0 
7fc9c0000000-7fc9c046b000 rw-p 00000000 00:00 0 
7fc9c046b000-7fc9c4000000 ---p 00000000 00:00 0 
7fc9c4000000-7fc9c4021000 rw-p 00000000 00:00 0 
7fc9c4021000-7fc9c8000000 ---p 00000000 00:00 0 
7fc9c8000000-7fc9c9245000 rw-p 00000000 00:00 0 
7fc9c9245000-7fc9cc000000 ---p 00000000 00:00 0 
7fc9cc000000-7fc9cc021000 rw-p 00000000 00:00 0 
7fc9cc021000-7fc9d0000000 ---p 00000000 00:00 0 
7fc9d0000000-7fc9d0021000 rw-p 00000000 00:00 0 
7fc9d0021000-7fc9d4000000 ---p 00000000 00:00 0 
7fc9d4000000-7fc9d4021000 rw-p 00000000 00:00 0 
7fc9d4021000-7fc9d8000000 ---p 00000000 00:00 0 
7fc9d8000000-7fc9d8301000 rw-p 00000000 00:00 0 
7fc9d8301000-7fc9dc000000 ---p 00000000 00:00 0 
7fc9dc000000-7fc9dc021000 rw-p 00000000 00:00 0 
7fc9dc021000-7fc9e0000000 ---p 00000000 00:00 0 
7fc9e4000000-7fc9e4021000 rw-p 00000000 00:00 0 
7fc9e4021000-7fc9e8000000 ---p 00000000 00:00 0 
7fc9e933a000-7fc9e933b000 rw-p 00000000 00:00 0 
7fc9e933b000-7fc9e934e000 r--s 00344000 08:01 29019                      /opt/electriccloud/electriccommander/jre/lib/resources.jar
7fc9e934e000-7fc9e93ce000 rw-p 00000000 00:00 0 
7fc9e93ce000-7fc9e954e000 ---p 00000000 00:00 0 
7fc9e954e000-7fc9e974e000 rw-p 00000000 00:00 0 
7fc9e974e000-7fc9e9755000 r-xp 00000000 08:01 29031                      /opt/electriccloud/electriccommander/jre/lib/amd64/libawt_headless.so
7fc9e9755000-7fc9e9954000 ---p 00007000 08:01 29031                      /opt/electriccloud/electriccommander/jre/lib/amd64/libawt_headless.so
7fc9e9954000-7fc9e9955000 rw-p 00006000 08:01 29031                      /opt/electriccloud/electriccommander/jre/lib/amd64/libawt_headless.so
7fc9e9955000-7fc9e99f7000 r-xp 00000000 08:01 29030                      /opt/electriccloud/electriccommander/jre/lib/amd64/libawt.so
7fc9e99f7000-7fc9e9bf7000 ---p 000a2000 08:01 29030                      /opt/electriccloud/electriccommander/jre/lib/amd64/libawt.so
7fc9e9bf7000-7fc9e9c03000 rw-p 000a2000 08:01 29030                      /opt/electriccloud/electriccommander/jre/lib/amd64/libawt.so
7fc9e9c03000-7fc9e9c27000 rw-p 00000000 00:00 0 
7fc9e9c27000-7fc9e9c2f000 r-xp 00000000 08:01 29078                      /opt/electriccloud/electriccommander/jre/lib/amd64/libmanagement.so
7fc9e9c2f000-7fc9e9e2f000 ---p 00008000 08:01 29078                      /opt/electriccloud/electriccommander/jre/lib/amd64/libmanagement.so
7fc9e9e2f000-7fc9e9e30000 rw-p 00008000 08:01 29078                      /opt/electriccloud/electriccommander/jre/lib/amd64/libmanagement.so
7fc9e9e30000-7fc9ea030000 rw-p 00000000 00:00 0 
7fc9ea030000-7fc9ea0bc000 r--s 00fea000 08:01 29263                      /opt/electriccloud/electriccommander/jre/lib/ext/jfxrt.jar
7fc9ea0bc000-7fc9ea0bf000 ---p 00000000 00:00 0 
7fc9ea0bf000-7fc9ea1bd000 rw-p 00000000 00:00 0 
7fc9ea1bd000-7fc9ea1d5000 r-xp 00000000 08:01 666278                     /lib/x86_64-linux-gnu/libresolv-2.15.so
7fc9ea1d5000-7fc9ea3d5000 ---p 00018000 08:01 666278                     /lib/x86_64-linux-gnu/libresolv-2.15.so
7fc9ea3d5000-7fc9ea3d6000 r--p 00018000 08:01 666278                     /lib/x86_64-linux-gnu/libresolv-2.15.so
7fc9ea3d6000-7fc9ea3d7000 rw-p 00019000 08:01 666278                     /lib/x86_64-linux-gnu/libresolv-2.15.so
7fc9ea3d7000-7fc9ea3d9000 rw-p 00000000 00:00 0 
7fc9ea3d9000-7fc9ea3e0000 r-xp 00000000 08:01 666279                     /lib/x86_64-linux-gnu/libnss_dns-2.15.so
7fc9ea3e0000-7fc9ea5df000 ---p 00007000 08:01 666279                     /lib/x86_64-linux-gnu/libnss_dns-2.15.so
7fc9ea5df000-7fc9ea5e0000 r--p 00006000 08:01 666279                     /lib/x86_64-linux-gnu/libnss_dns-2.15.so
7fc9ea5e0000-7fc9ea5e1000 rw-p 00007000 08:01 666279                     /lib/x86_64-linux-gnu/libnss_dns-2.15.so
7fc9ea5e1000-7fc9ea5e3000 r-xp 00000000 08:01 8389                       /lib/libnss_mdns4_minimal.so.2
7fc9ea5e3000-7fc9ea7e2000 ---p 00002000 08:01 8389                       /lib/libnss_mdns4_minimal.so.2
7fc9ea7e2000-7fc9ea7e3000 r--p 00001000 08:01 8389                       /lib/libnss_mdns4_minimal.so.2
7fc9ea7e3000-7fc9ea7e4000 rw-p 00002000 08:01 8389                       /lib/libnss_mdns4_minimal.so.2
7fc9ea7eb000-7fc9ea802000 r--s 00175000 08:01 29267                      /opt/electriccloud/electriccommander/jre/lib/ext/nashorn.jar
7fc9ea802000-7fc9ea818000 r-xp 00000000 08:01 29080                      /opt/electriccloud/electriccommander/jre/lib/amd64/libnet.so
7fc9ea818000-7fc9eaa18000 ---p 00016000 08:01 29080                      /opt/electriccloud/electriccommander/jre/lib/amd64/libnet.so
7fc9eaa18000-7fc9eaa19000 rw-p 00016000 08:01 29080                      /opt/electriccloud/electriccommander/jre/lib/amd64/libnet.so
7fc9eaa19000-7fc9eaa1c000 ---p 00000000 00:00 0 
7fc9eaa1c000-7fc9eab1a000 rw-p 00000000 00:00 0 
7fc9eab1a000-7fc9eab68000 r--s 0020a000 08:01 22411                      /opt/electriccloud/electriccommander/utils/commander-client.jar
7fc9eab68000-7fc9eab6b000 ---p 00000000 00:00 0 
7fc9eab6b000-7fc9eacb1000 rw-p 00000000 00:00 0 
7fc9eacb1000-7fc9eae74000 r--s 01df0000 08:01 32140                      /opt/electriccloud/CommanderSDK/lib/gwt-dev.jar
7fc9eae74000-7fc9eae9c000 rw-p 00000000 00:00 0 
7fc9eae9c000-7fc9eafa1000 r--s 01a51000 08:01 32142                      /opt/electriccloud/CommanderSDK/lib/gwt-user.jar
7fc9eafa1000-7fc9eafa3000 r--s 00003000 08:01 33369                      /opt/electriccloud/electriccommander/plugins/EC-Admin-2.12.1.304/lib5/annotations.jar
7fc9eafa3000-7fc9eafb2000 r--s 0009a000 08:01 33373                      /opt/electriccloud/electriccommander/plugins/EC-Admin-2.12.1.304/lib5/guice.jar
7fc9eafb2000-7fc9eafb4000 r--s 00007000 08:01 33372                      /opt/electriccloud/electriccommander/plugins/EC-Admin-2.12.1.304/lib5/guice-assistedinject.jar
7fc9eafb4000-7fc9eafb5000 r--s 00000000 08:01 33375                      /opt/electriccloud/electriccommander/plugins/EC-Admin-2.12.1.304/lib5/javax.inject.jar
7fc9eafb5000-7fc9eafc5000 r--s 00087000 08:01 33374                      /opt/electriccloud/electriccommander/plugins/EC-Admin-2.12.1.304/lib5/gwtp-all-0.8-PATCH5.jar
7fc9eafc5000-7fc9eafcd000 r--s 00044000 08:01 33371                      /opt/electriccloud/electriccommander/plugins/EC-Admin-2.12.1.304/lib5/gin-2.1.1.jar
7fc9eafcd000-7fc9eafdc000 r--s 00096000 08:01 33370                      /opt/electriccloud/electriccommander/plugins/EC-Admin-2.12.1.304/lib5/ec_internal.jar
7fc9eafdc000-7fc9eb02a000 r--s 0020a000 08:01 32350                      /opt/electriccloud/CommanderSDK/lib/commander-client.jar
7fc9eb02a000-7fc9eb02b000 ---p 00000000 00:00 0 
7fc9eb02b000-7fc9eb12b000 rw-p 00000000 00:00 0 
7fc9eb12b000-7fc9eb12e000 ---p 00000000 00:00 0 
7fc9eb12e000-7fc9eb22c000 rw-p 00000000 00:00 0 
7fc9eb22c000-7fc9eb22f000 ---p 00000000 00:00 0 
7fc9eb22f000-7fc9eb32d000 rw-p 00000000 00:00 0 
7fc9eb32d000-7fc9eb330000 ---p 00000000 00:00 0 
7fc9eb330000-7fc9eb42e000 rw-p 00000000 00:00 0 
7fc9eb42e000-7fc9eb431000 ---p 00000000 00:00 0 
7fc9eb431000-7fc9eb52f000 rw-p 00000000 00:00 0 
7fc9eb52f000-7fc9eb532000 ---p 00000000 00:00 0 
7fc9eb532000-7fc9eb630000 rw-p 00000000 00:00 0 
7fc9eb630000-7fc9eb8f9000 r--p 00000000 08:01 161003                     /usr/lib/locale/locale-archive
7fc9eb8f9000-7fc9eb8fc000 ---p 00000000 00:00 0 
7fc9eb8fc000-7fc9eb9fa000 rw-p 00000000 00:00 0 
7fc9eb9fa000-7fc9eb9fd000 ---p 00000000 00:00 0 
7fc9eb9fd000-7fc9ebafb000 rw-p 00000000 00:00 0 
7fc9ebafb000-7fc9ebafc000 ---p 00000000 00:00 0 
7fc9ebafc000-7fc9ec000000 rw-p 00000000 00:00 0 
7fc9ec000000-7fc9ec021000 rw-p 00000000 00:00 0 
7fc9ec021000-7fc9f0000000 ---p 00000000 00:00 0 
7fc9f0006000-7fc9f000a000 r--s 00093000 08:01 29007                      /opt/electriccloud/electriccommander/jre/lib/jsse.jar
7fc9f000a000-7fc9f000f000 r--s 0003f000 08:01 29270                      /opt/electriccloud/electriccommander/jre/lib/ext/sunjce_provider.jar
7fc9f000f000-7fc9f001c000 r--s 00073000 08:01 32137                      /opt/electriccloud/CommanderSDK/lib/ec-gwt.jar
7fc9f001c000-7fc9f001d000 r--s 00000000 08:01 32143                      /opt/electriccloud/CommanderSDK/lib/jcip-annotations.jar
7fc9f001d000-7fc9f001f000 r--s 00004000 08:01 32134                      /opt/electriccloud/CommanderSDK/lib/annotations.jar
7fc9f001f000-7fc9f002b000 r--s 000b2000 08:01 32139                      /opt/electriccloud/CommanderSDK/lib/guava-gwt.jar
7fc9f002b000-7fc9f0054000 r--s 001ee000 08:01 32138                      /opt/electriccloud/CommanderSDK/lib/guava.jar
7fc9f0054000-7fc9f1000000 rw-p 00000000 00:00 0 
7fc9f1000000-7fc9f1690000 rwxp 00000000 00:00 0 
7fc9f1690000-7fca00000000 ---p 00000000 00:00 0 
7fca00000000-7fca00776000 rw-p 00000000 00:00 0 
7fca00776000-7fca04000000 ---p 00000000 00:00 0 
7fca04000000-7fca04003000 r--s 0003a000 08:01 29271                      /opt/electriccloud/electriccommander/jre/lib/ext/sunpkcs11.jar
7fca04003000-7fca0401f000 r--s 00393000 08:01 29260                      /opt/electriccloud/electriccommander/jre/lib/ext/cldrdata.jar
7fca0401f000-7fca04472000 rw-p 00000000 00:00 0 
7fca04472000-7fca04648000 r--s 03caa000 08:01 29020                      /opt/electriccloud/electriccommander/jre/lib/rt.jar
7fca04648000-7fca04fc1000 rw-p 00000000 00:00 0 
7fca04fc1000-7fca04fc2000 ---p 00000000 00:00 0 
7fca04fc2000-7fca050c2000 rw-p 00000000 00:00 0 
7fca050c2000-7fca050c3000 ---p 00000000 00:00 0 
7fca050c3000-7fca051c3000 rw-p 00000000 00:00 0 
7fca051c3000-7fca051c4000 ---p 00000000 00:00 0 
7fca051c4000-7fca052c4000 rw-p 00000000 00:00 0 
7fca052c4000-7fca052c5000 ---p 00000000 00:00 0 
7fca052c5000-7fca053e0000 rw-p 00000000 00:00 0 
7fca053e0000-7fca05785000 ---p 00000000 00:00 0 
7fca05785000-7fca0579f000 r-xp 00000000 08:01 29099                      /opt/electriccloud/electriccommander/jre/lib/amd64/libzip.so
7fca0579f000-7fca0599f000 ---p 0001a000 08:01 29099                      /opt/electriccloud/electriccommander/jre/lib/amd64/libzip.so
7fca0599f000-7fca059a0000 rw-p 0001a000 08:01 29099                      /opt/electriccloud/electriccommander/jre/lib/amd64/libzip.so
7fca059a0000-7fca059ac000 r-xp 00000000 08:01 666277                     /lib/x86_64-linux-gnu/libnss_files-2.15.so
7fca059ac000-7fca05bab000 ---p 0000c000 08:01 666277                     /lib/x86_64-linux-gnu/libnss_files-2.15.so
7fca05bab000-7fca05bac000 r--p 0000b000 08:01 666277                     /lib/x86_64-linux-gnu/libnss_files-2.15.so
7fca05bac000-7fca05bad000 rw-p 0000c000 08:01 666277                     /lib/x86_64-linux-gnu/libnss_files-2.15.so
7fca05bad000-7fca05bb7000 r-xp 00000000 08:01 666281                     /lib/x86_64-linux-gnu/libnss_nis-2.15.so
7fca05bb7000-7fca05db7000 ---p 0000a000 08:01 666281                     /lib/x86_64-linux-gnu/libnss_nis-2.15.so
7fca05db7000-7fca05db8000 r--p 0000a000 08:01 666281                     /lib/x86_64-linux-gnu/libnss_nis-2.15.so
7fca05db8000-7fca05db9000 rw-p 0000b000 08:01 666281                     /lib/x86_64-linux-gnu/libnss_nis-2.15.so
7fca05db9000-7fca05dd0000 r-xp 00000000 08:01 666296                     /lib/x86_64-linux-gnu/libnsl-2.15.so
7fca05dd0000-7fca05fcf000 ---p 00017000 08:01 666296                     /lib/x86_64-linux-gnu/libnsl-2.15.so
7fca05fcf000-7fca05fd0000 r--p 00016000 08:01 666296                     /lib/x86_64-linux-gnu/libnsl-2.15.so
7fca05fd0000-7fca05fd1000 rw-p 00017000 08:01 666296                     /lib/x86_64-linux-gnu/libnsl-2.15.so
7fca05fd1000-7fca05fd3000 rw-p 00000000 00:00 0 
7fca05fd3000-7fca05fdb000 r-xp 00000000 08:01 666275                     /lib/x86_64-linux-gnu/libnss_compat-2.15.so
7fca05fdb000-7fca061da000 ---p 00008000 08:01 666275                     /lib/x86_64-linux-gnu/libnss_compat-2.15.so
7fca061da000-7fca061db000 r--p 00007000 08:01 666275                     /lib/x86_64-linux-gnu/libnss_compat-2.15.so
7fca061db000-7fca061dc000 rw-p 00008000 08:01 666275                     /lib/x86_64-linux-gnu/libnss_compat-2.15.so
7fca061dc000-7fca06206000 r-xp 00000000 08:01 29052                      /opt/electriccloud/electriccommander/jre/lib/amd64/libjava.so
7fca06206000-7fca06406000 ---p 0002a000 08:01 29052                      /opt/electriccloud/electriccommander/jre/lib/amd64/libjava.so
7fca06406000-7fca06408000 rw-p 0002a000 08:01 29052                      /opt/electriccloud/electriccommander/jre/lib/amd64/libjava.so
7fca06408000-7fca06415000 r-xp 00000000 08:01 29098                      /opt/electriccloud/electriccommander/jre/lib/amd64/libverify.so
7fca06415000-7fca06615000 ---p 0000d000 08:01 29098                      /opt/electriccloud/electriccommander/jre/lib/amd64/libverify.so
7fca06615000-7fca06617000 rw-p 0000d000 08:01 29098                      /opt/electriccloud/electriccommander/jre/lib/amd64/libverify.so
7fca06617000-7fca0661e000 r-xp 00000000 08:01 666280                     /lib/x86_64-linux-gnu/librt-2.15.so
7fca0661e000-7fca0681d000 ---p 00007000 08:01 666280                     /lib/x86_64-linux-gnu/librt-2.15.so
7fca0681d000-7fca0681e000 r--p 00006000 08:01 666280                     /lib/x86_64-linux-gnu/librt-2.15.so
7fca0681e000-7fca0681f000 rw-p 00007000 08:01 666280                     /lib/x86_64-linux-gnu/librt-2.15.so
7fca0681f000-7fca0691a000 r-xp 00000000 08:01 666284                     /lib/x86_64-linux-gnu/libm-2.15.so
7fca0691a000-7fca06b19000 ---p 000fb000 08:01 666284                     /lib/x86_64-linux-gnu/libm-2.15.so
7fca06b19000-7fca06b1a000 r--p 000fa000 08:01 666284                     /lib/x86_64-linux-gnu/libm-2.15.so
7fca06b1a000-7fca06b1b000 rw-p 000fb000 08:01 666284                     /lib/x86_64-linux-gnu/libm-2.15.so
7fca06b1b000-7fca07788000 r-xp 00000000 08:01 29106                      /opt/electriccloud/electriccommander/jre/lib/amd64/server/libjvm.so
7fca07788000-7fca07987000 ---p 00c6d000 08:01 29106                      /opt/electriccloud/electriccommander/jre/lib/amd64/server/libjvm.so
7fca07987000-7fca07a5d000 rw-p 00c6c000 08:01 29106                      /opt/electriccloud/electriccommander/jre/lib/amd64/server/libjvm.so
7fca07a5d000-7fca07aa0000 rw-p 00000000 00:00 0 
7fca07aa0000-7fca07c55000 r-xp 00000000 08:01 666273                     /lib/x86_64-linux-gnu/libc-2.15.so
7fca07c55000-7fca07e55000 ---p 001b5000 08:01 666273                     /lib/x86_64-linux-gnu/libc-2.15.so
7fca07e55000-7fca07e59000 r--p 001b5000 08:01 666273                     /lib/x86_64-linux-gnu/libc-2.15.so
7fca07e59000-7fca07e5b000 rw-p 001b9000 08:01 666273                     /lib/x86_64-linux-gnu/libc-2.15.so
7fca07e5b000-7fca07e60000 rw-p 00000000 00:00 0 
7fca07e60000-7fca07e62000 r-xp 00000000 08:01 666288                     /lib/x86_64-linux-gnu/libdl-2.15.so
7fca07e62000-7fca08062000 ---p 00002000 08:01 666288                     /lib/x86_64-linux-gnu/libdl-2.15.so
7fca08062000-7fca08063000 r--p 00002000 08:01 666288                     /lib/x86_64-linux-gnu/libdl-2.15.so
7fca08063000-7fca08064000 rw-p 00003000 08:01 666288                     /lib/x86_64-linux-gnu/libdl-2.15.so
7fca08064000-7fca08079000 r-xp 00000000 08:01 29102                      /opt/electriccloud/electriccommander/jre/lib/amd64/jli/libjli.so
7fca08079000-7fca08278000 ---p 00015000 08:01 29102                      /opt/electriccloud/electriccommander/jre/lib/amd64/jli/libjli.so
7fca08278000-7fca08279000 rw-p 00014000 08:01 29102                      /opt/electriccloud/electriccommander/jre/lib/amd64/jli/libjli.so
7fca08279000-7fca08291000 r-xp 00000000 08:01 666282                     /lib/x86_64-linux-gnu/libpthread-2.15.so
7fca08291000-7fca08490000 ---p 00018000 08:01 666282                     /lib/x86_64-linux-gnu/libpthread-2.15.so
7fca08490000-7fca08491000 r--p 00017000 08:01 666282                     /lib/x86_64-linux-gnu/libpthread-2.15.so
7fca08491000-7fca08492000 rw-p 00018000 08:01 666282                     /lib/x86_64-linux-gnu/libpthread-2.15.so
7fca08492000-7fca08496000 rw-p 00000000 00:00 0 
7fca08496000-7fca084b8000 r-xp 00000000 08:01 666285                     /lib/x86_64-linux-gnu/ld-2.15.so
7fca084b8000-7fca084ba000 r--s 00001000 08:01 29262                      /opt/electriccloud/electriccommander/jre/lib/ext/dnsns.jar
7fca084ba000-7fca084bb000 r--s 00009000 08:01 29268                      /opt/electriccloud/electriccommander/jre/lib/ext/sunec.jar
7fca084bb000-7fca084bc000 r--s 00010000 08:01 29272                      /opt/electriccloud/electriccommander/jre/lib/ext/zipfs.jar
7fca084bc000-7fca084e9000 rw-p 00000000 00:00 0 
7fca084e9000-7fca08512000 ---p 00000000 00:00 0 
7fca08512000-7fca0853f000 rw-p 00000000 00:00 0 
7fca0853f000-7fca08567000 ---p 00000000 00:00 0 
7fca08567000-7fca08592000 rw-p 00000000 00:00 0 
7fca08592000-7fca08593000 rw-p 00000000 00:00 0 
7fca08593000-7fca08596000 ---p 00000000 00:00 0 
7fca08596000-7fca08698000 rw-p 00000000 00:00 0 
7fca08698000-7fca086a2000 r--s 00116000 08:01 29264                      /opt/electriccloud/electriccommander/jre/lib/ext/localedata.jar
7fca086a2000-7fca086a4000 r--s 0000e000 08:01 32146                      /opt/electriccloud/CommanderSDK/lib/validation-api-1.0.0.GA-sources.jar
7fca086a4000-7fca086a7000 r--s 00009000 08:01 32145                      /opt/electriccloud/CommanderSDK/lib/validation-api-1.0.0.GA.jar
7fca086a7000-7fca086ac000 rw-p 00000000 00:00 0 
7fca086ac000-7fca086b4000 rw-s 00000000 08:01 35478                      /tmp/hsperfdata_lrochette/3014
7fca086b4000-7fca086b5000 rw-p 00000000 00:00 0 
7fca086b5000-7fca086b6000 ---p 00000000 00:00 0 
7fca086b6000-7fca086b8000 rw-p 00000000 00:00 0 
7fca086b8000-7fca086b9000 r--p 00022000 08:01 666285                     /lib/x86_64-linux-gnu/ld-2.15.so
7fca086b9000-7fca086bb000 rw-p 00023000 08:01 666285                     /lib/x86_64-linux-gnu/ld-2.15.so
7fffc18bd000-7fffc18de000 rw-p 00000000 00:00 0                          [stack]
7fffc19ff000-7fffc1a00000 r-xp 00000000 00:00 0                          [vdso]
ffffffffff600000-ffffffffff601000 r-xp 00000000 00:00 0                  [vsyscall]

VM Arguments:
jvm_args: -Xmx256m 
java_command: com.google.gwt.dev.Compiler -war /home/lrochette/GitHub/EC-ShareFile/src/out/gwt-out/htdocs/war -logLevel INFO -style OBF -localWorkers 1 ecplugins.ShareFile.ConfigurationManagement
java_class_path (initial): /opt/electriccloud/CommanderSDK/lib/commander-client.jar:/opt/electriccloud/electriccommander/plugins/EC-Admin-2.12.1.304/lib5/ec_internal.jar:/opt/electriccloud/electriccommander/plugins/EC-Admin-2.12.1.304/lib5/gin-2.1.1.jar:/opt/electriccloud/electriccommander/plugins/EC-Admin-2.12.1.304/lib5/gwtp-all-0.8-PATCH5.jar:/opt/electriccloud/electriccommander/plugins/EC-Admin-2.12.1.304/lib5/javax.inject.jar:/opt/electriccloud/electriccommander/plugins/EC-Admin-2.12.1.304/lib5/guice-assistedinject.jar:/opt/electriccloud/electriccommander/plugins/EC-Admin-2.12.1.304/lib5/guice.jar:/opt/electriccloud/electriccommander/plugins/EC-Admin-2.12.1.304/lib5/annotations.jar:/opt/electriccloud/CommanderSDK/lib/gwt-user.jar:/opt/electriccloud/CommanderSDK/lib/gwt-dev.jar:/opt/electriccloud/CommanderSDK/lib/validation-api-1.0.0.GA.jar:/opt/electriccloud/CommanderSDK/lib/validation-api-1.0.0.GA-sources.jar:/opt/electriccloud/CommanderSDK/lib/guava.jar:/opt/electriccloud/CommanderSDK/lib/guava-gwt.jar:/opt/electriccloud/CommanderSDK/lib/annotations.jar:/opt/electriccloud/CommanderSDK/lib/jcip-annotations.jar:/home/lrochette/GitHub/EC-ShareFile/src/src:/opt/electriccloud/CommanderSDK/lib/ec-gwt.jar:/opt/electriccloud/electriccommander/utils/commander-client.jar
Launcher Type: SUN_STANDARD

Environment Variables:
JAVA_HOME=/opt/electriccloud/electriccommander/jre
PATH=/opt/electriccloud/electriccommander/bin:/opt/TEE:/usr/local/sbin:/usr/local/bin:/usr/sbin:/usr/bin:/sbin:/bin:/usr/games:/opt/electriccloud/electriccommander/bin:/opt/electriccloud/electriccommander/bin
SHELL=/usr/bin/tcsh
HOSTTYPE=x86_64-linux
OSTYPE=linux
MACHTYPE=x86_64

Signal Handlers:
SIGSEGV: [libjvm.so+0xa79a80], sa_mask[0]=11111111011111111101111111111110, sa_flags=SA_RESTART|SA_SIGINFO
SIGBUS: [libjvm.so+0xa79a80], sa_mask[0]=11111111011111111101111111111110, sa_flags=SA_RESTART|SA_SIGINFO
SIGFPE: [libjvm.so+0x8e24e0], sa_mask[0]=11111111011111111101111111111110, sa_flags=SA_RESTART|SA_SIGINFO
SIGPIPE: [libjvm.so+0x8e24e0], sa_mask[0]=11111111011111111101111111111110, sa_flags=SA_RESTART|SA_SIGINFO
SIGXFSZ: [libjvm.so+0x8e24e0], sa_mask[0]=11111111011111111101111111111110, sa_flags=SA_RESTART|SA_SIGINFO
SIGILL: [libjvm.so+0x8e24e0], sa_mask[0]=11111111011111111101111111111110, sa_flags=SA_RESTART|SA_SIGINFO
SIGUSR1: SIG_DFL, sa_mask[0]=00000000000000000000000000000000, sa_flags=none
SIGUSR2: [libjvm.so+0x8e3d10], sa_mask[0]=00100000000000000000000000000000, sa_flags=SA_RESTART|SA_SIGINFO
SIGHUP: [libjvm.so+0x8e50d0], sa_mask[0]=11111111011111111101111111111110, sa_flags=SA_RESTART|SA_SIGINFO
SIGINT: [libjvm.so+0x8e50d0], sa_mask[0]=11111111011111111101111111111110, sa_flags=SA_RESTART|SA_SIGINFO
SIGTERM: [libjvm.so+0x8e50d0], sa_mask[0]=11111111011111111101111111111110, sa_flags=SA_RESTART|SA_SIGINFO
SIGQUIT: [libjvm.so+0x8e50d0], sa_mask[0]=11111111011111111101111111111110, sa_flags=SA_RESTART|SA_SIGINFO


---------------  S Y S T E M  ---------------

OS:DISTRIB_ID=Ubuntu
DISTRIB_RELEASE=12.04
DISTRIB_CODENAME=precise
DISTRIB_DESCRIPTION="Ubuntu 12.04.4 LTS"

uname:Linux 3.2.0-64-generic #97-Ubuntu SMP Wed Jun 4 22:04:21 UTC 2014 x86_64
libc:glibc 2.15 NPTL 2.15 
rlimit: STACK 8192k, CORE infinity, NPROC 31449, NOFILE 4096, AS infinity
load average:1.69 0.60 0.32

/proc/meminfo:
MemTotal:        4049600 kB
MemFree:           87560 kB
Buffers:             336 kB
Cached:            48124 kB
SwapCached:            0 kB
Active:          3797940 kB
Inactive:          23360 kB
Active(anon):    3772132 kB
Inactive(anon):      708 kB
Active(file):      25808 kB
Inactive(file):    22652 kB
Unevictable:           0 kB
Mlocked:               0 kB
SwapTotal:             0 kB
SwapFree:              0 kB
Dirty:               804 kB
Writeback:             0 kB
AnonPages:       3771964 kB
Mapped:            26212 kB
Shmem:              1280 kB
Slab:              40704 kB
SReclaimable:      17904 kB
SUnreclaim:        22800 kB
KernelStack:        5544 kB
PageTables:        24660 kB
NFS_Unstable:          0 kB
Bounce:                0 kB
WritebackTmp:          0 kB
CommitLimit:     2024800 kB
Committed_AS:    5228728 kB
VmallocTotal:   34359738367 kB
VmallocUsed:       70116 kB
VmallocChunk:   34359665392 kB
HardwareCorrupted:     0 kB
AnonHugePages:         0 kB
HugePages_Total:       0
HugePages_Free:        0
HugePages_Rsvd:        0
HugePages_Surp:        0
Hugepagesize:       2048 kB
DirectMap4k:       67520 kB
DirectMap2M:     4126720 kB


CPU:total 4 (4 cores per cpu, 1 threads per core) family 6 model 70 stepping 1, cmov, cx8, fxsr, mmx, sse, sse2, sse3, ssse3, tsc

/proc/cpuinfo:
processor	: 0
vendor_id	: GenuineIntel
cpu family	: 6
model		: 70
model name	: Intel(R) Core(TM) i7-4850HQ CPU @ 2.30GHz
stepping	: 1
microcode	: 0x19
cpu MHz		: 2299.059
cache size	: 6144 KB
physical id	: 0
siblings	: 4
core id		: 0
cpu cores	: 4
apicid		: 0
initial apicid	: 0
fpu		: yes
fpu_exception	: yes
cpuid level	: 5
wp		: yes
flags		: fpu vme de pse tsc msr pae mce cx8 apic sep mtrr pge mca cmov pat pse36 clflush mmx fxsr sse sse2 ht syscall nx rdtscp lm constant_tsc rep_good nopl pni ssse3 lahf_lm
bogomips	: 4598.11
clflush size	: 64
cache_alignment	: 64
address sizes	: 39 bits physical, 48 bits virtual
power management:

processor	: 1
vendor_id	: GenuineIntel
cpu family	: 6
model		: 70
model name	: Intel(R) Core(TM) i7-4850HQ CPU @ 2.30GHz
stepping	: 1
microcode	: 0x19
cpu MHz		: 2299.059
cache size	: 6144 KB
physical id	: 0
siblings	: 4
core id		: 1
cpu cores	: 4
apicid		: 1
initial apicid	: 1
fpu		: yes
fpu_exception	: yes
cpuid level	: 5
wp		: yes
flags		: fpu vme de pse tsc msr pae mce cx8 apic sep mtrr pge mca cmov pat pse36 clflush mmx fxsr sse sse2 ht syscall nx rdtscp lm constant_tsc rep_good nopl pni ssse3 lahf_lm
bogomips	: 4587.34
clflush size	: 64
cache_alignment	: 64
address sizes	: 39 bits physical, 48 bits virtual
power management:

processor	: 2
vendor_id	: GenuineIntel
cpu family	: 6
model		: 70
model name	: Intel(R) Core(TM) i7-4850HQ CPU @ 2.30GHz
stepping	: 1
microcode	: 0x19
cpu MHz		: 2299.059
cache size	: 6144 KB
physical id	: 0
siblings	: 4
core id		: 2
cpu cores	: 4
apicid		: 2
initial apicid	: 2
fpu		: yes
fpu_exception	: yes
cpuid level	: 5
wp		: yes
flags		: fpu vme de pse tsc msr pae mce cx8 apic sep mtrr pge mca cmov pat pse36 clflush mmx fxsr sse sse2 ht syscall nx rdtscp lm constant_tsc rep_good nopl pni ssse3 lahf_lm
bogomips	: 4585.34
clflush size	: 64
cache_alignment	: 64
address sizes	: 39 bits physical, 48 bits virtual
power management:

processor	: 3
vendor_id	: GenuineIntel
cpu family	: 6
model		: 70
model name	: Intel(R) Core(TM) i7-4850HQ CPU @ 2.30GHz
stepping	: 1
microcode	: 0x19
cpu MHz		: 2299.059
cache size	: 6144 KB
physical id	: 0
siblings	: 4
core id		: 3
cpu cores	: 4
apicid		: 3
initial apicid	: 3
fpu		: yes
fpu_exception	: yes
cpuid level	: 5
wp		: yes
flags		: fpu vme de pse tsc msr pae mce cx8 apic sep mtrr pge mca cmov pat pse36 clflush mmx fxsr sse sse2 ht syscall nx rdtscp lm constant_tsc rep_good nopl pni ssse3 lahf_lm
bogomips	: 4603.41
clflush size	: 64
cache_alignment	: 64
address sizes	: 39 bits physical, 48 bits virtual
power management:



Memory: 4k page, physical 4049600k(87560k free), swap 0k(0k free)

vm_info: Java HotSpot(TM) 64-Bit Server VM (25.25-b02) for linux-amd64 JRE (1.8.0_25-b17), built on Sep 17 2014 17:32:11 by "java_re" with gcc 4.3.0 20080428 (Red Hat 4.3.0-8)

time: Thu Oct  8 23:08:27 2015
elapsed time: 4 seconds (0d 0h 0m 4s)

