#
# There is insufficient memory for the Java Runtime Environment to continue.
# Native memory allocation (mmap) failed to map 65536 bytes for committing reserved memory.
# Possible reasons:
#   The system is out of physical RAM or swap space
#   In 32 bit mode, the process size limit was hit
# Possible solutions:
#   Reduce memory load on the system
#   Increase physical memory or swap space
#   Check if swap backing store is full
#   Use 64 bit Java on a 64 bit OS
#   Decrease Java heap size (-Xmx/-Xms)
#   Decrease number of Java threads
#   Decrease Java thread stack sizes (-Xss)
#   Set larger code cache with -XX:ReservedCodeCacheSize=
# This output file may be truncated or incomplete.
#
#  Out of Memory Error (os_linux.cpp:2671), pid=4501, tid=139727270188800
#
# JRE version: Java(TM) SE Runtime Environment (8.0_25-b17) (build 1.8.0_25-b17)
# Java VM: Java HotSpot(TM) 64-Bit Server VM (25.25-b02 mixed mode linux-amd64 compressed oops)
# Core dump written. Default location: /home/lrochette/GitHub/EC-ShareFile/src/core or core.4501
#

---------------  T H R E A D  ---------------

Current thread (0x00007f14e00b1000):  JavaThread "C1 CompilerThread2" daemon [_thread_in_vm, id=4516, stack(0x00007f14ca3e1000,0x00007f14ca4e2000)]

Stack: [0x00007f14ca3e1000,0x00007f14ca4e2000],  sp=0x00007f14ca4dfaa0,  free space=1018k
Native frames: (J=compiled Java code, j=interpreted, Vv=VM code, C=native code)
V  [libjvm.so+0xa7923a]  VMError::report_and_die()+0x2ca
V  [libjvm.so+0x4e552b]  report_vm_out_of_memory(char const*, int, unsigned long, VMErrorType, char const*)+0x8b
V  [libjvm.so+0x8e5613]  os::Linux::commit_memory_impl(char*, unsigned long, bool)+0x103
V  [libjvm.so+0x8e5b69]  os::pd_commit_memory(char*, unsigned long, unsigned long, bool)+0x29
V  [libjvm.so+0x8df83a]  os::commit_memory(char*, unsigned long, unsigned long, bool)+0x2a
V  [libjvm.so+0xa75169]  VirtualSpace::expand_by(unsigned long, bool)+0x1c9
V  [libjvm.so+0x5f1aec]  CodeHeap::expand_by(unsigned long)+0x8c
V  [libjvm.so+0x46f0b0]  CodeCache::allocate(int, bool)+0x60
V  [libjvm.so+0x8b1ebc]  nmethod::new_nmethod(methodHandle, int, int, CodeOffsets*, int, DebugInformationRecorder*, Dependencies*, CodeBuffer*, int, OopMapSet*, ExceptionHandlerTable*, ImplicitExceptionTable*, AbstractCompiler*, int)+0x1fc
V  [libjvm.so+0x409204]  ciEnv::register_method(ciMethod*, int, CodeOffsets*, int, CodeBuffer*, int, OopMapSet*, ExceptionHandlerTable*, ImplicitExceptionTable*, AbstractCompiler*, int, bool, bool, RTMState)+0x6e4
V  [libjvm.so+0x34def9]  Compilation::install_code(int)+0xc9
V  [libjvm.so+0x34f3ec]  Compilation::compile_method()+0xec
V  [libjvm.so+0x34f6bb]  Compilation::Compilation(AbstractCompiler*, ciEnv*, ciMethod*, int, BufferBlob*)+0x25b
V  [libjvm.so+0x350469]  Compiler::compile_method(ciEnv*, ciMethod*, int)+0xa9
V  [libjvm.so+0x49bc6a]  CompileBroker::invoke_compiler_on_method(CompileTask*)+0xc8a
V  [libjvm.so+0x49e650]  CompileBroker::compiler_thread_loop()+0x620
V  [libjvm.so+0xa29e8f]  JavaThread::thread_main_inner()+0xdf
V  [libjvm.so+0xa29fbc]  JavaThread::run()+0x11c
V  [libjvm.so+0x8e7d48]  java_start(Thread*)+0x108
C  [libpthread.so.0+0x7e9a]  start_thread+0xda


Current CompileTask:
C1:  14277 5302 %     3       org.eclipse.jdt.internal.compiler.lookup.Scope::getTypeOrPackage @ 1124 (1564 bytes)


---------------  P R O C E S S  ---------------

Java Threads: ( => current thread )
  0x00007f14e0360800 JavaThread "CompilationUnitBuilder" [_thread_blocked, id=4522, stack(0x00007f14c9d1d000,0x00007f14c9e1e000)]
  0x00007f148c077000 JavaThread "Timer-0" daemon [_thread_blocked, id=4520, stack(0x00007f14c9b98000,0x00007f14c9c99000)]
  0x00007f14e00b3800 JavaThread "Service Thread" daemon [_thread_blocked, id=4517, stack(0x00007f14ca2e0000,0x00007f14ca3e1000)]
=>0x00007f14e00b1000 JavaThread "C1 CompilerThread2" daemon [_thread_in_vm, id=4516, stack(0x00007f14ca3e1000,0x00007f14ca4e2000)]
  0x00007f14e00af000 JavaThread "C2 CompilerThread1" daemon [_thread_in_vm, id=4515, stack(0x00007f14ca4e2000,0x00007f14ca5e3000)]
  0x00007f14e00ac000 JavaThread "C2 CompilerThread0" daemon [_thread_blocked, id=4514, stack(0x00007f14ca5e3000,0x00007f14ca6e4000)]
  0x00007f14e00aa000 JavaThread "Signal Dispatcher" daemon [_thread_blocked, id=4513, stack(0x00007f14ca6e4000,0x00007f14ca7e5000)]
  0x00007f14e007c800 JavaThread "Finalizer" daemon [_thread_blocked, id=4512, stack(0x00007f14caaae000,0x00007f14cabaf000)]
  0x00007f14e007a800 JavaThread "Reference Handler" daemon [_thread_blocked, id=4511, stack(0x00007f14cabaf000,0x00007f14cacb0000)]
  0x00007f14e000a800 JavaThread "main" [_thread_blocked, id=4505, stack(0x00007f14e76ea000,0x00007f14e77eb000)]

Other Threads:
  0x00007f14e0073800 VMThread [stack: 0x00007f14cacb0000,0x00007f14cadb1000] [id=4510]
  0x00007f14e00ba800 WatcherThread [stack: 0x00007f14ca1df000,0x00007f14ca2e0000] [id=4518]

VM state:not at safepoint (normal execution)

VM Mutex/Monitor currently owned by a thread:  ([mutex/lock_event])
[0x00007f14e0005d30] CodeCache_lock - owner thread: 0x00007f14e00b1000
[0x00007f14e00073b0] Compile_lock - owner thread: 0x00007f14e00b1000
[0x00007f14e00074b0] MethodCompileQueue_lock - owner thread: 0x00007f14e00b1000

Heap:
 PSYoungGen      total 58368K, used 17902K [0x00000000fab00000, 0x0000000100000000, 0x0000000100000000)
  eden space 29696K, 35% used [0x00000000fab00000,0x00000000fb536840,0x00000000fc800000)
  from space 28672K, 25% used [0x00000000fc800000,0x00000000fcf45268,0x00000000fe400000)
  to   space 28672K, 0% used [0x00000000fe400000,0x00000000fe400000,0x0000000100000000)
 ParOldGen       total 175104K, used 153139K [0x00000000f0000000, 0x00000000fab00000, 0x00000000fab00000)
  object space 175104K, 87% used [0x00000000f0000000,0x00000000f958cd90,0x00000000fab00000)
 Metaspace       used 18070K, capacity 18630K, committed 18816K, reserved 1067008K
  class space    used 1733K, capacity 1867K, committed 1920K, reserved 1048576K

Card table byte_map: [0x00007f14e7669000,0x00007f14e76ea000] byte_map_base: 0x00007f14e6ee9000

Marking Bits: (ParMarkBitMap*) 0x00007f14e6bcc2c0
 Begin Bits: [0x00007f14d0800000, 0x00007f14d0c00000)
 End Bits:   [0x00007f14d0c00000, 0x00007f14d1000000)

Polling page: 0x00007f14e780c000

CodeCache: size=245760Kb used=19383Kb max_used=19383Kb free=226376Kb
 bounds [0x00007f14d1000000, 0x00007f14d2300000, 0x00007f14e0000000]
 total_blobs=4926 nmethods=4576 adapters=258
 compilation: enabled

Compilation events (10 events):
Event: 13.721 Thread 0x00007f14e00b1000 nmethod 5296 0x00007f14d1b59d50 code [0x00007f14d1b59ea0, 0x00007f14d1b59fb0]
Event: 13.879 Thread 0x00007f14e00b1000 5297 %     3       org.eclipse.jdt.internal.compiler.ast.ParameterizedSingleTypeReference::traverse @ 21 (48 bytes)
Event: 13.880 Thread 0x00007f14e00b1000 nmethod 5297% 0x00007f14d22f61d0 code [0x00007f14d22f6380, 0x00007f14d22f68d8]
Event: 13.880 Thread 0x00007f14e00b1000 5298       1       com.google.gwt.dev.jjs.ast.JInterfaceType::getSuperClass (2 bytes)
Event: 13.880 Thread 0x00007f14e00b1000 nmethod 5298 0x00007f14d22f6b90 code [0x00007f14d22f6ce0, 0x00007f14d22f6df0]
Event: 13.899 Thread 0x00007f14e00b1000 5299       2       org.eclipse.jdt.internal.compiler.ast.ConditionalExpression::<init> (51 bytes)
Event: 13.900 Thread 0x00007f14e00b1000 nmethod 5299 0x00007f14d22f6e50 code [0x00007f14d22f6fc0, 0x00007f14d22f7190]
Event: 13.900 Thread 0x00007f14e00b1000 5300       2       org.eclipse.jdt.internal.compiler.parser.Parser::consumeConditionalExpression (78 bytes)
Event: 13.900 Thread 0x00007f14e00b1000 nmethod 5300 0x00007f14d22f7290 code [0x00007f14d22f7400, 0x00007f14d22f7708]
Event: 13.910 Thread 0x00007f14e00b1000 5302 %     3       org.eclipse.jdt.internal.compiler.lookup.Scope::getTypeOrPackage @ 1124 (1564 bytes)

GC Heap History (10 events):
Event: 11.373 GC heap before
{Heap before GC invocations=32 (full 5):
 PSYoungGen      total 59904K, used 55489K [0x00000000fab00000, 0x0000000100000000, 0x0000000100000000)
  eden space 36864K, 100% used [0x00000000fab00000,0x00000000fcf00000,0x00000000fcf00000)
  from space 23040K, 80% used [0x00000000fe800000,0x00000000ffa30530,0x00000000ffe80000)
  to   space 25088K, 0% used [0x00000000fcf00000,0x00000000fcf00000,0x00000000fe780000)
 ParOldGen       total 175104K, used 144601K [0x00000000f0000000, 0x00000000fab00000, 0x00000000fab00000)
  object space 175104K, 82% used [0x00000000f0000000,0x00000000f8d364b0,0x00000000fab00000)
 Metaspace       used 17955K, capacity 18502K, committed 18816K, reserved 1067008K
  class space    used 1733K, capacity 1867K, committed 1920K, reserved 1048576K
Event: 11.397 GC heap after
Heap after GC invocations=32 (full 5):
 PSYoungGen      total 61952K, used 25066K [0x00000000fab00000, 0x0000000100000000, 0x0000000100000000)
  eden space 36864K, 0% used [0x00000000fab00000,0x00000000fab00000,0x00000000fcf00000)
  from space 25088K, 99% used [0x00000000fcf00000,0x00000000fe77ab28,0x00000000fe780000)
  to   space 25088K, 0% used [0x00000000fe780000,0x00000000fe780000,0x0000000100000000)
 ParOldGen       total 175104K, used 147884K [0x00000000f0000000, 0x00000000fab00000, 0x00000000fab00000)
  object space 175104K, 84% used [0x00000000f0000000,0x00000000f906b3e8,0x00000000fab00000)
 Metaspace       used 17955K, capacity 18502K, committed 18816K, reserved 1067008K
  class space    used 1733K, capacity 1867K, committed 1920K, reserved 1048576K
}
Event: 11.580 GC heap before
{Heap before GC invocations=33 (full 5):
 PSYoungGen      total 61952K, used 61930K [0x00000000fab00000, 0x0000000100000000, 0x0000000100000000)
  eden space 36864K, 100% used [0x00000000fab00000,0x00000000fcf00000,0x00000000fcf00000)
  from space 25088K, 99% used [0x00000000fcf00000,0x00000000fe77ab28,0x00000000fe780000)
  to   space 25088K, 0% used [0x00000000fe780000,0x00000000fe780000,0x0000000100000000)
 ParOldGen       total 175104K, used 147884K [0x00000000f0000000, 0x00000000fab00000, 0x00000000fab00000)
  object space 175104K, 84% used [0x00000000f0000000,0x00000000f906b3e8,0x00000000fab00000)
 Metaspace       used 17990K, capacity 18502K, committed 18816K, reserved 1067008K
  class space    used 1733K, capacity 1867K, committed 1920K, reserved 1048576K
Event: 11.606 GC heap after
Heap after GC invocations=33 (full 5):
 PSYoungGen      total 54784K, used 25056K [0x00000000fab00000, 0x0000000100000000, 0x0000000100000000)
  eden space 29696K, 0% used [0x00000000fab00000,0x00000000fab00000,0x00000000fc800000)
  from space 25088K, 99% used [0x00000000fe780000,0x00000000ffff83d8,0x0000000100000000)
  to   space 28672K, 0% used [0x00000000fc800000,0x00000000fc800000,0x00000000fe400000)
 ParOldGen       total 175104K, used 158468K [0x00000000f0000000, 0x00000000fab00000, 0x00000000fab00000)
  object space 175104K, 90% used [0x00000000f0000000,0x00000000f9ac1248,0x00000000fab00000)
 Metaspace       used 17990K, capacity 18502K, committed 18816K, reserved 1067008K
  class space    used 1733K, capacity 1867K, committed 1920K, reserved 1048576K
}
Event: 11.820 GC heap before
{Heap before GC invocations=34 (full 5):
 PSYoungGen      total 54784K, used 54752K [0x00000000fab00000, 0x0000000100000000, 0x0000000100000000)
  eden space 29696K, 100% used [0x00000000fab00000,0x00000000fc800000,0x00000000fc800000)
  from space 25088K, 99% used [0x00000000fe780000,0x00000000ffff83d8,0x0000000100000000)
  to   space 28672K, 0% used [0x00000000fc800000,0x00000000fc800000,0x00000000fe400000)
 ParOldGen       total 175104K, used 158468K [0x00000000f0000000, 0x00000000fab00000, 0x00000000fab00000)
  object space 175104K, 90% used [0x00000000f0000000,0x00000000f9ac1248,0x00000000fab00000)
 Metaspace       used 18021K, capacity 18566K, committed 18816K, reserved 1067008K
  class space    used 1733K, capacity 1867K, committed 1920K, reserved 1048576K
Event: 12.475 GC heap after
Heap after GC invocations=34 (full 5):
 PSYoungGen      total 54784K, used 54752K [0x00000000fab00000, 0x0000000100000000, 0x0000000100000000)
  eden space 29696K, 100% used [0x00000000fab00000,0x00000000fc800000,0x00000000fc800000)
  from space 25088K, 99% used [0x00000000fe780000,0x00000000ffff83d8,0x0000000100000000)
  to   space 28672K, 56% used [0x00000000fc800000,0x00000000fd7e7060,0x00000000fe400000)
 ParOldGen       total 175104K, used 175101K [0x00000000f0000000, 0x00000000fab00000, 0x00000000fab00000)
  object space 175104K, 99% used [0x00000000f0000000,0x00000000faaff480,0x00000000fab00000)
 Metaspace       used 18021K, capacity 18566K, committed 18816K, reserved 1067008K
  class space    used 1733K, capacity 1867K, committed 1920K, reserved 1048576K
}
Event: 12.475 GC heap before
{Heap before GC invocations=35 (full 6):
 PSYoungGen      total 54784K, used 54752K [0x00000000fab00000, 0x0000000100000000, 0x0000000100000000)
  eden space 29696K, 100% used [0x00000000fab00000,0x00000000fc800000,0x00000000fc800000)
  from space 25088K, 99% used [0x00000000fe780000,0x00000000ffff83d8,0x0000000100000000)
  to   space 28672K, 56% used [0x00000000fc800000,0x00000000fd7e7060,0x00000000fe400000)
 ParOldGen       total 175104K, used 175101K [0x00000000f0000000, 0x00000000fab00000, 0x00000000fab00000)
  object space 175104K, 99% used [0x00000000f0000000,0x00000000faaff480,0x00000000fab00000)
 Metaspace       used 18021K, capacity 18566K, committed 18816K, reserved 1067008K
  class space    used 1733K, capacity 1867K, committed 1920K, reserved 1048576K
Event: 12.814 GC heap after
Heap after GC invocations=35 (full 6):
 PSYoungGen      total 54784K, used 0K [0x00000000fab00000, 0x0000000100000000, 0x0000000100000000)
  eden space 29696K, 0% used [0x00000000fab00000,0x00000000fab00000,0x00000000fc800000)
  from space 25088K, 0% used [0x00000000fe780000,0x00000000fe780000,0x0000000100000000)
  to   space 28672K, 0% used [0x00000000fc800000,0x00000000fc800000,0x00000000fe400000)
 ParOldGen       total 175104K, used 153131K [0x00000000f0000000, 0x00000000fab00000, 0x00000000fab00000)
  object space 175104K, 87% used [0x00000000f0000000,0x00000000f958ad90,0x00000000fab00000)
 Metaspace       used 18021K, capacity 18566K, committed 18816K, reserved 1067008K
  class space    used 1733K, capacity 1867K, committed 1920K, reserved 1048576K
}
Event: 13.358 GC heap before
{Heap before GC invocations=36 (full 6):
 PSYoungGen      total 54784K, used 29696K [0x00000000fab00000, 0x0000000100000000, 0x0000000100000000)
  eden space 29696K, 100% used [0x00000000fab00000,0x00000000fc800000,0x00000000fc800000)
  from space 25088K, 0% used [0x00000000fe780000,0x00000000fe780000,0x0000000100000000)
  to   space 28672K, 0% used [0x00000000fc800000,0x00000000fc800000,0x00000000fe400000)
 ParOldGen       total 175104K, used 153131K [0x00000000f0000000, 0x00000000fab00000, 0x00000000fab00000)
  object space 175104K, 87% used [0x00000000f0000000,0x00000000f958ad90,0x00000000fab00000)
 Metaspace       used 18068K, capacity 18630K, committed 18816K, reserved 1067008K
  class space    used 1733K, capacity 1867K, committed 1920K, reserved 1048576K
Event: 13.370 GC heap after
Heap after GC invocations=36 (full 6):
 PSYoungGen      total 58368K, used 7444K [0x00000000fab00000, 0x0000000100000000, 0x0000000100000000)
  eden space 29696K, 0% used [0x00000000fab00000,0x00000000fab00000,0x00000000fc800000)
  from space 28672K, 25% used [0x00000000fc800000,0x00000000fcf45268,0x00000000fe400000)
  to   space 28672K, 0% used [0x00000000fe400000,0x00000000fe400000,0x0000000100000000)
 ParOldGen       total 175104K, used 153139K [0x00000000f0000000, 0x00000000fab00000, 0x00000000fab00000)
  object space 175104K, 87% used [0x00000000f0000000,0x00000000f958cd90,0x00000000fab00000)
 Metaspace       used 18068K, capacity 18630K, committed 18816K, reserved 1067008K
  class space    used 1733K, capacity 1867K, committed 1920K, reserved 1048576K
}

Deoptimization events (10 events):
Event: 11.810 Thread 0x00007f14e000a800 Uncommon trap: reason=bimorphic action=maybe_recompile pc=0x00007f14d1940390 method=org.eclipse.jdt.internal.compiler.lookup.Scope.getBinding([CILorg/eclipse/jdt/internal/compiler/lookup/InvocationSite;Z)Lorg/eclipse/jdt/internal/compiler/lookup/Binding; 
Event: 11.811 Thread 0x00007f14e000a800 Uncommon trap: reason=bimorphic action=maybe_recompile pc=0x00007f14d1940390 method=org.eclipse.jdt.internal.compiler.lookup.Scope.getBinding([CILorg/eclipse/jdt/internal/compiler/lookup/InvocationSite;Z)Lorg/eclipse/jdt/internal/compiler/lookup/Binding; 
Event: 11.815 Thread 0x00007f14e000a800 Uncommon trap: reason=range_check action=make_not_entrant pc=0x00007f14d2136e00 method=org.eclipse.jdt.internal.compiler.ClassFile.completeCodeAttribute(I)V @ 1154
Event: 11.817 Thread 0x00007f14e000a800 Uncommon trap: reason=class_check action=maybe_recompile pc=0x00007f14d211d2bc method=org.eclipse.jdt.internal.compiler.ast.Argument.traverse(Lorg/eclipse/jdt/internal/compiler/ASTVisitor;Lorg/eclipse/jdt/internal/compiler/lookup/BlockScope;)V @ 37
Event: 11.817 Thread 0x00007f14e000a800 Uncommon trap: reason=class_check action=maybe_recompile pc=0x00007f14d211d2bc method=org.eclipse.jdt.internal.compiler.ast.Argument.traverse(Lorg/eclipse/jdt/internal/compiler/ASTVisitor;Lorg/eclipse/jdt/internal/compiler/lookup/BlockScope;)V @ 37
Event: 11.817 Thread 0x00007f14e000a800 Uncommon trap: reason=class_check action=maybe_recompile pc=0x00007f14d211d2bc method=org.eclipse.jdt.internal.compiler.ast.Argument.traverse(Lorg/eclipse/jdt/internal/compiler/ASTVisitor;Lorg/eclipse/jdt/internal/compiler/lookup/BlockScope;)V @ 37
Event: 11.817 Thread 0x00007f14e000a800 Uncommon trap: reason=class_check action=maybe_recompile pc=0x00007f14d211d2bc method=org.eclipse.jdt.internal.compiler.ast.Argument.traverse(Lorg/eclipse/jdt/internal/compiler/ASTVisitor;Lorg/eclipse/jdt/internal/compiler/lookup/BlockScope;)V @ 37
Event: 12.932 Thread 0x00007f14e000a800 Uncommon trap: reason=class_check action=maybe_recompile pc=0x00007f14d21fb770 method=org.eclipse.jdt.internal.compiler.ast.Annotation.resolveType(Lorg/eclipse/jdt/internal/compiler/lookup/BlockScope;)Lorg/eclipse/jdt/internal/compiler/lookup/TypeBinding;
Event: 13.908 Thread 0x00007f14e000a800 Uncommon trap: reason=class_check action=maybe_recompile pc=0x00007f14d1f4e994 method=org.eclipse.jdt.internal.compiler.lookup.Scope.minimalErasedCandidates([Lorg/eclipse/jdt/internal/compiler/lookup/TypeBinding;Ljava/util/Map;)[Lorg/eclipse/jdt/internal/
Event: 13.908 Thread 0x00007f14e000a800 Uncommon trap: reason=class_check action=maybe_recompile pc=0x00007f14d1f4e994 method=org.eclipse.jdt.internal.compiler.lookup.Scope.minimalErasedCandidates([Lorg/eclipse/jdt/internal/compiler/lookup/TypeBinding;Ljava/util/Map;)[Lorg/eclipse/jdt/internal/

Internal exceptions (10 events):
Event: 13.353 Thread 0x00007f14e000a800 Exception <a 'java/security/PrivilegedActionException'> (0x00000000fc78ed88) thrown at [/HUDSON/workspace/8-2-build-linux-amd64/jdk8u25/1514/hotspot/src/share/vm/prims/jvm.cpp, line 1312]
Event: 13.353 Thread 0x00007f14e000a800 Exception <a 'java/security/PrivilegedActionException'> (0x00000000fc78f0d0) thrown at [/HUDSON/workspace/8-2-build-linux-amd64/jdk8u25/1514/hotspot/src/share/vm/prims/jvm.cpp, line 1312]
Event: 13.353 Thread 0x00007f14e000a800 Exception <a 'java/security/PrivilegedActionException'> (0x00000000fc792e38) thrown at [/HUDSON/workspace/8-2-build-linux-amd64/jdk8u25/1514/hotspot/src/share/vm/prims/jvm.cpp, line 1312]
Event: 13.353 Thread 0x00007f14e000a800 Exception <a 'java/security/PrivilegedActionException'> (0x00000000fc793180) thrown at [/HUDSON/workspace/8-2-build-linux-amd64/jdk8u25/1514/hotspot/src/share/vm/prims/jvm.cpp, line 1312]
Event: 13.353 Thread 0x00007f14e000a800 Exception <a 'java/security/PrivilegedActionException'> (0x00000000fc7d1290) thrown at [/HUDSON/workspace/8-2-build-linux-amd64/jdk8u25/1514/hotspot/src/share/vm/prims/jvm.cpp, line 1312]
Event: 13.353 Thread 0x00007f14e000a800 Exception <a 'java/security/PrivilegedActionException'> (0x00000000fc7d15d8) thrown at [/HUDSON/workspace/8-2-build-linux-amd64/jdk8u25/1514/hotspot/src/share/vm/prims/jvm.cpp, line 1312]
Event: 13.353 Thread 0x00007f14e000a800 Exception <a 'java/security/PrivilegedActionException'> (0x00000000fc7d5710) thrown at [/HUDSON/workspace/8-2-build-linux-amd64/jdk8u25/1514/hotspot/src/share/vm/prims/jvm.cpp, line 1312]
Event: 13.353 Thread 0x00007f14e000a800 Exception <a 'java/security/PrivilegedActionException'> (0x00000000fc7d5a58) thrown at [/HUDSON/workspace/8-2-build-linux-amd64/jdk8u25/1514/hotspot/src/share/vm/prims/jvm.cpp, line 1312]
Event: 13.491 Thread 0x00007f14e000a800 Exception <a 'java/security/PrivilegedActionException'> (0x00000000fae131f8) thrown at [/HUDSON/workspace/8-2-build-linux-amd64/jdk8u25/1514/hotspot/src/share/vm/prims/jvm.cpp, line 1312]
Event: 13.491 Thread 0x00007f14e000a800 Exception <a 'java/security/PrivilegedActionException'> (0x00000000fae13540) thrown at [/HUDSON/workspace/8-2-build-linux-amd64/jdk8u25/1514/hotspot/src/share/vm/prims/jvm.cpp, line 1312]

Events (10 events):
Event: 12.932 Thread 0x00007f14e000a800 DEOPT PACKING pc=0x00007f14d21fb770 sp=0x00007f14e77e8a00
Event: 12.932 Thread 0x00007f14e000a800 DEOPT UNPACKING pc=0x00007f14d1004f69 sp=0x00007f14e77e89a8 mode 2
Event: 13.354 Executing VM operation: ParallelGCFailedAllocation
Event: 13.373 Executing VM operation: ParallelGCFailedAllocation done
Event: 13.908 Thread 0x00007f14e000a800 Uncommon trap: trap_request=0xffffffde fr.pc=0x00007f14d1f4e994
Event: 13.908 Thread 0x00007f14e000a800 DEOPT PACKING pc=0x00007f14d1f4e994 sp=0x00007f14e77e7de0
Event: 13.908 Thread 0x00007f14e000a800 DEOPT UNPACKING pc=0x00007f14d1004f69 sp=0x00007f14e77e7d80 mode 2
Event: 13.908 Thread 0x00007f14e000a800 Uncommon trap: trap_request=0xffffffde fr.pc=0x00007f14d1f4e994
Event: 13.908 Thread 0x00007f14e000a800 DEOPT PACKING pc=0x00007f14d1f4e994 sp=0x00007f14e77e7de0
Event: 13.908 Thread 0x00007f14e000a800 DEOPT UNPACKING pc=0x00007f14d1004f69 sp=0x00007f14e77e7d80 mode 2


Dynamic libraries:
00400000-00401000 r-xp 00000000 08:01 28954                              /opt/electriccloud/electriccommander/jre/bin/java
00600000-00601000 rw-p 00000000 08:01 28954                              /opt/electriccloud/electriccommander/jre/bin/java
01825000-01846000 rw-p 00000000 00:00 0                                  [heap]
f0000000-fab00000 rw-p 00000000 00:00 0 
fab00000-100000000 rw-p 00000000 00:00 0 
100000000-1001e0000 rw-p 00000000 00:00 0 
1001e0000-140000000 ---p 00000000 00:00 0 
7f148c000000-7f148c105000 rw-p 00000000 00:00 0 
7f148c105000-7f1490000000 ---p 00000000 00:00 0 
7f1490000000-7f1490021000 rw-p 00000000 00:00 0 
7f1490021000-7f1494000000 ---p 00000000 00:00 0 
7f1494000000-7f1494021000 rw-p 00000000 00:00 0 
7f1494021000-7f1498000000 ---p 00000000 00:00 0 
7f1498000000-7f1498021000 rw-p 00000000 00:00 0 
7f1498021000-7f149c000000 ---p 00000000 00:00 0 
7f149c000000-7f149ea1b000 rw-p 00000000 00:00 0 
7f149ea1b000-7f14a0000000 ---p 00000000 00:00 0 
7f14a0000000-7f14a0baf000 rw-p 00000000 00:00 0 
7f14a0baf000-7f14a4000000 ---p 00000000 00:00 0 
7f14a4000000-7f14a4021000 rw-p 00000000 00:00 0 
7f14a4021000-7f14a8000000 ---p 00000000 00:00 0 
7f14a8000000-7f14a9cf0000 rw-p 00000000 00:00 0 
7f14a9cf0000-7f14ac000000 ---p 00000000 00:00 0 
7f14ac000000-7f14ac021000 rw-p 00000000 00:00 0 
7f14ac021000-7f14b0000000 ---p 00000000 00:00 0 
7f14b0000000-7f14b0021000 rw-p 00000000 00:00 0 
7f14b0021000-7f14b4000000 ---p 00000000 00:00 0 
7f14b4000000-7f14b4021000 rw-p 00000000 00:00 0 
7f14b4021000-7f14b8000000 ---p 00000000 00:00 0 
7f14b8000000-7f14b81f4000 rw-p 00000000 00:00 0 
7f14b81f4000-7f14bc000000 ---p 00000000 00:00 0 
7f14bc000000-7f14bc021000 rw-p 00000000 00:00 0 
7f14bc021000-7f14c0000000 ---p 00000000 00:00 0 
7f14c4000000-7f14c4021000 rw-p 00000000 00:00 0 
7f14c4021000-7f14c8000000 ---p 00000000 00:00 0 
7f14c89da000-7f14c8a5a000 rw-p 00000000 00:00 0 
7f14c8a5a000-7f14c8bda000 ---p 00000000 00:00 0 
7f14c8bda000-7f14c8dda000 rw-p 00000000 00:00 0 
7f14c8dda000-7f14c8ded000 r--s 00344000 08:01 29019                      /opt/electriccloud/electriccommander/jre/lib/resources.jar
7f14c8ded000-7f14c8fed000 rw-p 00000000 00:00 0 
7f14c8fed000-7f14c91ed000 rw-p 00000000 00:00 0 
7f14c91ed000-7f14c93ed000 rw-p 00000000 00:00 0 
7f14c93ed000-7f14c93f4000 r-xp 00000000 08:01 29031                      /opt/electriccloud/electriccommander/jre/lib/amd64/libawt_headless.so
7f14c93f4000-7f14c95f3000 ---p 00007000 08:01 29031                      /opt/electriccloud/electriccommander/jre/lib/amd64/libawt_headless.so
7f14c95f3000-7f14c95f4000 rw-p 00006000 08:01 29031                      /opt/electriccloud/electriccommander/jre/lib/amd64/libawt_headless.so
7f14c95f4000-7f14c9696000 r-xp 00000000 08:01 29030                      /opt/electriccloud/electriccommander/jre/lib/amd64/libawt.so
7f14c9696000-7f14c9896000 ---p 000a2000 08:01 29030                      /opt/electriccloud/electriccommander/jre/lib/amd64/libawt.so
7f14c9896000-7f14c98a2000 rw-p 000a2000 08:01 29030                      /opt/electriccloud/electriccommander/jre/lib/amd64/libawt.so
7f14c98a2000-7f14c98c6000 rw-p 00000000 00:00 0 
7f14c98c6000-7f14c98ce000 r-xp 00000000 08:01 29078                      /opt/electriccloud/electriccommander/jre/lib/amd64/libmanagement.so
7f14c98ce000-7f14c9ace000 ---p 00008000 08:01 29078                      /opt/electriccloud/electriccommander/jre/lib/amd64/libmanagement.so
7f14c9ace000-7f14c9acf000 rw-p 00008000 08:01 29078                      /opt/electriccloud/electriccommander/jre/lib/amd64/libmanagement.so
7f14c9acf000-7f14c9ae6000 r--s 00175000 08:01 29267                      /opt/electriccloud/electriccommander/jre/lib/ext/nashorn.jar
7f14c9ae6000-7f14c9b72000 r--s 00fea000 08:01 29263                      /opt/electriccloud/electriccommander/jre/lib/ext/jfxrt.jar
7f14c9b72000-7f14c9b8e000 r--s 00393000 08:01 29260                      /opt/electriccloud/electriccommander/jre/lib/ext/cldrdata.jar
7f14c9b8e000-7f14c9b98000 r--s 00116000 08:01 29264                      /opt/electriccloud/electriccommander/jre/lib/ext/localedata.jar
7f14c9b98000-7f14c9b9b000 ---p 00000000 00:00 0 
7f14c9b9b000-7f14c9c99000 rw-p 00000000 00:00 0 
7f14c9c99000-7f14c9ce7000 r--s 0020a000 08:01 22411                      /opt/electriccloud/electriccommander/utils/commander-client.jar
7f14c9ce7000-7f14c9cf4000 r--s 00073000 08:01 32137                      /opt/electriccloud/CommanderSDK/lib/ec-gwt.jar
7f14c9cf4000-7f14c9d1d000 r--s 001ee000 08:01 32138                      /opt/electriccloud/CommanderSDK/lib/guava.jar
7f14c9d1d000-7f14c9d20000 ---p 00000000 00:00 0 
7f14c9d20000-7f14c9e66000 rw-p 00000000 00:00 0 
7f14c9e66000-7f14ca029000 r--s 01df0000 08:01 32140                      /opt/electriccloud/CommanderSDK/lib/gwt-dev.jar
7f14ca029000-7f14ca051000 rw-p 00000000 00:00 0 
7f14ca051000-7f14ca156000 r--s 01a51000 08:01 32142                      /opt/electriccloud/CommanderSDK/lib/gwt-user.jar
7f14ca156000-7f14ca158000 r--s 00003000 08:01 33369                      /opt/electriccloud/electriccommander/plugins/EC-Admin-2.12.1.304/lib5/annotations.jar
7f14ca158000-7f14ca167000 r--s 0009a000 08:01 33373                      /opt/electriccloud/electriccommander/plugins/EC-Admin-2.12.1.304/lib5/guice.jar
7f14ca167000-7f14ca169000 r--s 00007000 08:01 33372                      /opt/electriccloud/electriccommander/plugins/EC-Admin-2.12.1.304/lib5/guice-assistedinject.jar
7f14ca169000-7f14ca16a000 r--s 00000000 08:01 33375                      /opt/electriccloud/electriccommander/plugins/EC-Admin-2.12.1.304/lib5/javax.inject.jar
7f14ca16a000-7f14ca17a000 r--s 00087000 08:01 33374                      /opt/electriccloud/electriccommander/plugins/EC-Admin-2.12.1.304/lib5/gwtp-all-0.8-PATCH5.jar
7f14ca17a000-7f14ca182000 r--s 00044000 08:01 33371                      /opt/electriccloud/electriccommander/plugins/EC-Admin-2.12.1.304/lib5/gin-2.1.1.jar
7f14ca182000-7f14ca191000 r--s 00096000 08:01 33370                      /opt/electriccloud/electriccommander/plugins/EC-Admin-2.12.1.304/lib5/ec_internal.jar
7f14ca191000-7f14ca1df000 r--s 0020a000 08:01 32350                      /opt/electriccloud/CommanderSDK/lib/commander-client.jar
7f14ca1df000-7f14ca1e0000 ---p 00000000 00:00 0 
7f14ca1e0000-7f14ca2e0000 rw-p 00000000 00:00 0 
7f14ca2e0000-7f14ca2e3000 ---p 00000000 00:00 0 
7f14ca2e3000-7f14ca3e1000 rw-p 00000000 00:00 0 
7f14ca3e1000-7f14ca3e4000 ---p 00000000 00:00 0 
7f14ca3e4000-7f14ca4e2000 rw-p 00000000 00:00 0 
7f14ca4e2000-7f14ca4e5000 ---p 00000000 00:00 0 
7f14ca4e5000-7f14ca5e3000 rw-p 00000000 00:00 0 
7f14ca5e3000-7f14ca5e6000 ---p 00000000 00:00 0 
7f14ca5e6000-7f14ca6e4000 rw-p 00000000 00:00 0 
7f14ca6e4000-7f14ca6e7000 ---p 00000000 00:00 0 
7f14ca6e7000-7f14ca7e5000 rw-p 00000000 00:00 0 
7f14ca7e5000-7f14caaae000 r--p 00000000 08:01 161003                     /usr/lib/locale/locale-archive
7f14caaae000-7f14caab1000 ---p 00000000 00:00 0 
7f14caab1000-7f14cabaf000 rw-p 00000000 00:00 0 
7f14cabaf000-7f14cabb2000 ---p 00000000 00:00 0 
7f14cabb2000-7f14cacb0000 rw-p 00000000 00:00 0 
7f14cacb0000-7f14cacb1000 ---p 00000000 00:00 0 
7f14cacb1000-7f14cbdb4000 rw-p 00000000 00:00 0 
7f14cbdb4000-7f14cbf8a000 r--s 03caa000 08:01 29020                      /opt/electriccloud/electriccommander/jre/lib/rt.jar
7f14cbf8a000-7f14cc000000 rw-p 00000000 00:00 0 
7f14cc000000-7f14cc021000 rw-p 00000000 00:00 0 
7f14cc021000-7f14d0000000 ---p 00000000 00:00 0 
7f14d0000000-7f14d1000000 rw-p 00000000 00:00 0 
7f14d1000000-7f14d2300000 rwxp 00000000 00:00 0 
7f14d2310000-7f14e0000000 ---p 00000000 00:00 0 
7f14e0000000-7f14e0a20000 rw-p 00000000 00:00 0 
7f14e0a20000-7f14e4000000 ---p 00000000 00:00 0 
7f14e4003000-7f14e4007000 r--s 00093000 08:01 29007                      /opt/electriccloud/electriccommander/jre/lib/jsse.jar
7f14e4007000-7f14e4009000 r--s 00001000 08:01 29262                      /opt/electriccloud/electriccommander/jre/lib/ext/dnsns.jar
7f14e4009000-7f14e4015000 r--s 000b2000 08:01 32139                      /opt/electriccloud/CommanderSDK/lib/guava-gwt.jar
7f14e4015000-7f14e4118000 rw-p 00000000 00:00 0 
7f14e4118000-7f14e4119000 ---p 00000000 00:00 0 
7f14e4119000-7f14e4219000 rw-p 00000000 00:00 0 
7f14e4219000-7f14e421a000 ---p 00000000 00:00 0 
7f14e421a000-7f14e431a000 rw-p 00000000 00:00 0 
7f14e431a000-7f14e431b000 ---p 00000000 00:00 0 
7f14e431b000-7f14e441b000 rw-p 00000000 00:00 0 
7f14e441b000-7f14e441c000 ---p 00000000 00:00 0 
7f14e441c000-7f14e4568000 rw-p 00000000 00:00 0 
7f14e4568000-7f14e48dc000 ---p 00000000 00:00 0 
7f14e48dc000-7f14e48f6000 r-xp 00000000 08:01 29099                      /opt/electriccloud/electriccommander/jre/lib/amd64/libzip.so
7f14e48f6000-7f14e4af6000 ---p 0001a000 08:01 29099                      /opt/electriccloud/electriccommander/jre/lib/amd64/libzip.so
7f14e4af6000-7f14e4af7000 rw-p 0001a000 08:01 29099                      /opt/electriccloud/electriccommander/jre/lib/amd64/libzip.so
7f14e4af7000-7f14e4b03000 r-xp 00000000 08:01 666277                     /lib/x86_64-linux-gnu/libnss_files-2.15.so
7f14e4b03000-7f14e4d02000 ---p 0000c000 08:01 666277                     /lib/x86_64-linux-gnu/libnss_files-2.15.so
7f14e4d02000-7f14e4d03000 r--p 0000b000 08:01 666277                     /lib/x86_64-linux-gnu/libnss_files-2.15.so
7f14e4d03000-7f14e4d04000 rw-p 0000c000 08:01 666277                     /lib/x86_64-linux-gnu/libnss_files-2.15.so
7f14e4d04000-7f14e4d0e000 r-xp 00000000 08:01 666281                     /lib/x86_64-linux-gnu/libnss_nis-2.15.so
7f14e4d0e000-7f14e4f0e000 ---p 0000a000 08:01 666281                     /lib/x86_64-linux-gnu/libnss_nis-2.15.so
7f14e4f0e000-7f14e4f0f000 r--p 0000a000 08:01 666281                     /lib/x86_64-linux-gnu/libnss_nis-2.15.so
7f14e4f0f000-7f14e4f10000 rw-p 0000b000 08:01 666281                     /lib/x86_64-linux-gnu/libnss_nis-2.15.so
7f14e4f10000-7f14e4f27000 r-xp 00000000 08:01 666296                     /lib/x86_64-linux-gnu/libnsl-2.15.so
7f14e4f27000-7f14e5126000 ---p 00017000 08:01 666296                     /lib/x86_64-linux-gnu/libnsl-2.15.so
7f14e5126000-7f14e5127000 r--p 00016000 08:01 666296                     /lib/x86_64-linux-gnu/libnsl-2.15.so
7f14e5127000-7f14e5128000 rw-p 00017000 08:01 666296                     /lib/x86_64-linux-gnu/libnsl-2.15.so
7f14e5128000-7f14e512a000 rw-p 00000000 00:00 0 
7f14e512a000-7f14e5132000 r-xp 00000000 08:01 666275                     /lib/x86_64-linux-gnu/libnss_compat-2.15.so
7f14e5132000-7f14e5331000 ---p 00008000 08:01 666275                     /lib/x86_64-linux-gnu/libnss_compat-2.15.so
7f14e5331000-7f14e5332000 r--p 00007000 08:01 666275                     /lib/x86_64-linux-gnu/libnss_compat-2.15.so
7f14e5332000-7f14e5333000 rw-p 00008000 08:01 666275                     /lib/x86_64-linux-gnu/libnss_compat-2.15.so
7f14e5333000-7f14e535d000 r-xp 00000000 08:01 29052                      /opt/electriccloud/electriccommander/jre/lib/amd64/libjava.so
7f14e535d000-7f14e555d000 ---p 0002a000 08:01 29052                      /opt/electriccloud/electriccommander/jre/lib/amd64/libjava.so
7f14e555d000-7f14e555f000 rw-p 0002a000 08:01 29052                      /opt/electriccloud/electriccommander/jre/lib/amd64/libjava.so
7f14e555f000-7f14e556c000 r-xp 00000000 08:01 29098                      /opt/electriccloud/electriccommander/jre/lib/amd64/libverify.so
7f14e556c000-7f14e576c000 ---p 0000d000 08:01 29098                      /opt/electriccloud/electriccommander/jre/lib/amd64/libverify.so
7f14e576c000-7f14e576e000 rw-p 0000d000 08:01 29098                      /opt/electriccloud/electriccommander/jre/lib/amd64/libverify.so
7f14e576e000-7f14e5775000 r-xp 00000000 08:01 666280                     /lib/x86_64-linux-gnu/librt-2.15.so
7f14e5775000-7f14e5974000 ---p 00007000 08:01 666280                     /lib/x86_64-linux-gnu/librt-2.15.so
7f14e5974000-7f14e5975000 r--p 00006000 08:01 666280                     /lib/x86_64-linux-gnu/librt-2.15.so
7f14e5975000-7f14e5976000 rw-p 00007000 08:01 666280                     /lib/x86_64-linux-gnu/librt-2.15.so
7f14e5976000-7f14e5a71000 r-xp 00000000 08:01 666284                     /lib/x86_64-linux-gnu/libm-2.15.so
7f14e5a71000-7f14e5c70000 ---p 000fb000 08:01 666284                     /lib/x86_64-linux-gnu/libm-2.15.so
7f14e5c70000-7f14e5c71000 r--p 000fa000 08:01 666284                     /lib/x86_64-linux-gnu/libm-2.15.so
7f14e5c71000-7f14e5c72000 rw-p 000fb000 08:01 666284                     /lib/x86_64-linux-gnu/libm-2.15.so
7f14e5c72000-7f14e68df000 r-xp 00000000 08:01 29106                      /opt/electriccloud/electriccommander/jre/lib/amd64/server/libjvm.so
7f14e68df000-7f14e6ade000 ---p 00c6d000 08:01 29106                      /opt/electriccloud/electriccommander/jre/lib/amd64/server/libjvm.so
7f14e6ade000-7f14e6bb4000 rw-p 00c6c000 08:01 29106                      /opt/electriccloud/electriccommander/jre/lib/amd64/server/libjvm.so
7f14e6bb4000-7f14e6bf7000 rw-p 00000000 00:00 0 
7f14e6bf7000-7f14e6dac000 r-xp 00000000 08:01 666273                     /lib/x86_64-linux-gnu/libc-2.15.so
7f14e6dac000-7f14e6fac000 ---p 001b5000 08:01 666273                     /lib/x86_64-linux-gnu/libc-2.15.so
7f14e6fac000-7f14e6fb0000 r--p 001b5000 08:01 666273                     /lib/x86_64-linux-gnu/libc-2.15.so
7f14e6fb0000-7f14e6fb2000 rw-p 001b9000 08:01 666273                     /lib/x86_64-linux-gnu/libc-2.15.so
7f14e6fb2000-7f14e6fb7000 rw-p 00000000 00:00 0 
7f14e6fb7000-7f14e6fb9000 r-xp 00000000 08:01 666288                     /lib/x86_64-linux-gnu/libdl-2.15.so
7f14e6fb9000-7f14e71b9000 ---p 00002000 08:01 666288                     /lib/x86_64-linux-gnu/libdl-2.15.so
7f14e71b9000-7f14e71ba000 r--p 00002000 08:01 666288                     /lib/x86_64-linux-gnu/libdl-2.15.so
7f14e71ba000-7f14e71bb000 rw-p 00003000 08:01 666288                     /lib/x86_64-linux-gnu/libdl-2.15.so
7f14e71bb000-7f14e71d0000 r-xp 00000000 08:01 29102                      /opt/electriccloud/electriccommander/jre/lib/amd64/jli/libjli.so
7f14e71d0000-7f14e73cf000 ---p 00015000 08:01 29102                      /opt/electriccloud/electriccommander/jre/lib/amd64/jli/libjli.so
7f14e73cf000-7f14e73d0000 rw-p 00014000 08:01 29102                      /opt/electriccloud/electriccommander/jre/lib/amd64/jli/libjli.so
7f14e73d0000-7f14e73e8000 r-xp 00000000 08:01 666282                     /lib/x86_64-linux-gnu/libpthread-2.15.so
7f14e73e8000-7f14e75e7000 ---p 00018000 08:01 666282                     /lib/x86_64-linux-gnu/libpthread-2.15.so
7f14e75e7000-7f14e75e8000 r--p 00017000 08:01 666282                     /lib/x86_64-linux-gnu/libpthread-2.15.so
7f14e75e8000-7f14e75e9000 rw-p 00018000 08:01 666282                     /lib/x86_64-linux-gnu/libpthread-2.15.so
7f14e75e9000-7f14e75ed000 rw-p 00000000 00:00 0 
7f14e75ed000-7f14e760f000 r-xp 00000000 08:01 666285                     /lib/x86_64-linux-gnu/ld-2.15.so
7f14e7610000-7f14e7613000 r--s 0003a000 08:01 29271                      /opt/electriccloud/electriccommander/jre/lib/ext/sunpkcs11.jar
7f14e7613000-7f14e7669000 rw-p 00000000 00:00 0 
7f14e7669000-7f14e76be000 rw-p 00000000 00:00 0 
7f14e76be000-7f14e76e9000 rw-p 00000000 00:00 0 
7f14e76e9000-7f14e76ea000 rw-p 00000000 00:00 0 
7f14e76ea000-7f14e76ed000 ---p 00000000 00:00 0 
7f14e76ed000-7f14e77ef000 rw-p 00000000 00:00 0 
7f14e77ef000-7f14e77f0000 r--s 00009000 08:01 29268                      /opt/electriccloud/electriccommander/jre/lib/ext/sunec.jar
7f14e77f0000-7f14e77f1000 r--s 00010000 08:01 29272                      /opt/electriccloud/electriccommander/jre/lib/ext/zipfs.jar
7f14e77f1000-7f14e77f6000 r--s 0003f000 08:01 29270                      /opt/electriccloud/electriccommander/jre/lib/ext/sunjce_provider.jar
7f14e77f6000-7f14e77f7000 r--s 00000000 08:01 32143                      /opt/electriccloud/CommanderSDK/lib/jcip-annotations.jar
7f14e77f7000-7f14e77f9000 r--s 00004000 08:01 32134                      /opt/electriccloud/CommanderSDK/lib/annotations.jar
7f14e77f9000-7f14e77fb000 r--s 0000e000 08:01 32146                      /opt/electriccloud/CommanderSDK/lib/validation-api-1.0.0.GA-sources.jar
7f14e77fb000-7f14e77fe000 r--s 00009000 08:01 32145                      /opt/electriccloud/CommanderSDK/lib/validation-api-1.0.0.GA.jar
7f14e77fe000-7f14e7803000 rw-p 00000000 00:00 0 
7f14e7803000-7f14e780b000 rw-s 00000000 08:01 35571                      /tmp/hsperfdata_lrochette/4501
7f14e780b000-7f14e780c000 rw-p 00000000 00:00 0 
7f14e780c000-7f14e780d000 r--p 00000000 00:00 0 
7f14e780d000-7f14e780f000 rw-p 00000000 00:00 0 
7f14e780f000-7f14e7810000 r--p 00022000 08:01 666285                     /lib/x86_64-linux-gnu/ld-2.15.so
7f14e7810000-7f14e7812000 rw-p 00023000 08:01 666285                     /lib/x86_64-linux-gnu/ld-2.15.so
7fff4157f000-7fff415a0000 rw-p 00000000 00:00 0                          [stack]
7fff415ff000-7fff41600000 r-xp 00000000 00:00 0                          [vdso]
ffffffffff600000-ffffffffff601000 r-xp 00000000 00:00 0                  [vsyscall]

VM Arguments:
jvm_args: -Xmx256m 
java_command: com.google.gwt.dev.Compiler -war /home/lrochette/GitHub/EC-ShareFile/src/out/gwt-out/htdocs/war -logLevel INFO -style OBF -localWorkers 1 ecplugins.ShareFile.ConfigurationManagement
java_class_path (initial): /opt/electriccloud/CommanderSDK/lib/commander-client.jar:/opt/electriccloud/electriccommander/plugins/EC-Admin-2.12.1.304/lib5/ec_internal.jar:/opt/electriccloud/electriccommander/plugins/EC-Admin-2.12.1.304/lib5/gin-2.1.1.jar:/opt/electriccloud/electriccommander/plugins/EC-Admin-2.12.1.304/lib5/gwtp-all-0.8-PATCH5.jar:/opt/electriccloud/electriccommander/plugins/EC-Admin-2.12.1.304/lib5/javax.inject.jar:/opt/electriccloud/electriccommander/plugins/EC-Admin-2.12.1.304/lib5/guice-assistedinject.jar:/opt/electriccloud/electriccommander/plugins/EC-Admin-2.12.1.304/lib5/guice.jar:/opt/electriccloud/electriccommander/plugins/EC-Admin-2.12.1.304/lib5/annotations.jar:/opt/electriccloud/CommanderSDK/lib/gwt-user.jar:/opt/electriccloud/CommanderSDK/lib/gwt-dev.jar:/opt/electriccloud/CommanderSDK/lib/validation-api-1.0.0.GA.jar:/opt/electriccloud/CommanderSDK/lib/validation-api-1.0.0.GA-sources.jar:/opt/electriccloud/CommanderSDK/lib/guava.jar:/opt/electriccloud/CommanderSDK/lib/guava-gwt.jar:/opt/electriccloud/CommanderSDK/lib/annotations.jar:/opt/electriccloud/CommanderSDK/lib/jcip-annotations.jar:/home/lrochette/GitHub/EC-ShareFile/src/src:/opt/electriccloud/CommanderSDK/lib/ec-gwt.jar:/opt/electriccloud/electriccommander/utils/commander-client.jar
Launcher Type: SUN_STANDARD

Environment Variables:
JAVA_HOME=/opt/electriccloud/electriccommander/jre
PATH=/opt/electriccloud/electriccommander/bin:/opt/TEE:/usr/local/sbin:/usr/local/bin:/usr/sbin:/usr/bin:/sbin:/bin:/usr/games:/opt/electriccloud/electriccommander/bin:/opt/electriccloud/electriccommander/bin
SHELL=/usr/bin/tcsh
HOSTTYPE=x86_64-linux
OSTYPE=linux
MACHTYPE=x86_64

Signal Handlers:
SIGSEGV: [libjvm.so+0xa79a80], sa_mask[0]=11111111011111111101111111111110, sa_flags=SA_RESTART|SA_SIGINFO
SIGBUS: [libjvm.so+0xa79a80], sa_mask[0]=11111111011111111101111111111110, sa_flags=SA_RESTART|SA_SIGINFO
SIGFPE: [libjvm.so+0x8e24e0], sa_mask[0]=11111111011111111101111111111110, sa_flags=SA_RESTART|SA_SIGINFO
SIGPIPE: [libjvm.so+0x8e24e0], sa_mask[0]=11111111011111111101111111111110, sa_flags=SA_RESTART|SA_SIGINFO
SIGXFSZ: [libjvm.so+0x8e24e0], sa_mask[0]=11111111011111111101111111111110, sa_flags=SA_RESTART|SA_SIGINFO
SIGILL: [libjvm.so+0x8e24e0], sa_mask[0]=11111111011111111101111111111110, sa_flags=SA_RESTART|SA_SIGINFO
SIGUSR1: SIG_DFL, sa_mask[0]=00000000000000000000000000000000, sa_flags=none
SIGUSR2: [libjvm.so+0x8e3d10], sa_mask[0]=00100000000000000000000000000000, sa_flags=SA_RESTART|SA_SIGINFO
SIGHUP: [libjvm.so+0x8e50d0], sa_mask[0]=11111111011111111101111111111110, sa_flags=SA_RESTART|SA_SIGINFO
SIGINT: [libjvm.so+0x8e50d0], sa_mask[0]=11111111011111111101111111111110, sa_flags=SA_RESTART|SA_SIGINFO
SIGTERM: [libjvm.so+0x8e50d0], sa_mask[0]=11111111011111111101111111111110, sa_flags=SA_RESTART|SA_SIGINFO
SIGQUIT: [libjvm.so+0x8e50d0], sa_mask[0]=11111111011111111101111111111110, sa_flags=SA_RESTART|SA_SIGINFO


---------------  S Y S T E M  ---------------

OS:DISTRIB_ID=Ubuntu
DISTRIB_RELEASE=12.04
DISTRIB_CODENAME=precise
DISTRIB_DESCRIPTION="Ubuntu 12.04.4 LTS"

uname:Linux 3.2.0-64-generic #97-Ubuntu SMP Wed Jun 4 22:04:21 UTC 2014 x86_64
libc:glibc 2.15 NPTL 2.15 
rlimit: STACK 8192k, CORE infinity, NPROC 31449, NOFILE 4096, AS infinity
load average:1.60 0.61 0.50

/proc/meminfo:
MemTotal:        4049600 kB
MemFree:           84928 kB
Buffers:             304 kB
Cached:            13104 kB
SwapCached:            0 kB
Active:          3819348 kB
Inactive:           7096 kB
Active(anon):    3814112 kB
Inactive(anon):      708 kB
Active(file):       5236 kB
Inactive(file):     6388 kB
Unevictable:           0 kB
Mlocked:               0 kB
SwapTotal:             0 kB
SwapFree:              0 kB
Dirty:               140 kB
Writeback:             0 kB
AnonPages:       3814080 kB
Mapped:             7380 kB
Shmem:              1280 kB
Slab:              39300 kB
SReclaimable:      16516 kB
SUnreclaim:        22784 kB
KernelStack:        5520 kB
PageTables:        24476 kB
NFS_Unstable:          0 kB
Bounce:                0 kB
WritebackTmp:          0 kB
CommitLimit:     2024800 kB
Committed_AS:    5242872 kB
VmallocTotal:   34359738367 kB
VmallocUsed:       70116 kB
VmallocChunk:   34359665392 kB
HardwareCorrupted:     0 kB
AnonHugePages:         0 kB
HugePages_Total:       0
HugePages_Free:        0
HugePages_Rsvd:        0
HugePages_Surp:        0
Hugepagesize:       2048 kB
DirectMap4k:       67520 kB
DirectMap2M:     4126720 kB


CPU:total 4 (4 cores per cpu, 1 threads per core) family 6 model 70 stepping 1, cmov, cx8, fxsr, mmx, sse, sse2, sse3, ssse3, tsc

/proc/cpuinfo:
processor	: 0
vendor_id	: GenuineIntel
cpu family	: 6
model		: 70
model name	: Intel(R) Core(TM) i7-4850HQ CPU @ 2.30GHz
stepping	: 1
microcode	: 0x19
cpu MHz		: 2299.059
cache size	: 6144 KB
physical id	: 0
siblings	: 4
core id		: 0
cpu cores	: 4
apicid		: 0
initial apicid	: 0
fpu		: yes
fpu_exception	: yes
cpuid level	: 5
wp		: yes
flags		: fpu vme de pse tsc msr pae mce cx8 apic sep mtrr pge mca cmov pat pse36 clflush mmx fxsr sse sse2 ht syscall nx rdtscp lm constant_tsc rep_good nopl pni ssse3 lahf_lm
bogomips	: 4598.11
clflush size	: 64
cache_alignment	: 64
address sizes	: 39 bits physical, 48 bits virtual
power management:

processor	: 1
vendor_id	: GenuineIntel
cpu family	: 6
model		: 70
model name	: Intel(R) Core(TM) i7-4850HQ CPU @ 2.30GHz
stepping	: 1
microcode	: 0x19
cpu MHz		: 2299.059
cache size	: 6144 KB
physical id	: 0
siblings	: 4
core id		: 1
cpu cores	: 4
apicid		: 1
initial apicid	: 1
fpu		: yes
fpu_exception	: yes
cpuid level	: 5
wp		: yes
flags		: fpu vme de pse tsc msr pae mce cx8 apic sep mtrr pge mca cmov pat pse36 clflush mmx fxsr sse sse2 ht syscall nx rdtscp lm constant_tsc rep_good nopl pni ssse3 lahf_lm
bogomips	: 4587.34
clflush size	: 64
cache_alignment	: 64
address sizes	: 39 bits physical, 48 bits virtual
power management:

processor	: 2
vendor_id	: GenuineIntel
cpu family	: 6
model		: 70
model name	: Intel(R) Core(TM) i7-4850HQ CPU @ 2.30GHz
stepping	: 1
microcode	: 0x19
cpu MHz		: 2299.059
cache size	: 6144 KB
physical id	: 0
siblings	: 4
core id		: 2
cpu cores	: 4
apicid		: 2
initial apicid	: 2
fpu		: yes
fpu_exception	: yes
cpuid level	: 5
wp		: yes
flags		: fpu vme de pse tsc msr pae mce cx8 apic sep mtrr pge mca cmov pat pse36 clflush mmx fxsr sse sse2 ht syscall nx rdtscp lm constant_tsc rep_good nopl pni ssse3 lahf_lm
bogomips	: 4585.34
clflush size	: 64
cache_alignment	: 64
address sizes	: 39 bits physical, 48 bits virtual
power management:

processor	: 3
vendor_id	: GenuineIntel
cpu family	: 6
model		: 70
model name	: Intel(R) Core(TM) i7-4850HQ CPU @ 2.30GHz
stepping	: 1
microcode	: 0x19
cpu MHz		: 2299.059
cache size	: 6144 KB
physical id	: 0
siblings	: 4
core id		: 3
cpu cores	: 4
apicid		: 3
initial apicid	: 3
fpu		: yes
fpu_exception	: yes
cpuid level	: 5
wp		: yes
flags		: fpu vme de pse tsc msr pae mce cx8 apic sep mtrr pge mca cmov pat pse36 clflush mmx fxsr sse sse2 ht syscall nx rdtscp lm constant_tsc rep_good nopl pni ssse3 lahf_lm
bogomips	: 4603.41
clflush size	: 64
cache_alignment	: 64
address sizes	: 39 bits physical, 48 bits virtual
power management:



Memory: 4k page, physical 4049600k(85144k free), swap 0k(0k free)

vm_info: Java HotSpot(TM) 64-Bit Server VM (25.25-b02) for linux-amd64 JRE (1.8.0_25-b17), built on Sep 17 2014 17:32:11 by "java_re" with gcc 4.3.0 20080428 (Red Hat 4.3.0-8)

time: Thu Oct  8 23:26:59 2015
elapsed time: 14 seconds (0d 0h 0m 14s)

