#
# There is insufficient memory for the Java Runtime Environment to continue.
# Native memory allocation (mmap) failed to map 41418752 bytes for committing reserved memory.
# Possible reasons:
#   The system is out of physical RAM or swap space
#   In 32 bit mode, the process size limit was hit
# Possible solutions:
#   Reduce memory load on the system
#   Increase physical memory or swap space
#   Check if swap backing store is full
#   Use 64 bit Java on a 64 bit OS
#   Decrease Java heap size (-Xmx/-Xms)
#   Decrease number of Java threads
#   Decrease Java thread stack sizes (-Xss)
#   Set larger code cache with -XX:ReservedCodeCacheSize=
# This output file may be truncated or incomplete.
#
#  Out of Memory Error (os_linux.cpp:2671), pid=2547, tid=140126688614144
#
# JRE version: Java(TM) SE Runtime Environment (8.0_25-b17) (build 1.8.0_25-b17)
# Java VM: Java HotSpot(TM) 64-Bit Server VM (25.25-b02 mixed mode linux-amd64 compressed oops)
# Core dump written. Default location: /home/lrochette/GitHub/EC-ShareFile/src/core or core.2547
#

---------------  T H R E A D  ---------------

Current thread (0x00007f71dc073800):  VMThread [stack: 0x00007f71c96f9000,0x00007f71c97fa000] [id=2556]

Stack: [0x00007f71c96f9000,0x00007f71c97fa000],  sp=0x00007f71c97f7fc0,  free space=1019k
Native frames: (J=compiled Java code, j=interpreted, Vv=VM code, C=native code)
V  [libjvm.so+0xa7923a]  VMError::report_and_die()+0x2ca
V  [libjvm.so+0x4e552b]  report_vm_out_of_memory(char const*, int, unsigned long, VMErrorType, char const*)+0x8b
V  [libjvm.so+0x8e5613]  os::Linux::commit_memory_impl(char*, unsigned long, bool)+0x103
V  [libjvm.so+0x8e5b69]  os::pd_commit_memory(char*, unsigned long, unsigned long, bool)+0x29
V  [libjvm.so+0x8df83a]  os::commit_memory(char*, unsigned long, unsigned long, bool)+0x2a
V  [libjvm.so+0x94f923]  PSVirtualSpace::expand_by(unsigned long)+0x53
V  [libjvm.so+0x940640]  PSOldGen::expand(unsigned long)+0x170
V  [libjvm.so+0x94084b]  PSOldGen::resize(unsigned long)+0x1cb
V  [libjvm.so+0x948441]  PSParallelCompact::invoke_no_policy(bool)+0x9d1
V  [libjvm.so+0x94da4d]  PSScavenge::invoke()+0x1ad
V  [libjvm.so+0x907800]  ParallelScavengeHeap::failed_mem_allocate(unsigned long)+0x70
V  [libjvm.so+0xa7a8b7]  VM_ParallelGCFailedAllocation::doit()+0x97
V  [libjvm.so+0xa81fd5]  VM_Operation::evaluate()+0x55
V  [libjvm.so+0xa803aa]  VMThread::evaluate_operation(VM_Operation*)+0xba
V  [libjvm.so+0xa8072e]  VMThread::loop()+0x1ce
V  [libjvm.so+0xa80ba0]  VMThread::run()+0x70
V  [libjvm.so+0x8e7d48]  java_start(Thread*)+0x108

VM_Operation (0x00007f71e226ccb0): ParallelGCFailedAllocation, mode: safepoint, requested by thread 0x00007f71dc00a800


---------------  P R O C E S S  ---------------

Java Threads: ( => current thread )
  0x00007f71840f8000 JavaThread "Keep-Alive-Timer" daemon [_thread_blocked, id=2567, stack(0x00007f71c80c2000,0x00007f71c81c3000)]
  0x00007f7184077000 JavaThread "Timer-0" daemon [_thread_blocked, id=2566, stack(0x00007f71c8617000,0x00007f71c8718000)]
  0x00007f71dc0b9000 JavaThread "Service Thread" daemon [_thread_blocked, id=2563, stack(0x00007f71c8d29000,0x00007f71c8e2a000)]
  0x00007f71dc0b1000 JavaThread "C1 CompilerThread2" daemon [_thread_blocked, id=2562, stack(0x00007f71c8e2a000,0x00007f71c8f2b000)]
  0x00007f71dc0af000 JavaThread "C2 CompilerThread1" daemon [_thread_blocked, id=2561, stack(0x00007f71c8f2b000,0x00007f71c902c000)]
  0x00007f71dc0ac000 JavaThread "C2 CompilerThread0" daemon [_thread_blocked, id=2560, stack(0x00007f71c902c000,0x00007f71c912d000)]
  0x00007f71dc0aa000 JavaThread "Signal Dispatcher" daemon [_thread_blocked, id=2559, stack(0x00007f71c912d000,0x00007f71c922e000)]
  0x00007f71dc07c800 JavaThread "Finalizer" daemon [_thread_blocked, id=2558, stack(0x00007f71c94f7000,0x00007f71c95f8000)]
  0x00007f71dc07a800 JavaThread "Reference Handler" daemon [_thread_blocked, id=2557, stack(0x00007f71c95f8000,0x00007f71c96f9000)]
  0x00007f71dc00a800 JavaThread "main" [_thread_blocked, id=2551, stack(0x00007f71e216e000,0x00007f71e226f000)]

Other Threads:
=>0x00007f71dc073800 VMThread [stack: 0x00007f71c96f9000,0x00007f71c97fa000] [id=2556]
  0x00007f71dc0bb000 WatcherThread [stack: 0x00007f71c8c28000,0x00007f71c8d29000] [id=2564]

VM state:at safepoint (normal execution)

VM Mutex/Monitor currently owned by a thread:  ([mutex/lock_event])
[0x00007f71dc006330] ExpandHeap_lock - owner thread: 0x00007f71dc073800
[0x00007f71dc0069b0] Threads_lock - owner thread: 0x00007f71dc073800
[0x00007f71dc006eb0] Heap_lock - owner thread: 0x00007f71dc00a800

Heap:
 PSYoungGen      total 69120K, used 9683K [0x00000000fab00000, 0x0000000100000000, 0x0000000100000000)
  eden space 51200K, 0% used [0x00000000fab00000,0x00000000fab00000,0x00000000fdd00000)
  from space 17920K, 54% used [0x00000000fdd00000,0x00000000fe674cf8,0x00000000fee80000)
  to   space 17920K, 0% used [0x00000000fee80000,0x00000000fee80000,0x0000000100000000)
 ParOldGen       total 44544K, used 44405K [0x00000000f0000000, 0x00000000f2b80000, 0x00000000fab00000)
  object space 44544K, 99% used [0x00000000f0000000,0x00000000f2b5d720,0x00000000f2b80000)
 Metaspace       used 12426K, capacity 12690K, committed 12800K, reserved 1060864K
  class space    used 1422K, capacity 1491K, committed 1536K, reserved 1048576K

Card table byte_map: [0x00007f71e20ed000,0x00007f71e216e000] byte_map_base: 0x00007f71e196d000

Marking Bits: (ParMarkBitMap*) 0x00007f71e16502c0
 Begin Bits: [0x00007f71cb2ab000, 0x00007f71cb6ab000)
 End Bits:   [0x00007f71cb6ab000, 0x00007f71cbaab000)

Polling page: 0x00007f71e2290000

CodeCache: size=245760Kb used=5952Kb max_used=5962Kb free=239807Kb
 bounds [0x00007f71cc16e000, 0x00007f71cc74e000, 0x00007f71db16e000]
 total_blobs=2033 nmethods=1715 adapters=233
 compilation: enabled

Compilation events (10 events):
Event: 3.195 Thread 0x00007f71dc0b1000 nmethod 1716 0x00007f71cc740210 code [0x00007f71cc740360, 0x00007f71cc740470]
Event: 3.195 Thread 0x00007f71dc0b1000 1717       1       com.google.gwt.dev.javac.CompiledClass::getSourceName (5 bytes)
Event: 3.196 Thread 0x00007f71dc0b1000 nmethod 1717 0x00007f71cc73ff50 code [0x00007f71cc7400a0, 0x00007f71cc7401b0]
Event: 3.196 Thread 0x00007f71dc0b1000 1718       3       sun.reflect.DelegatingConstructorAccessorImpl::newInstance (9 bytes)
Event: 3.196 Thread 0x00007f71dc0af000 nmethod 1705 0x00007f71cc745ad0 code [0x00007f71cc745c40, 0x00007f71cc7468a8]
Event: 3.196 Thread 0x00007f71dc0b1000 nmethod 1718 0x00007f71cc73fb10 code [0x00007f71cc73fc80, 0x00007f71cc73fea8]
Event: 3.196 Thread 0x00007f71dc0b1000 1719       3       java.util.IdentityHashMap::hash (18 bytes)
Event: 3.196 Thread 0x00007f71dc0b1000 nmethod 1719 0x00007f71cc73f790 code [0x00007f71cc73f900, 0x00007f71cc73fa88]
Event: 3.197 Thread 0x00007f71dc0b1000 1720       3       java.util.HashMap$HashIterator::nextNode (100 bytes)
Event: 3.197 Thread 0x00007f71dc0b1000 nmethod 1720 0x00007f71cc745210 code [0x00007f71cc7453c0, 0x00007f71cc745898]

GC Heap History (10 events):
Event: 1.367 GC heap after
Heap after GC invocations=3 (full 0):
 PSYoungGen      total 18432K, used 2536K [0x00000000fab00000, 0x00000000fcf00000, 0x0000000100000000)
  eden space 15872K, 0% used [0x00000000fab00000,0x00000000fab00000,0x00000000fba80000)
  from space 2560K, 99% used [0x00000000fba80000,0x00000000fbcfa050,0x00000000fbd00000)
  to   space 2560K, 0% used [0x00000000fcc80000,0x00000000fcc80000,0x00000000fcf00000)
 ParOldGen       total 42496K, used 5879K [0x00000000f0000000, 0x00000000f2980000, 0x00000000fab00000)
  object space 42496K, 13% used [0x00000000f0000000,0x00000000f05bdf28,0x00000000f2980000)
 Metaspace       used 10397K, capacity 10736K, committed 11008K, reserved 1058816K
  class space    used 1180K, capacity 1256K, committed 1280K, reserved 1048576K
}
Event: 1.559 GC heap before
{Heap before GC invocations=4 (full 0):
 PSYoungGen      total 18432K, used 18408K [0x00000000fab00000, 0x00000000fcf00000, 0x0000000100000000)
  eden space 15872K, 100% used [0x00000000fab00000,0x00000000fba80000,0x00000000fba80000)
  from space 2560K, 99% used [0x00000000fba80000,0x00000000fbcfa050,0x00000000fbd00000)
  to   space 2560K, 0% used [0x00000000fcc80000,0x00000000fcc80000,0x00000000fcf00000)
 ParOldGen       total 42496K, used 5879K [0x00000000f0000000, 0x00000000f2980000, 0x00000000fab00000)
  object space 42496K, 13% used [0x00000000f0000000,0x00000000f05bdf28,0x00000000f2980000)
 Metaspace       used 10417K, capacity 10754K, committed 11008K, reserved 1058816K
  class space    used 1182K, capacity 1259K, committed 1280K, reserved 1048576K
Event: 1.590 GC heap after
Heap after GC invocations=4 (full 0):
 PSYoungGen      total 34304K, used 2528K [0x00000000fab00000, 0x00000000fcf00000, 0x0000000100000000)
  eden space 31744K, 0% used [0x00000000fab00000,0x00000000fab00000,0x00000000fca00000)
  from space 2560K, 98% used [0x00000000fcc80000,0x00000000fcef8040,0x00000000fcf00000)
  to   space 2560K, 0% used [0x00000000fca00000,0x00000000fca00000,0x00000000fcc80000)
 ParOldGen       total 42496K, used 10796K [0x00000000f0000000, 0x00000000f2980000, 0x00000000fab00000)
  object space 42496K, 25% used [0x00000000f0000000,0x00000000f0a8b2e0,0x00000000f2980000)
 Metaspace       used 10417K, capacity 10754K, committed 11008K, reserved 1058816K
  class space    used 1182K, capacity 1259K, committed 1280K, reserved 1048576K
}
Event: 2.078 GC heap before
{Heap before GC invocations=5 (full 0):
 PSYoungGen      total 34304K, used 34272K [0x00000000fab00000, 0x00000000fcf00000, 0x0000000100000000)
  eden space 31744K, 100% used [0x00000000fab00000,0x00000000fca00000,0x00000000fca00000)
  from space 2560K, 98% used [0x00000000fcc80000,0x00000000fcef8040,0x00000000fcf00000)
  to   space 2560K, 0% used [0x00000000fca00000,0x00000000fca00000,0x00000000fcc80000)
 ParOldGen       total 42496K, used 10796K [0x00000000f0000000, 0x00000000f2980000, 0x00000000fab00000)
  object space 42496K, 25% used [0x00000000f0000000,0x00000000f0a8b2e0,0x00000000f2980000)
 Metaspace       used 10459K, capacity 10796K, committed 11008K, reserved 1058816K
  class space    used 1188K, capacity 1266K, committed 1280K, reserved 1048576K
Event: 2.259 GC heap after
Heap after GC invocations=5 (full 0):
 PSYoungGen      total 34304K, used 2560K [0x00000000fab00000, 0x0000000100000000, 0x0000000100000000)
  eden space 31744K, 0% used [0x00000000fab00000,0x00000000fab00000,0x00000000fca00000)
  from space 2560K, 100% used [0x00000000fca00000,0x00000000fcc80000,0x00000000fcc80000)
  to   space 14336K, 0% used [0x00000000ff200000,0x00000000ff200000,0x0000000100000000)
 ParOldGen       total 42496K, used 21908K [0x00000000f0000000, 0x00000000f2980000, 0x00000000fab00000)
  object space 42496K, 51% used [0x00000000f0000000,0x00000000f15653f0,0x00000000f2980000)
 Metaspace       used 10459K, capacity 10796K, committed 11008K, reserved 1058816K
  class space    used 1188K, capacity 1266K, committed 1280K, reserved 1048576K
}
Event: 2.567 GC heap before
{Heap before GC invocations=6 (full 0):
 PSYoungGen      total 34304K, used 34304K [0x00000000fab00000, 0x0000000100000000, 0x0000000100000000)
  eden space 31744K, 100% used [0x00000000fab00000,0x00000000fca00000,0x00000000fca00000)
  from space 2560K, 100% used [0x00000000fca00000,0x00000000fcc80000,0x00000000fcc80000)
  to   space 14336K, 0% used [0x00000000ff200000,0x00000000ff200000,0x0000000100000000)
 ParOldGen       total 42496K, used 21908K [0x00000000f0000000, 0x00000000f2980000, 0x00000000fab00000)
  object space 42496K, 51% used [0x00000000f0000000,0x00000000f15653f0,0x00000000f2980000)
 Metaspace       used 11540K, capacity 11852K, committed 11904K, reserved 1060864K
  class space    used 1301K, capacity 1362K, committed 1408K, reserved 1048576K
Event: 2.679 GC heap after
Heap after GC invocations=6 (full 0):
 PSYoungGen      total 65536K, used 14304K [0x00000000fab00000, 0x0000000100000000, 0x0000000100000000)
  eden space 51200K, 0% used [0x00000000fab00000,0x00000000fab00000,0x00000000fdd00000)
  from space 14336K, 99% used [0x00000000ff200000,0x00000000ffff8030,0x0000000100000000)
  to   space 17920K, 0% used [0x00000000fdd00000,0x00000000fdd00000,0x00000000fee80000)
 ParOldGen       total 42496K, used 22757K [0x00000000f0000000, 0x00000000f2980000, 0x00000000fab00000)
  object space 42496K, 53% used [0x00000000f0000000,0x00000000f1639650,0x00000000f2980000)
 Metaspace       used 11540K, capacity 11852K, committed 11904K, reserved 1060864K
  class space    used 1301K, capacity 1362K, committed 1408K, reserved 1048576K
}
Event: 3.198 GC heap before
{Heap before GC invocations=7 (full 0):
 PSYoungGen      total 65536K, used 65504K [0x00000000fab00000, 0x0000000100000000, 0x0000000100000000)
  eden space 51200K, 100% used [0x00000000fab00000,0x00000000fdd00000,0x00000000fdd00000)
  from space 14336K, 99% used [0x00000000ff200000,0x00000000ffff8030,0x0000000100000000)
  to   space 17920K, 0% used [0x00000000fdd00000,0x00000000fdd00000,0x00000000fee80000)
 ParOldGen       total 42496K, used 22757K [0x00000000f0000000, 0x00000000f2980000, 0x00000000fab00000)
  object space 42496K, 53% used [0x00000000f0000000,0x00000000f1639650,0x00000000f2980000)
 Metaspace       used 12426K, capacity 12690K, committed 12800K, reserved 1060864K
  class space    used 1422K, capacity 1491K, committed 1536K, reserved 1048576K
Event: 3.708 GC heap after
Heap after GC invocations=7 (full 0):
 PSYoungGen      total 69120K, used 17904K [0x00000000fab00000, 0x0000000100000000, 0x0000000100000000)
  eden space 51200K, 0% used [0x00000000fab00000,0x00000000fab00000,0x00000000fdd00000)
  from space 17920K, 99% used [0x00000000fdd00000,0x00000000fee7c030,0x00000000fee80000)
  to   space 17920K, 0% used [0x00000000fee80000,0x00000000fee80000,0x0000000100000000)
 ParOldGen       total 44544K, used 44457K [0x00000000f0000000, 0x00000000f2b80000, 0x00000000fab00000)
  object space 44544K, 99% used [0x00000000f0000000,0x00000000f2b6a590,0x00000000f2b80000)
 Metaspace       used 12426K, capacity 12690K, committed 12800K, reserved 1060864K
  class space    used 1422K, capacity 1491K, committed 1536K, reserved 1048576K
}
Event: 3.709 GC heap before
{Heap before GC invocations=8 (full 1):
 PSYoungGen      total 69120K, used 17904K [0x00000000fab00000, 0x0000000100000000, 0x0000000100000000)
  eden space 51200K, 0% used [0x00000000fab00000,0x00000000fab00000,0x00000000fdd00000)
  from space 17920K, 99% used [0x00000000fdd00000,0x00000000fee7c030,0x00000000fee80000)
  to   space 17920K, 0% used [0x00000000fee80000,0x00000000fee80000,0x0000000100000000)
 ParOldGen       total 44544K, used 44457K [0x00000000f0000000, 0x00000000f2b80000, 0x00000000fab00000)
  object space 44544K, 99% used [0x00000000f0000000,0x00000000f2b6a590,0x00000000f2b80000)
 Metaspace       used 12426K, capacity 12690K, committed 12800K, reserved 1060864K
  class space    used 1422K, capacity 1491K, committed 1536K, reserved 1048576K

Deoptimization events (10 events):
Event: 2.470 Thread 0x00007f71dc00a800 Uncommon trap: reason=array_check action=maybe_recompile pc=0x00007f71cc67f3ac method=java.util.Arrays.fill([Ljava/lang/Object;IILjava/lang/Object;)V @ 20
Event: 2.470 Thread 0x00007f71dc00a800 Uncommon trap: reason=array_check action=maybe_recompile pc=0x00007f71cc67f3ac method=java.util.Arrays.fill([Ljava/lang/Object;IILjava/lang/Object;)V @ 20
Event: 2.470 Thread 0x00007f71dc00a800 Uncommon trap: reason=array_check action=maybe_recompile pc=0x00007f71cc67f3ac method=java.util.Arrays.fill([Ljava/lang/Object;IILjava/lang/Object;)V @ 20
Event: 2.478 Thread 0x00007f71dc00a800 Uncommon trap: reason=unreached action=reinterpret pc=0x00007f71cc68876c method=org.apache.commons.collections.map.AbstractReferenceMap.get(Ljava/lang/Object;)Ljava/lang/Object; @ 11
Event: 2.485 Thread 0x00007f71dc00a800 Uncommon trap: reason=unreached action=reinterpret pc=0x00007f71cc4d32e0 method=java.util.zip.ZipCoder.decoder()Ljava/nio/charset/CharsetDecoder; @ 4
Event: 2.695 Thread 0x00007f71dc00a800 Uncommon trap: reason=speculate_class_check action=maybe_recompile pc=0x00007f71cc6cf430 method=com.google.gwt.dev.util.collect.HashMap.getKeyIndex(Ljava/lang/Object;)I @ 2
Event: 2.711 Thread 0x00007f71dc00a800 Uncommon trap: reason=unreached action=reinterpret pc=0x00007f71cc3cc570 method=java.util.HashMap.putVal(ILjava/lang/Object;Ljava/lang/Object;ZZ)Ljava/lang/Object; @ 193
Event: 2.712 Thread 0x00007f71dc00a800 Uncommon trap: reason=unreached action=reinterpret pc=0x00007f71cc3ce6b8 method=java.util.HashMap.putVal(ILjava/lang/Object;Ljava/lang/Object;ZZ)Ljava/lang/Object; @ 193
Event: 2.784 Thread 0x00007f71dc00a800 Uncommon trap: reason=unreached action=reinterpret pc=0x00007f71cc709488 method=com.google.gwt.dev.resource.impl.DefaultFilters$FilterFileType.matches(Ljava/lang/String;)Z @ 4
Event: 3.160 Thread 0x00007f71dc00a800 Uncommon trap: reason=unreached action=reinterpret pc=0x00007f71cc51b854 method=java.util.HashMap.putVal(ILjava/lang/Object;Ljava/lang/Object;ZZ)Ljava/lang/Object; @ 193

Internal exceptions (10 events):
Event: 3.129 Thread 0x00007f71dc00a800 Exception <a 'java/security/PrivilegedActionException'> (0x00000000fd92c2a8) thrown at [/HUDSON/workspace/8-2-build-linux-amd64/jdk8u25/1514/hotspot/src/share/vm/prims/jvm.cpp, line 1312]
Event: 3.129 Thread 0x00007f71dc00a800 Exception <a 'java/security/PrivilegedActionException'> (0x00000000fd932f28) thrown at [/HUDSON/workspace/8-2-build-linux-amd64/jdk8u25/1514/hotspot/src/share/vm/prims/jvm.cpp, line 1312]
Event: 3.129 Thread 0x00007f71dc00a800 Exception <a 'java/security/PrivilegedActionException'> (0x00000000fd938760) thrown at [/HUDSON/workspace/8-2-build-linux-amd64/jdk8u25/1514/hotspot/src/share/vm/prims/jvm.cpp, line 1312]
Event: 3.130 Thread 0x00007f71dc00a800 Exception <a 'java/security/PrivilegedActionException'> (0x00000000fd93e720) thrown at [/HUDSON/workspace/8-2-build-linux-amd64/jdk8u25/1514/hotspot/src/share/vm/prims/jvm.cpp, line 1312]
Event: 3.130 Thread 0x00007f71dc00a800 Exception <a 'java/security/PrivilegedActionException'> (0x00000000fd9454f0) thrown at [/HUDSON/workspace/8-2-build-linux-amd64/jdk8u25/1514/hotspot/src/share/vm/prims/jvm.cpp, line 1312]
Event: 3.131 Thread 0x00007f71dc00a800 Exception <a 'java/security/PrivilegedActionException'> (0x00000000fd948280) thrown at [/HUDSON/workspace/8-2-build-linux-amd64/jdk8u25/1514/hotspot/src/share/vm/prims/jvm.cpp, line 1312]
Event: 3.131 Thread 0x00007f71dc00a800 Exception <a 'java/security/PrivilegedActionException'> (0x00000000fd94b0e0) thrown at [/HUDSON/workspace/8-2-build-linux-amd64/jdk8u25/1514/hotspot/src/share/vm/prims/jvm.cpp, line 1312]
Event: 3.132 Thread 0x00007f71dc00a800 Exception <a 'java/security/PrivilegedActionException'> (0x00000000fd94dda0) thrown at [/HUDSON/workspace/8-2-build-linux-amd64/jdk8u25/1514/hotspot/src/share/vm/prims/jvm.cpp, line 1312]
Event: 3.132 Thread 0x00007f71dc00a800 Exception <a 'java/security/PrivilegedActionException'> (0x00000000fd950ca8) thrown at [/HUDSON/workspace/8-2-build-linux-amd64/jdk8u25/1514/hotspot/src/share/vm/prims/jvm.cpp, line 1312]
Event: 3.136 Thread 0x00007f71dc00a800 Exception <a 'java/security/PrivilegedActionException'> (0x00000000fd9555e0) thrown at [/HUDSON/workspace/8-2-build-linux-amd64/jdk8u25/1514/hotspot/src/share/vm/prims/jvm.cpp, line 1312]

Events (10 events):
Event: 3.132 loading class com/google/gwt/core/ext/typeinfo/JParameter
Event: 3.132 loading class com/google/gwt/core/ext/typeinfo/JParameter done
Event: 3.134 loading class sun/security/provider/MD5
Event: 3.136 loading class sun/security/provider/MD5 done
Event: 3.136 loading class com/google/gwt/util/tools/shared/StringUtils
Event: 3.136 loading class com/google/gwt/util/tools/shared/StringUtils done
Event: 3.160 Thread 0x00007f71dc00a800 Uncommon trap: trap_request=0xffffffad fr.pc=0x00007f71cc51b854
Event: 3.160 Thread 0x00007f71dc00a800 DEOPT PACKING pc=0x00007f71cc51b854 sp=0x00007f71e226d040
Event: 3.160 Thread 0x00007f71dc00a800 DEOPT UNPACKING pc=0x00007f71cc172f69 sp=0x00007f71e226cf00 mode 2
Event: 3.198 Executing VM operation: ParallelGCFailedAllocation


Dynamic libraries:
00400000-00401000 r-xp 00000000 08:01 28954                              /opt/electriccloud/electriccommander/jre/bin/java
00600000-00601000 rw-p 00000000 08:01 28954                              /opt/electriccloud/electriccommander/jre/bin/java
00ecb000-00eec000 rw-p 00000000 00:00 0                                  [heap]
f0000000-f2b80000 rw-p 00000000 00:00 0 
f5300000-fab00000 ---p 00000000 00:00 0 
fab00000-100000000 rw-p 00000000 00:00 0 
100000000-100180000 rw-p 00000000 00:00 0 
100180000-140000000 ---p 00000000 00:00 0 
7f717c000000-7f717c021000 rw-p 00000000 00:00 0 
7f717c021000-7f7180000000 ---p 00000000 00:00 0 
7f7184000000-7f718414b000 rw-p 00000000 00:00 0 
7f718414b000-7f7188000000 ---p 00000000 00:00 0 
7f7188000000-7f7188021000 rw-p 00000000 00:00 0 
7f7188021000-7f718c000000 ---p 00000000 00:00 0 
7f718c000000-7f718c021000 rw-p 00000000 00:00 0 
7f718c021000-7f7190000000 ---p 00000000 00:00 0 
7f7190000000-7f7190021000 rw-p 00000000 00:00 0 
7f7190021000-7f7194000000 ---p 00000000 00:00 0 
7f7194000000-7f7194d97000 rw-p 00000000 00:00 0 
7f7194d97000-7f7198000000 ---p 00000000 00:00 0 
7f7198000000-7f719849e000 rw-p 00000000 00:00 0 
7f719849e000-7f719c000000 ---p 00000000 00:00 0 
7f719c000000-7f719c021000 rw-p 00000000 00:00 0 
7f719c021000-7f71a0000000 ---p 00000000 00:00 0 
7f71a0000000-7f71a0a82000 rw-p 00000000 00:00 0 
7f71a0a82000-7f71a4000000 ---p 00000000 00:00 0 
7f71a4000000-7f71a4021000 rw-p 00000000 00:00 0 
7f71a4021000-7f71a8000000 ---p 00000000 00:00 0 
7f71a8000000-7f71a8021000 rw-p 00000000 00:00 0 
7f71a8021000-7f71ac000000 ---p 00000000 00:00 0 
7f71ac000000-7f71ac021000 rw-p 00000000 00:00 0 
7f71ac021000-7f71b0000000 ---p 00000000 00:00 0 
7f71b0000000-7f71b02f1000 rw-p 00000000 00:00 0 
7f71b02f1000-7f71b4000000 ---p 00000000 00:00 0 
7f71b4000000-7f71b4021000 rw-p 00000000 00:00 0 
7f71b4021000-7f71b8000000 ---p 00000000 00:00 0 
7f71bc000000-7f71bc021000 rw-p 00000000 00:00 0 
7f71bc021000-7f71c0000000 ---p 00000000 00:00 0 
7f71c30fa000-7f71c31fa000 rw-p 00000000 00:00 0 
7f71c31fa000-7f71c32fa000 ---p 00000000 00:00 0 
7f71c32fa000-7f71c3301000 r-xp 00000000 08:01 29031                      /opt/electriccloud/electriccommander/jre/lib/amd64/libawt_headless.so
7f71c3301000-7f71c3500000 ---p 00007000 08:01 29031                      /opt/electriccloud/electriccommander/jre/lib/amd64/libawt_headless.so
7f71c3500000-7f71c3501000 rw-p 00006000 08:01 29031                      /opt/electriccloud/electriccommander/jre/lib/amd64/libawt_headless.so
7f71c3501000-7f71c35a3000 r-xp 00000000 08:01 29030                      /opt/electriccloud/electriccommander/jre/lib/amd64/libawt.so
7f71c35a3000-7f71c37a3000 ---p 000a2000 08:01 29030                      /opt/electriccloud/electriccommander/jre/lib/amd64/libawt.so
7f71c37a3000-7f71c37af000 rw-p 000a2000 08:01 29030                      /opt/electriccloud/electriccommander/jre/lib/amd64/libawt.so
7f71c37af000-7f71c37d3000 rw-p 00000000 00:00 0 
7f71c37d3000-7f71c37db000 r-xp 00000000 08:01 29078                      /opt/electriccloud/electriccommander/jre/lib/amd64/libmanagement.so
7f71c37db000-7f71c39db000 ---p 00008000 08:01 29078                      /opt/electriccloud/electriccommander/jre/lib/amd64/libmanagement.so
7f71c39db000-7f71c39dc000 rw-p 00008000 08:01 29078                      /opt/electriccloud/electriccommander/jre/lib/amd64/libmanagement.so
7f71c39dc000-7f71c3bdc000 rw-p 00000000 00:00 0 
7f71c3bdc000-7f71c3bf4000 r-xp 00000000 08:01 666278                     /lib/x86_64-linux-gnu/libresolv-2.15.so
7f71c3bf4000-7f71c3df4000 ---p 00018000 08:01 666278                     /lib/x86_64-linux-gnu/libresolv-2.15.so
7f71c3df4000-7f71c3df5000 r--p 00018000 08:01 666278                     /lib/x86_64-linux-gnu/libresolv-2.15.so
7f71c3df5000-7f71c3df6000 rw-p 00019000 08:01 666278                     /lib/x86_64-linux-gnu/libresolv-2.15.so
7f71c3df6000-7f71c3df8000 rw-p 00000000 00:00 0 
7f71c3df8000-7f71c3dff000 r-xp 00000000 08:01 666279                     /lib/x86_64-linux-gnu/libnss_dns-2.15.so
7f71c3dff000-7f71c3ffe000 ---p 00007000 08:01 666279                     /lib/x86_64-linux-gnu/libnss_dns-2.15.so
7f71c3ffe000-7f71c3fff000 r--p 00006000 08:01 666279                     /lib/x86_64-linux-gnu/libnss_dns-2.15.so
7f71c3fff000-7f71c4000000 rw-p 00007000 08:01 666279                     /lib/x86_64-linux-gnu/libnss_dns-2.15.so
7f71c4000000-7f71c4021000 rw-p 00000000 00:00 0 
7f71c4021000-7f71c8000000 ---p 00000000 00:00 0 
7f71c8036000-7f71c80c2000 r--s 00fea000 08:01 29263                      /opt/electriccloud/electriccommander/jre/lib/ext/jfxrt.jar
7f71c80c2000-7f71c80c5000 ---p 00000000 00:00 0 
7f71c80c5000-7f71c81c3000 rw-p 00000000 00:00 0 
7f71c81c3000-7f71c81c5000 r-xp 00000000 08:01 8389                       /lib/libnss_mdns4_minimal.so.2
7f71c81c5000-7f71c83c4000 ---p 00002000 08:01 8389                       /lib/libnss_mdns4_minimal.so.2
7f71c83c4000-7f71c83c5000 r--p 00001000 08:01 8389                       /lib/libnss_mdns4_minimal.so.2
7f71c83c5000-7f71c83c6000 rw-p 00002000 08:01 8389                       /lib/libnss_mdns4_minimal.so.2
7f71c83c9000-7f71c83cd000 r--s 00093000 08:01 29007                      /opt/electriccloud/electriccommander/jre/lib/jsse.jar
7f71c83cd000-7f71c83e4000 r--s 00175000 08:01 29267                      /opt/electriccloud/electriccommander/jre/lib/ext/nashorn.jar
7f71c83e4000-7f71c83fa000 r-xp 00000000 08:01 29080                      /opt/electriccloud/electriccommander/jre/lib/amd64/libnet.so
7f71c83fa000-7f71c85fa000 ---p 00016000 08:01 29080                      /opt/electriccloud/electriccommander/jre/lib/amd64/libnet.so
7f71c85fa000-7f71c85fb000 rw-p 00016000 08:01 29080                      /opt/electriccloud/electriccommander/jre/lib/amd64/libnet.so
7f71c85fb000-7f71c8617000 r--s 00393000 08:01 29260                      /opt/electriccloud/electriccommander/jre/lib/ext/cldrdata.jar
7f71c8617000-7f71c861a000 ---p 00000000 00:00 0 
7f71c861a000-7f71c8718000 rw-p 00000000 00:00 0 
7f71c8718000-7f71c8766000 r--s 0020a000 08:01 22411                      /opt/electriccloud/electriccommander/utils/commander-client.jar
7f71c8766000-7f71c8769000 ---p 00000000 00:00 0 
7f71c8769000-7f71c88af000 rw-p 00000000 00:00 0 
7f71c88af000-7f71c8a72000 r--s 01df0000 08:01 32140                      /opt/electriccloud/CommanderSDK/lib/gwt-dev.jar
7f71c8a72000-7f71c8a9a000 rw-p 00000000 00:00 0 
7f71c8a9a000-7f71c8b9f000 r--s 01a51000 08:01 32142                      /opt/electriccloud/CommanderSDK/lib/gwt-user.jar
7f71c8b9f000-7f71c8ba1000 r--s 00003000 08:01 33369                      /opt/electriccloud/electriccommander/plugins/EC-Admin-2.12.1.304/lib5/annotations.jar
7f71c8ba1000-7f71c8bb0000 r--s 0009a000 08:01 33373                      /opt/electriccloud/electriccommander/plugins/EC-Admin-2.12.1.304/lib5/guice.jar
7f71c8bb0000-7f71c8bb2000 r--s 00007000 08:01 33372                      /opt/electriccloud/electriccommander/plugins/EC-Admin-2.12.1.304/lib5/guice-assistedinject.jar
7f71c8bb2000-7f71c8bb3000 r--s 00000000 08:01 33375                      /opt/electriccloud/electriccommander/plugins/EC-Admin-2.12.1.304/lib5/javax.inject.jar
7f71c8bb3000-7f71c8bc3000 r--s 00087000 08:01 33374                      /opt/electriccloud/electriccommander/plugins/EC-Admin-2.12.1.304/lib5/gwtp-all-0.8-PATCH5.jar
7f71c8bc3000-7f71c8bcb000 r--s 00044000 08:01 33371                      /opt/electriccloud/electriccommander/plugins/EC-Admin-2.12.1.304/lib5/gin-2.1.1.jar
7f71c8bcb000-7f71c8bda000 r--s 00096000 08:01 33370                      /opt/electriccloud/electriccommander/plugins/EC-Admin-2.12.1.304/lib5/ec_internal.jar
7f71c8bda000-7f71c8c28000 r--s 0020a000 08:01 32350                      /opt/electriccloud/CommanderSDK/lib/commander-client.jar
7f71c8c28000-7f71c8c29000 ---p 00000000 00:00 0 
7f71c8c29000-7f71c8d29000 rw-p 00000000 00:00 0 
7f71c8d29000-7f71c8d2c000 ---p 00000000 00:00 0 
7f71c8d2c000-7f71c8e2a000 rw-p 00000000 00:00 0 
7f71c8e2a000-7f71c8e2d000 ---p 00000000 00:00 0 
7f71c8e2d000-7f71c8f2b000 rw-p 00000000 00:00 0 
7f71c8f2b000-7f71c8f2e000 ---p 00000000 00:00 0 
7f71c8f2e000-7f71c902c000 rw-p 00000000 00:00 0 
7f71c902c000-7f71c902f000 ---p 00000000 00:00 0 
7f71c902f000-7f71c912d000 rw-p 00000000 00:00 0 
7f71c912d000-7f71c9130000 ---p 00000000 00:00 0 
7f71c9130000-7f71c922e000 rw-p 00000000 00:00 0 
7f71c922e000-7f71c94f7000 r--p 00000000 08:01 161003                     /usr/lib/locale/locale-archive
7f71c94f7000-7f71c94fa000 ---p 00000000 00:00 0 
7f71c94fa000-7f71c95f8000 rw-p 00000000 00:00 0 
7f71c95f8000-7f71c95fb000 ---p 00000000 00:00 0 
7f71c95fb000-7f71c96f9000 rw-p 00000000 00:00 0 
7f71c96f9000-7f71c96fa000 ---p 00000000 00:00 0 
7f71c96fa000-7f71ca7dc000 rw-p 00000000 00:00 0 
7f71ca7dc000-7f71ca9b2000 r--s 03caa000 08:01 29020                      /opt/electriccloud/electriccommander/jre/lib/rt.jar
7f71ca9b2000-7f71cbaab000 rw-p 00000000 00:00 0 
7f71cbaab000-7f71cbaac000 ---p 00000000 00:00 0 
7f71cbaac000-7f71cbbac000 rw-p 00000000 00:00 0 
7f71cbbac000-7f71cbbad000 ---p 00000000 00:00 0 
7f71cbbad000-7f71cbcad000 rw-p 00000000 00:00 0 
7f71cbcad000-7f71cbcae000 ---p 00000000 00:00 0 
7f71cbcae000-7f71cbdc6000 rw-p 00000000 00:00 0 
7f71cbdc6000-7f71cc16e000 ---p 00000000 00:00 0 
7f71cc16e000-7f71cc74e000 rwxp 00000000 00:00 0 
7f71cc74e000-7f71db16e000 ---p 00000000 00:00 0 
7f71db16e000-7f71db188000 r-xp 00000000 08:01 29099                      /opt/electriccloud/electriccommander/jre/lib/amd64/libzip.so
7f71db188000-7f71db388000 ---p 0001a000 08:01 29099                      /opt/electriccloud/electriccommander/jre/lib/amd64/libzip.so
7f71db388000-7f71db389000 rw-p 0001a000 08:01 29099                      /opt/electriccloud/electriccommander/jre/lib/amd64/libzip.so
7f71db389000-7f71db395000 r-xp 00000000 08:01 666277                     /lib/x86_64-linux-gnu/libnss_files-2.15.so
7f71db395000-7f71db594000 ---p 0000c000 08:01 666277                     /lib/x86_64-linux-gnu/libnss_files-2.15.so
7f71db594000-7f71db595000 r--p 0000b000 08:01 666277                     /lib/x86_64-linux-gnu/libnss_files-2.15.so
7f71db595000-7f71db596000 rw-p 0000c000 08:01 666277                     /lib/x86_64-linux-gnu/libnss_files-2.15.so
7f71db596000-7f71db5a0000 r-xp 00000000 08:01 666281                     /lib/x86_64-linux-gnu/libnss_nis-2.15.so
7f71db5a0000-7f71db7a0000 ---p 0000a000 08:01 666281                     /lib/x86_64-linux-gnu/libnss_nis-2.15.so
7f71db7a0000-7f71db7a1000 r--p 0000a000 08:01 666281                     /lib/x86_64-linux-gnu/libnss_nis-2.15.so
7f71db7a1000-7f71db7a2000 rw-p 0000b000 08:01 666281                     /lib/x86_64-linux-gnu/libnss_nis-2.15.so
7f71db7a2000-7f71db7b9000 r-xp 00000000 08:01 666296                     /lib/x86_64-linux-gnu/libnsl-2.15.so
7f71db7b9000-7f71db9b8000 ---p 00017000 08:01 666296                     /lib/x86_64-linux-gnu/libnsl-2.15.so
7f71db9b8000-7f71db9b9000 r--p 00016000 08:01 666296                     /lib/x86_64-linux-gnu/libnsl-2.15.so
7f71db9b9000-7f71db9ba000 rw-p 00017000 08:01 666296                     /lib/x86_64-linux-gnu/libnsl-2.15.so
7f71db9ba000-7f71db9bc000 rw-p 00000000 00:00 0 
7f71db9bc000-7f71db9c4000 r-xp 00000000 08:01 666275                     /lib/x86_64-linux-gnu/libnss_compat-2.15.so
7f71db9c4000-7f71dbbc3000 ---p 00008000 08:01 666275                     /lib/x86_64-linux-gnu/libnss_compat-2.15.so
7f71dbbc3000-7f71dbbc4000 r--p 00007000 08:01 666275                     /lib/x86_64-linux-gnu/libnss_compat-2.15.so
7f71dbbc4000-7f71dbbc5000 rw-p 00008000 08:01 666275                     /lib/x86_64-linux-gnu/libnss_compat-2.15.so
7f71dbbc5000-7f71dbbef000 r-xp 00000000 08:01 29052                      /opt/electriccloud/electriccommander/jre/lib/amd64/libjava.so
7f71dbbef000-7f71dbdef000 ---p 0002a000 08:01 29052                      /opt/electriccloud/electriccommander/jre/lib/amd64/libjava.so
7f71dbdef000-7f71dbdf1000 rw-p 0002a000 08:01 29052                      /opt/electriccloud/electriccommander/jre/lib/amd64/libjava.so
7f71dbdf1000-7f71dbdfe000 r-xp 00000000 08:01 29098                      /opt/electriccloud/electriccommander/jre/lib/amd64/libverify.so
7f71dbdfe000-7f71dbffe000 ---p 0000d000 08:01 29098                      /opt/electriccloud/electriccommander/jre/lib/amd64/libverify.so
7f71dbffe000-7f71dc000000 rw-p 0000d000 08:01 29098                      /opt/electriccloud/electriccommander/jre/lib/amd64/libverify.so
7f71dc000000-7f71dc4cc000 rw-p 00000000 00:00 0 
7f71dc4cc000-7f71e0000000 ---p 00000000 00:00 0 
7f71e0001000-7f71e0003000 r--s 00001000 08:01 29262                      /opt/electriccloud/electriccommander/jre/lib/ext/dnsns.jar
7f71e0003000-7f71e0006000 r--s 0003a000 08:01 29271                      /opt/electriccloud/electriccommander/jre/lib/ext/sunpkcs11.jar
7f71e0006000-7f71e000b000 r--s 0003f000 08:01 29270                      /opt/electriccloud/electriccommander/jre/lib/ext/sunjce_provider.jar
7f71e000b000-7f71e0018000 r--s 00073000 08:01 32137                      /opt/electriccloud/CommanderSDK/lib/ec-gwt.jar
7f71e0018000-7f71e0019000 r--s 00000000 08:01 32143                      /opt/electriccloud/CommanderSDK/lib/jcip-annotations.jar
7f71e0019000-7f71e001b000 r--s 00004000 08:01 32134                      /opt/electriccloud/CommanderSDK/lib/annotations.jar
7f71e001b000-7f71e0027000 r--s 000b2000 08:01 32139                      /opt/electriccloud/CommanderSDK/lib/guava-gwt.jar
7f71e0027000-7f71e0050000 r--s 001ee000 08:01 32138                      /opt/electriccloud/CommanderSDK/lib/guava.jar
7f71e0050000-7f71e00f1000 rw-p 00000000 00:00 0 
7f71e00f1000-7f71e00f2000 ---p 00000000 00:00 0 
7f71e00f2000-7f71e01f2000 rw-p 00000000 00:00 0 
7f71e01f2000-7f71e01f9000 r-xp 00000000 08:01 666280                     /lib/x86_64-linux-gnu/librt-2.15.so
7f71e01f9000-7f71e03f8000 ---p 00007000 08:01 666280                     /lib/x86_64-linux-gnu/librt-2.15.so
7f71e03f8000-7f71e03f9000 r--p 00006000 08:01 666280                     /lib/x86_64-linux-gnu/librt-2.15.so
7f71e03f9000-7f71e03fa000 rw-p 00007000 08:01 666280                     /lib/x86_64-linux-gnu/librt-2.15.so
7f71e03fa000-7f71e04f5000 r-xp 00000000 08:01 666284                     /lib/x86_64-linux-gnu/libm-2.15.so
7f71e04f5000-7f71e06f4000 ---p 000fb000 08:01 666284                     /lib/x86_64-linux-gnu/libm-2.15.so
7f71e06f4000-7f71e06f5000 r--p 000fa000 08:01 666284                     /lib/x86_64-linux-gnu/libm-2.15.so
7f71e06f5000-7f71e06f6000 rw-p 000fb000 08:01 666284                     /lib/x86_64-linux-gnu/libm-2.15.so
7f71e06f6000-7f71e1363000 r-xp 00000000 08:01 29106                      /opt/electriccloud/electriccommander/jre/lib/amd64/server/libjvm.so
7f71e1363000-7f71e1562000 ---p 00c6d000 08:01 29106                      /opt/electriccloud/electriccommander/jre/lib/amd64/server/libjvm.so
7f71e1562000-7f71e1638000 rw-p 00c6c000 08:01 29106                      /opt/electriccloud/electriccommander/jre/lib/amd64/server/libjvm.so
7f71e1638000-7f71e167b000 rw-p 00000000 00:00 0 
7f71e167b000-7f71e1830000 r-xp 00000000 08:01 666273                     /lib/x86_64-linux-gnu/libc-2.15.so
7f71e1830000-7f71e1a30000 ---p 001b5000 08:01 666273                     /lib/x86_64-linux-gnu/libc-2.15.so
7f71e1a30000-7f71e1a34000 r--p 001b5000 08:01 666273                     /lib/x86_64-linux-gnu/libc-2.15.so
7f71e1a34000-7f71e1a36000 rw-p 001b9000 08:01 666273                     /lib/x86_64-linux-gnu/libc-2.15.so
7f71e1a36000-7f71e1a3b000 rw-p 00000000 00:00 0 
7f71e1a3b000-7f71e1a3d000 r-xp 00000000 08:01 666288                     /lib/x86_64-linux-gnu/libdl-2.15.so
7f71e1a3d000-7f71e1c3d000 ---p 00002000 08:01 666288                     /lib/x86_64-linux-gnu/libdl-2.15.so
7f71e1c3d000-7f71e1c3e000 r--p 00002000 08:01 666288                     /lib/x86_64-linux-gnu/libdl-2.15.so
7f71e1c3e000-7f71e1c3f000 rw-p 00003000 08:01 666288                     /lib/x86_64-linux-gnu/libdl-2.15.so
7f71e1c3f000-7f71e1c54000 r-xp 00000000 08:01 29102                      /opt/electriccloud/electriccommander/jre/lib/amd64/jli/libjli.so
7f71e1c54000-7f71e1e53000 ---p 00015000 08:01 29102                      /opt/electriccloud/electriccommander/jre/lib/amd64/jli/libjli.so
7f71e1e53000-7f71e1e54000 rw-p 00014000 08:01 29102                      /opt/electriccloud/electriccommander/jre/lib/amd64/jli/libjli.so
7f71e1e54000-7f71e1e6c000 r-xp 00000000 08:01 666282                     /lib/x86_64-linux-gnu/libpthread-2.15.so
7f71e1e6c000-7f71e206b000 ---p 00018000 08:01 666282                     /lib/x86_64-linux-gnu/libpthread-2.15.so
7f71e206b000-7f71e206c000 r--p 00017000 08:01 666282                     /lib/x86_64-linux-gnu/libpthread-2.15.so
7f71e206c000-7f71e206d000 rw-p 00018000 08:01 666282                     /lib/x86_64-linux-gnu/libpthread-2.15.so
7f71e206d000-7f71e2071000 rw-p 00000000 00:00 0 
7f71e2071000-7f71e2093000 r-xp 00000000 08:01 666285                     /lib/x86_64-linux-gnu/ld-2.15.so
7f71e2094000-7f71e2095000 rw-p 00000000 00:00 0 
7f71e2095000-7f71e2096000 r--s 00009000 08:01 29268                      /opt/electriccloud/electriccommander/jre/lib/ext/sunec.jar
7f71e2096000-7f71e2097000 r--s 00010000 08:01 29272                      /opt/electriccloud/electriccommander/jre/lib/ext/zipfs.jar
7f71e2097000-7f71e20ad000 rw-p 00000000 00:00 0 
7f71e20ad000-7f71e20ed000 ---p 00000000 00:00 0 
7f71e20ed000-7f71e2103000 rw-p 00000000 00:00 0 
7f71e2103000-7f71e2142000 ---p 00000000 00:00 0 
7f71e2142000-7f71e216d000 rw-p 00000000 00:00 0 
7f71e216d000-7f71e216e000 rw-p 00000000 00:00 0 
7f71e216e000-7f71e2171000 ---p 00000000 00:00 0 
7f71e2171000-7f71e2273000 rw-p 00000000 00:00 0 
7f71e2273000-7f71e227d000 r--s 00116000 08:01 29264                      /opt/electriccloud/electriccommander/jre/lib/ext/localedata.jar
7f71e227d000-7f71e227f000 r--s 0000e000 08:01 32146                      /opt/electriccloud/CommanderSDK/lib/validation-api-1.0.0.GA-sources.jar
7f71e227f000-7f71e2282000 r--s 00009000 08:01 32145                      /opt/electriccloud/CommanderSDK/lib/validation-api-1.0.0.GA.jar
7f71e2282000-7f71e2287000 rw-p 00000000 00:00 0 
7f71e2287000-7f71e228f000 rw-s 00000000 08:01 35455                      /tmp/hsperfdata_lrochette/2547
7f71e228f000-7f71e2290000 rw-p 00000000 00:00 0 
7f71e2290000-7f71e2291000 ---p 00000000 00:00 0 
7f71e2291000-7f71e2293000 rw-p 00000000 00:00 0 
7f71e2293000-7f71e2294000 r--p 00022000 08:01 666285                     /lib/x86_64-linux-gnu/ld-2.15.so
7f71e2294000-7f71e2296000 rw-p 00023000 08:01 666285                     /lib/x86_64-linux-gnu/ld-2.15.so
7fffa7e4f000-7fffa7e70000 rw-p 00000000 00:00 0                          [stack]
7fffa7fff000-7fffa8000000 r-xp 00000000 00:00 0                          [vdso]
ffffffffff600000-ffffffffff601000 r-xp 00000000 00:00 0                  [vsyscall]

VM Arguments:
jvm_args: -Xmx256m 
java_command: com.google.gwt.dev.Compiler -war /home/lrochette/GitHub/EC-ShareFile/src/out/gwt-out/htdocs/war -logLevel INFO -style OBF -localWorkers 1 ecplugins.ShareFile.ConfigurationManagement
java_class_path (initial): /opt/electriccloud/CommanderSDK/lib/commander-client.jar:/opt/electriccloud/electriccommander/plugins/EC-Admin-2.12.1.304/lib5/ec_internal.jar:/opt/electriccloud/electriccommander/plugins/EC-Admin-2.12.1.304/lib5/gin-2.1.1.jar:/opt/electriccloud/electriccommander/plugins/EC-Admin-2.12.1.304/lib5/gwtp-all-0.8-PATCH5.jar:/opt/electriccloud/electriccommander/plugins/EC-Admin-2.12.1.304/lib5/javax.inject.jar:/opt/electriccloud/electriccommander/plugins/EC-Admin-2.12.1.304/lib5/guice-assistedinject.jar:/opt/electriccloud/electriccommander/plugins/EC-Admin-2.12.1.304/lib5/guice.jar:/opt/electriccloud/electriccommander/plugins/EC-Admin-2.12.1.304/lib5/annotations.jar:/opt/electriccloud/CommanderSDK/lib/gwt-user.jar:/opt/electriccloud/CommanderSDK/lib/gwt-dev.jar:/opt/electriccloud/CommanderSDK/lib/validation-api-1.0.0.GA.jar:/opt/electriccloud/CommanderSDK/lib/validation-api-1.0.0.GA-sources.jar:/opt/electriccloud/CommanderSDK/lib/guava.jar:/opt/electriccloud/CommanderSDK/lib/guava-gwt.jar:/opt/electriccloud/CommanderSDK/lib/annotations.jar:/opt/electriccloud/CommanderSDK/lib/jcip-annotations.jar:/home/lrochette/GitHub/EC-ShareFile/src/src:/opt/electriccloud/CommanderSDK/lib/ec-gwt.jar:/opt/electriccloud/electriccommander/utils/commander-client.jar
Launcher Type: SUN_STANDARD

Environment Variables:
JAVA_HOME=/opt/electriccloud/electriccommander/jre
PATH=/home/lrochette/com:/home/lrochette/bin:/usr/local/bin:/usr/bin:/bin:/usr/local/games:/usr/games:/opt/electriccloud/electriccommander/bin
SHELL=/bin/bash

Signal Handlers:
SIGSEGV: [libjvm.so+0xa79a80], sa_mask[0]=11111111011111111101111111111110, sa_flags=SA_RESTART|SA_SIGINFO
SIGBUS: [libjvm.so+0xa79a80], sa_mask[0]=11111111011111111101111111111110, sa_flags=SA_RESTART|SA_SIGINFO
SIGFPE: [libjvm.so+0x8e24e0], sa_mask[0]=11111111011111111101111111111110, sa_flags=SA_RESTART|SA_SIGINFO
SIGPIPE: [libjvm.so+0x8e24e0], sa_mask[0]=11111111011111111101111111111110, sa_flags=SA_RESTART|SA_SIGINFO
SIGXFSZ: [libjvm.so+0x8e24e0], sa_mask[0]=11111111011111111101111111111110, sa_flags=SA_RESTART|SA_SIGINFO
SIGILL: [libjvm.so+0x8e24e0], sa_mask[0]=11111111011111111101111111111110, sa_flags=SA_RESTART|SA_SIGINFO
SIGUSR1: SIG_DFL, sa_mask[0]=00000000000000000000000000000000, sa_flags=none
SIGUSR2: [libjvm.so+0x8e3d10], sa_mask[0]=00100000000000000000000000000000, sa_flags=SA_RESTART|SA_SIGINFO
SIGHUP: [libjvm.so+0x8e50d0], sa_mask[0]=11111111011111111101111111111110, sa_flags=SA_RESTART|SA_SIGINFO
SIGINT: [libjvm.so+0x8e50d0], sa_mask[0]=11111111011111111101111111111110, sa_flags=SA_RESTART|SA_SIGINFO
SIGTERM: [libjvm.so+0x8e50d0], sa_mask[0]=11111111011111111101111111111110, sa_flags=SA_RESTART|SA_SIGINFO
SIGQUIT: [libjvm.so+0x8e50d0], sa_mask[0]=11111111011111111101111111111110, sa_flags=SA_RESTART|SA_SIGINFO


---------------  S Y S T E M  ---------------

OS:DISTRIB_ID=Ubuntu
DISTRIB_RELEASE=12.04
DISTRIB_CODENAME=precise
DISTRIB_DESCRIPTION="Ubuntu 12.04.4 LTS"

uname:Linux 3.2.0-64-generic #97-Ubuntu SMP Wed Jun 4 22:04:21 UTC 2014 x86_64
libc:glibc 2.15 NPTL 2.15 
rlimit: STACK 8192k, CORE infinity, NPROC 31449, NOFILE 4096, AS infinity
load average:0.66 0.32 0.21

/proc/meminfo:
MemTotal:        4049600 kB
MemFree:           86068 kB
Buffers:             456 kB
Cached:            42076 kB
SwapCached:            0 kB
Active:          3800288 kB
Inactive:          22612 kB
Active(anon):    3780568 kB
Inactive(anon):      708 kB
Active(file):      19720 kB
Inactive(file):    21904 kB
Unevictable:           0 kB
Mlocked:               0 kB
SwapTotal:             0 kB
SwapFree:              0 kB
Dirty:                84 kB
Writeback:             0 kB
AnonPages:       3780284 kB
Mapped:            31556 kB
Shmem:              1280 kB
Slab:              40924 kB
SReclaimable:      18148 kB
SUnreclaim:        22776 kB
KernelStack:        5528 kB
PageTables:        24788 kB
NFS_Unstable:          0 kB
Bounce:                0 kB
WritebackTmp:          0 kB
CommitLimit:     2024800 kB
Committed_AS:    5206224 kB
VmallocTotal:   34359738367 kB
VmallocUsed:       70116 kB
VmallocChunk:   34359665392 kB
HardwareCorrupted:     0 kB
AnonHugePages:         0 kB
HugePages_Total:       0
HugePages_Free:        0
HugePages_Rsvd:        0
HugePages_Surp:        0
Hugepagesize:       2048 kB
DirectMap4k:       67520 kB
DirectMap2M:     4126720 kB


CPU:total 4 (4 cores per cpu, 1 threads per core) family 6 model 70 stepping 1, cmov, cx8, fxsr, mmx, sse, sse2, sse3, ssse3, tsc

/proc/cpuinfo:
processor	: 0
vendor_id	: GenuineIntel
cpu family	: 6
model		: 70
model name	: Intel(R) Core(TM) i7-4850HQ CPU @ 2.30GHz
stepping	: 1
microcode	: 0x19
cpu MHz		: 2299.059
cache size	: 6144 KB
physical id	: 0
siblings	: 4
core id		: 0
cpu cores	: 4
apicid		: 0
initial apicid	: 0
fpu		: yes
fpu_exception	: yes
cpuid level	: 5
wp		: yes
flags		: fpu vme de pse tsc msr pae mce cx8 apic sep mtrr pge mca cmov pat pse36 clflush mmx fxsr sse sse2 ht syscall nx rdtscp lm constant_tsc rep_good nopl pni ssse3 lahf_lm
bogomips	: 4598.11
clflush size	: 64
cache_alignment	: 64
address sizes	: 39 bits physical, 48 bits virtual
power management:

processor	: 1
vendor_id	: GenuineIntel
cpu family	: 6
model		: 70
model name	: Intel(R) Core(TM) i7-4850HQ CPU @ 2.30GHz
stepping	: 1
microcode	: 0x19
cpu MHz		: 2299.059
cache size	: 6144 KB
physical id	: 0
siblings	: 4
core id		: 1
cpu cores	: 4
apicid		: 1
initial apicid	: 1
fpu		: yes
fpu_exception	: yes
cpuid level	: 5
wp		: yes
flags		: fpu vme de pse tsc msr pae mce cx8 apic sep mtrr pge mca cmov pat pse36 clflush mmx fxsr sse sse2 ht syscall nx rdtscp lm constant_tsc rep_good nopl pni ssse3 lahf_lm
bogomips	: 4587.34
clflush size	: 64
cache_alignment	: 64
address sizes	: 39 bits physical, 48 bits virtual
power management:

processor	: 2
vendor_id	: GenuineIntel
cpu family	: 6
model		: 70
model name	: Intel(R) Core(TM) i7-4850HQ CPU @ 2.30GHz
stepping	: 1
microcode	: 0x19
cpu MHz		: 2299.059
cache size	: 6144 KB
physical id	: 0
siblings	: 4
core id		: 2
cpu cores	: 4
apicid		: 2
initial apicid	: 2
fpu		: yes
fpu_exception	: yes
cpuid level	: 5
wp		: yes
flags		: fpu vme de pse tsc msr pae mce cx8 apic sep mtrr pge mca cmov pat pse36 clflush mmx fxsr sse sse2 ht syscall nx rdtscp lm constant_tsc rep_good nopl pni ssse3 lahf_lm
bogomips	: 4585.34
clflush size	: 64
cache_alignment	: 64
address sizes	: 39 bits physical, 48 bits virtual
power management:

processor	: 3
vendor_id	: GenuineIntel
cpu family	: 6
model		: 70
model name	: Intel(R) Core(TM) i7-4850HQ CPU @ 2.30GHz
stepping	: 1
microcode	: 0x19
cpu MHz		: 2299.059
cache size	: 6144 KB
physical id	: 0
siblings	: 4
core id		: 3
cpu cores	: 4
apicid		: 3
initial apicid	: 3
fpu		: yes
fpu_exception	: yes
cpuid level	: 5
wp		: yes
flags		: fpu vme de pse tsc msr pae mce cx8 apic sep mtrr pge mca cmov pat pse36 clflush mmx fxsr sse sse2 ht syscall nx rdtscp lm constant_tsc rep_good nopl pni ssse3 lahf_lm
bogomips	: 4603.41
clflush size	: 64
cache_alignment	: 64
address sizes	: 39 bits physical, 48 bits virtual
power management:



Memory: 4k page, physical 4049600k(86068k free), swap 0k(0k free)

vm_info: Java HotSpot(TM) 64-Bit Server VM (25.25-b02) for linux-amd64 JRE (1.8.0_25-b17), built on Sep 17 2014 17:32:11 by "java_re" with gcc 4.3.0 20080428 (Red Hat 4.3.0-8)

time: Thu Oct  8 23:07:00 2015
elapsed time: 4 seconds (0d 0h 0m 4s)

