#
# There is insufficient memory for the Java Runtime Environment to continue.
# Native memory allocation (mmap) failed to map 65536 bytes for committing reserved memory.
# Possible reasons:
#   The system is out of physical RAM or swap space
#   In 32 bit mode, the process size limit was hit
# Possible solutions:
#   Reduce memory load on the system
#   Increase physical memory or swap space
#   Check if swap backing store is full
#   Use 64 bit Java on a 64 bit OS
#   Decrease Java heap size (-Xmx/-Xms)
#   Decrease number of Java threads
#   Decrease Java thread stack sizes (-Xss)
#   Set larger code cache with -XX:ReservedCodeCacheSize=
# This output file may be truncated or incomplete.
#
#  Out of Memory Error (os_linux.cpp:2671), pid=4777, tid=139675902879488
#
# JRE version: Java(TM) SE Runtime Environment (8.0_25-b17) (build 1.8.0_25-b17)
# Java VM: Java HotSpot(TM) 64-Bit Server VM (25.25-b02 mixed mode linux-amd64 compressed oops)
# Core dump written. Default location: /home/lrochette/GitHub/EC-ShareFile/src/core or core.4777
#

---------------  T H R E A D  ---------------

Current thread (0x00007f08e40af000):  JavaThread "C2 CompilerThread1" daemon [_thread_in_vm, id=4791, stack(0x00007f08d4832000,0x00007f08d4933000)]

Stack: [0x00007f08d4832000,0x00007f08d4933000],  sp=0x00007f08d492e480,  free space=1009k
Native frames: (J=compiled Java code, j=interpreted, Vv=VM code, C=native code)
V  [libjvm.so+0xa7923a]  VMError::report_and_die()+0x2ca
V  [libjvm.so+0x4e552b]  report_vm_out_of_memory(char const*, int, unsigned long, VMErrorType, char const*)+0x8b
V  [libjvm.so+0x8e5613]  os::Linux::commit_memory_impl(char*, unsigned long, bool)+0x103
V  [libjvm.so+0x8e5b69]  os::pd_commit_memory(char*, unsigned long, unsigned long, bool)+0x29
V  [libjvm.so+0x8df83a]  os::commit_memory(char*, unsigned long, unsigned long, bool)+0x2a
V  [libjvm.so+0xa75169]  VirtualSpace::expand_by(unsigned long, bool)+0x1c9
V  [libjvm.so+0x5f1aec]  CodeHeap::expand_by(unsigned long)+0x8c
V  [libjvm.so+0x46f0b0]  CodeCache::allocate(int, bool)+0x60
V  [libjvm.so+0x469f75]  BufferBlob::create(char const*, int)+0x95
V  [libjvm.so+0x48f95c]  Compile::init_scratch_buffer_blob(int)+0xac
V  [libjvm.so+0x8f6386]  Compile::init_buffer(unsigned int*)+0x146
V  [libjvm.so+0x8fc1f9]  Compile::Output()+0x389
V  [libjvm.so+0x4902d5]  Compile::Code_Gen()+0x325
V  [libjvm.so+0x493624]  Compile::Compile(ciEnv*, C2Compiler*, ciMethod*, int, bool, bool, bool)+0x14a4
V  [libjvm.so+0x3e69c8]  C2Compiler::compile_method(ciEnv*, ciMethod*, int)+0x198
V  [libjvm.so+0x49bc6a]  CompileBroker::invoke_compiler_on_method(CompileTask*)+0xc8a
V  [libjvm.so+0x49e650]  CompileBroker::compiler_thread_loop()+0x620
V  [libjvm.so+0xa29e8f]  JavaThread::thread_main_inner()+0xdf
V  [libjvm.so+0xa29fbc]  JavaThread::run()+0x11c
V  [libjvm.so+0x8e7d48]  java_start(Thread*)+0x108
C  [libpthread.so.0+0x7e9a]  start_thread+0xda


Current CompileTask:
C2:  14255 4980  s    4       java.util.Vector::removeElementAt (115 bytes)


---------------  P R O C E S S  ---------------

Java Threads: ( => current thread )
  0x00007f08e44ef800 JavaThread "CompilationUnitBuilder" [_thread_blocked, id=4798, stack(0x00007f08d406d000,0x00007f08d416e000)]
  0x00007f0890076800 JavaThread "Timer-0" daemon [_thread_blocked, id=4796, stack(0x00007f08cfeff000,0x00007f08d0000000)]
  0x00007f08e40d1000 JavaThread "Service Thread" daemon [_thread_blocked, id=4793, stack(0x00007f08d4630000,0x00007f08d4731000)]
  0x00007f08e40b1000 JavaThread "C1 CompilerThread2" daemon [_thread_in_vm, id=4792, stack(0x00007f08d4731000,0x00007f08d4832000)]
=>0x00007f08e40af000 JavaThread "C2 CompilerThread1" daemon [_thread_in_vm, id=4791, stack(0x00007f08d4832000,0x00007f08d4933000)]
  0x00007f08e40ac000 JavaThread "C2 CompilerThread0" daemon [_thread_in_vm, id=4790, stack(0x00007f08d4933000,0x00007f08d4a34000)]
  0x00007f08e40aa000 JavaThread "Signal Dispatcher" daemon [_thread_blocked, id=4789, stack(0x00007f08d4a34000,0x00007f08d4b35000)]
  0x00007f08e407c800 JavaThread "Finalizer" daemon [_thread_blocked, id=4788, stack(0x00007f08d4dfe000,0x00007f08d4eff000)]
  0x00007f08e407a800 JavaThread "Reference Handler" daemon [_thread_blocked, id=4787, stack(0x00007f08d4eff000,0x00007f08d5000000)]
  0x00007f08e400a800 JavaThread "main" [_thread_blocked, id=4781, stack(0x00007f08eda9c000,0x00007f08edb9d000)]

Other Threads:
  0x00007f08e4073800 VMThread [stack: 0x00007f08e8077000,0x00007f08e8178000] [id=4786]
  0x00007f08e40d3000 WatcherThread [stack: 0x00007f08d452f000,0x00007f08d4630000] [id=4794]

VM state:not at safepoint (normal execution)

VM Mutex/Monitor currently owned by a thread:  ([mutex/lock_event])
[0x00007f08e4005d30] CodeCache_lock - owner thread: 0x00007f08e40af000
[0x00007f08e40073b0] Compile_lock - owner thread: 0x00007f08e40b1000
[0x00007f08e40074b0] MethodCompileQueue_lock - owner thread: 0x00007f08e40b1000

Heap:
 PSYoungGen      total 54784K, used 8196K [0x00000000fab00000, 0x0000000100000000, 0x0000000100000000)
  eden space 29696K, 27% used [0x00000000fab00000,0x00000000fb3010e8,0x00000000fc800000)
  from space 25088K, 0% used [0x00000000fe780000,0x00000000fe780000,0x0000000100000000)
  to   space 28672K, 0% used [0x00000000fc800000,0x00000000fc800000,0x00000000fe400000)
 ParOldGen       total 175104K, used 151808K [0x00000000f0000000, 0x00000000fab00000, 0x00000000fab00000)
  object space 175104K, 86% used [0x00000000f0000000,0x00000000f94400a0,0x00000000fab00000)
 Metaspace       used 17943K, capacity 18498K, committed 18560K, reserved 1067008K
  class space    used 1729K, capacity 1867K, committed 1920K, reserved 1048576K

Card table byte_map: [0x00007f08eda1b000,0x00007f08eda9c000] byte_map_base: 0x00007f08ed29b000

Marking Bits: (ParMarkBitMap*) 0x00007f08ecf7e2c0
 Begin Bits: [0x00007f08e9cca000, 0x00007f08ea0ca000)
 End Bits:   [0x00007f08ea0ca000, 0x00007f08ea4ca000)

Polling page: 0x00007f08edbbe000

CodeCache: size=245760Kb used=17314Kb max_used=17316Kb free=228445Kb
 bounds [0x00007f08d5000000, 0x00007f08d6100000, 0x00007f08e4000000]
 total_blobs=4750 nmethods=4403 adapters=258
 compilation: enabled

Compilation events (10 events):
Event: 13.297 Thread 0x00007f08e40b1000 nmethod 5068 0x00007f08d60d8ad0 code [0x00007f08d60d8c20, 0x00007f08d60d8d70]
Event: 13.298 Thread 0x00007f08e40af000 nmethod 4953 0x00007f08d60fc190 code [0x00007f08d60fc400, 0x00007f08d60fdaa0]
Event: 13.298 Thread 0x00007f08e40af000 5013       4       java.io.ObjectOutputStream$BlockDataOutputStream::writeInt (46 bytes)
Event: 13.299 Thread 0x00007f08e40af000 nmethod 5013 0x00007f08d60d86d0 code [0x00007f08d60d8820, 0x00007f08d60d8988]
Event: 13.299 Thread 0x00007f08e40af000 5014       4       java.io.ObjectOutputStream$HandleTable::insert (39 bytes)
Event: 13.300 Thread 0x00007f08e40af000 nmethod 5014 0x00007f08d60d8190 code [0x00007f08d60d8300, 0x00007f08d60d8508]
Event: 13.301 Thread 0x00007f08e40af000 4980  s    4       java.util.Vector::removeElementAt (115 bytes)
Event: 13.301 Thread 0x00007f08e40b1000 5069       3       org.eclipse.jdt.internal.compiler.ClassFile::generateRuntimeAnnotationsForParameters (980 bytes)
Event: 13.305 Thread 0x00007f08e40b1000 nmethod 5069 0x00007f08d60f8c50 code [0x00007f08d60f8f60, 0x00007f08d60fa638]
Event: 13.308 Thread 0x00007f08e40b1000 5070       2       org.eclipse.jdt.internal.compiler.parser.Parser::consumeEnhancedForStatementHeaderInit (305 bytes)

GC Heap History (10 events):
Event: 11.066 GC heap before
{Heap before GC invocations=30 (full 5):
 PSYoungGen      total 58368K, used 34816K [0x00000000fab00000, 0x00000000ffd00000, 0x0000000100000000)
  eden space 34816K, 100% used [0x00000000fab00000,0x00000000fcd00000,0x00000000fcd00000)
  from space 23552K, 0% used [0x00000000fe600000,0x00000000fe600000,0x00000000ffd00000)
  to   space 24576K, 0% used [0x00000000fcd00000,0x00000000fcd00000,0x00000000fe500000)
 ParOldGen       total 175104K, used 144458K [0x00000000f0000000, 0x00000000fab00000, 0x00000000fab00000)
  object space 175104K, 82% used [0x00000000f0000000,0x00000000f8d12aa0,0x00000000fab00000)
 Metaspace       used 17801K, capacity 18326K, committed 18560K, reserved 1067008K
  class space    used 1725K, capacity 1833K, committed 1920K, reserved 1048576K
Event: 11.075 GC heap after
Heap after GC invocations=30 (full 5):
 PSYoungGen      total 59392K, used 8994K [0x00000000fab00000, 0x00000000fff00000, 0x0000000100000000)
  eden space 34816K, 0% used [0x00000000fab00000,0x00000000fab00000,0x00000000fcd00000)
  from space 24576K, 36% used [0x00000000fcd00000,0x00000000fd5c88d8,0x00000000fe500000)
  to   space 23552K, 0% used [0x00000000fe800000,0x00000000fe800000,0x00000000fff00000)
 ParOldGen       total 175104K, used 144466K [0x00000000f0000000, 0x00000000fab00000, 0x00000000fab00000)
  object space 175104K, 82% used [0x00000000f0000000,0x00000000f8d14aa0,0x00000000fab00000)
 Metaspace       used 17801K, capacity 18326K, committed 18560K, reserved 1067008K
  class space    used 1725K, capacity 1833K, committed 1920K, reserved 1048576K
}
Event: 11.866 GC heap before
{Heap before GC invocations=31 (full 5):
 PSYoungGen      total 59392K, used 43810K [0x00000000fab00000, 0x00000000fff00000, 0x0000000100000000)
  eden space 34816K, 100% used [0x00000000fab00000,0x00000000fcd00000,0x00000000fcd00000)
  from space 24576K, 36% used [0x00000000fcd00000,0x00000000fd5c88d8,0x00000000fe500000)
  to   space 23552K, 0% used [0x00000000fe800000,0x00000000fe800000,0x00000000fff00000)
 ParOldGen       total 175104K, used 144466K [0x00000000f0000000, 0x00000000fab00000, 0x00000000fab00000)
  object space 175104K, 82% used [0x00000000f0000000,0x00000000f8d14aa0,0x00000000fab00000)
 Metaspace       used 17844K, capacity 18364K, committed 18560K, reserved 1067008K
  class space    used 1728K, capacity 1866K, committed 1920K, reserved 1048576K
Event: 11.876 GC heap after
Heap after GC invocations=31 (full 5):
 PSYoungGen      total 60416K, used 18194K [0x00000000fab00000, 0x0000000100000000, 0x0000000100000000)
  eden space 36864K, 0% used [0x00000000fab00000,0x00000000fab00000,0x00000000fcf00000)
  from space 23552K, 77% used [0x00000000fe800000,0x00000000ff9c4bb8,0x00000000fff00000)
  to   space 25088K, 0% used [0x00000000fcf00000,0x00000000fcf00000,0x00000000fe780000)
 ParOldGen       total 175104K, used 144466K [0x00000000f0000000, 0x00000000fab00000, 0x00000000fab00000)
  object space 175104K, 82% used [0x00000000f0000000,0x00000000f8d14aa0,0x00000000fab00000)
 Metaspace       used 17844K, capacity 18364K, committed 18560K, reserved 1067008K
  class space    used 1728K, capacity 1866K, committed 1920K, reserved 1048576K
}
Event: 12.450 GC heap before
{Heap before GC invocations=32 (full 5):
 PSYoungGen      total 60416K, used 55058K [0x00000000fab00000, 0x0000000100000000, 0x0000000100000000)
  eden space 36864K, 100% used [0x00000000fab00000,0x00000000fcf00000,0x00000000fcf00000)
  from space 23552K, 77% used [0x00000000fe800000,0x00000000ff9c4bb8,0x00000000fff00000)
  to   space 25088K, 0% used [0x00000000fcf00000,0x00000000fcf00000,0x00000000fe780000)
 ParOldGen       total 175104K, used 144466K [0x00000000f0000000, 0x00000000fab00000, 0x00000000fab00000)
  object space 175104K, 82% used [0x00000000f0000000,0x00000000f8d14aa0,0x00000000fab00000)
 Metaspace       used 17891K, capacity 18428K, committed 18560K, reserved 1067008K
  class space    used 1728K, capacity 1866K, committed 1920K, reserved 1048576K
Event: 12.470 GC heap after
Heap after GC invocations=32 (full 5):
 PSYoungGen      total 61952K, used 25072K [0x00000000fab00000, 0x0000000100000000, 0x0000000100000000)
  eden space 36864K, 0% used [0x00000000fab00000,0x00000000fab00000,0x00000000fcf00000)
  from space 25088K, 99% used [0x00000000fcf00000,0x00000000fe77c3c8,0x00000000fe780000)
  to   space 25088K, 0% used [0x00000000fe780000,0x00000000fe780000,0x0000000100000000)
 ParOldGen       total 175104K, used 147112K [0x00000000f0000000, 0x00000000fab00000, 0x00000000fab00000)
  object space 175104K, 84% used [0x00000000f0000000,0x00000000f8faa080,0x00000000fab00000)
 Metaspace       used 17891K, capacity 18428K, committed 18560K, reserved 1067008K
  class space    used 1728K, capacity 1866K, committed 1920K, reserved 1048576K
}
Event: 12.722 GC heap before
{Heap before GC invocations=33 (full 5):
 PSYoungGen      total 61952K, used 61936K [0x00000000fab00000, 0x0000000100000000, 0x0000000100000000)
  eden space 36864K, 100% used [0x00000000fab00000,0x00000000fcf00000,0x00000000fcf00000)
  from space 25088K, 99% used [0x00000000fcf00000,0x00000000fe77c3c8,0x00000000fe780000)
  to   space 25088K, 0% used [0x00000000fe780000,0x00000000fe780000,0x0000000100000000)
 ParOldGen       total 175104K, used 147112K [0x00000000f0000000, 0x00000000fab00000, 0x00000000fab00000)
  object space 175104K, 84% used [0x00000000f0000000,0x00000000f8faa080,0x00000000fab00000)
 Metaspace       used 17941K, capacity 18498K, committed 18560K, reserved 1067008K
  class space    used 1729K, capacity 1867K, committed 1920K, reserved 1048576K
Event: 12.945 GC heap after
Heap after GC invocations=33 (full 5):
 PSYoungGen      total 54784K, used 18510K [0x00000000fab00000, 0x0000000100000000, 0x0000000100000000)
  eden space 29696K, 0% used [0x00000000fab00000,0x00000000fab00000,0x00000000fc800000)
  from space 25088K, 73% used [0x00000000fe780000,0x00000000ff993bf8,0x0000000100000000)
  to   space 28672K, 0% used [0x00000000fc800000,0x00000000fc800000,0x00000000fe400000)
 ParOldGen       total 175104K, used 164890K [0x00000000f0000000, 0x00000000fab00000, 0x00000000fab00000)
  object space 175104K, 94% used [0x00000000f0000000,0x00000000fa106820,0x00000000fab00000)
 Metaspace       used 17941K, capacity 18498K, committed 18560K, reserved 1067008K
  class space    used 1729K, capacity 1867K, committed 1920K, reserved 1048576K
}
Event: 12.945 GC heap before
{Heap before GC invocations=34 (full 6):
 PSYoungGen      total 54784K, used 18510K [0x00000000fab00000, 0x0000000100000000, 0x0000000100000000)
  eden space 29696K, 0% used [0x00000000fab00000,0x00000000fab00000,0x00000000fc800000)
  from space 25088K, 73% used [0x00000000fe780000,0x00000000ff993bf8,0x0000000100000000)
  to   space 28672K, 0% used [0x00000000fc800000,0x00000000fc800000,0x00000000fe400000)
 ParOldGen       total 175104K, used 164890K [0x00000000f0000000, 0x00000000fab00000, 0x00000000fab00000)
  object space 175104K, 94% used [0x00000000f0000000,0x00000000fa106820,0x00000000fab00000)
 Metaspace       used 17941K, capacity 18498K, committed 18560K, reserved 1067008K
  class space    used 1729K, capacity 1867K, committed 1920K, reserved 1048576K
Event: 13.260 GC heap after
Heap after GC invocations=34 (full 6):
 PSYoungGen      total 54784K, used 0K [0x00000000fab00000, 0x0000000100000000, 0x0000000100000000)
  eden space 29696K, 0% used [0x00000000fab00000,0x00000000fab00000,0x00000000fc800000)
  from space 25088K, 0% used [0x00000000fe780000,0x00000000fe780000,0x0000000100000000)
  to   space 28672K, 0% used [0x00000000fc800000,0x00000000fc800000,0x00000000fe400000)
 ParOldGen       total 175104K, used 151808K [0x00000000f0000000, 0x00000000fab00000, 0x00000000fab00000)
  object space 175104K, 86% used [0x00000000f0000000,0x00000000f94400a0,0x00000000fab00000)
 Metaspace       used 17941K, capacity 18498K, committed 18560K, reserved 1067008K
  class space    used 1729K, capacity 1867K, committed 1920K, reserved 1048576K
}

Deoptimization events (10 events):
Event: 10.541 Thread 0x00007f08e400a800 Uncommon trap: reason=bimorphic action=maybe_recompile pc=0x00007f08d5e69b68 method=org.eclipse.jdt.internal.compiler.ast.MethodDeclaration.traverse(Lorg/eclipse/jdt/internal/compiler/ASTVisitor;Lorg/eclipse/jdt/internal/compiler/lookup/ClassScope;)V @ 59
Event: 10.541 Thread 0x00007f08e400a800 Uncommon trap: reason=bimorphic action=maybe_recompile pc=0x00007f08d5e69b68 method=org.eclipse.jdt.internal.compiler.ast.MethodDeclaration.traverse(Lorg/eclipse/jdt/internal/compiler/ASTVisitor;Lorg/eclipse/jdt/internal/compiler/lookup/ClassScope;)V @ 59
Event: 10.897 Thread 0x00007f08e400a800 Uncommon trap: reason=unreached action=reinterpret pc=0x00007f08d5e38574 method=org.eclipse.jdt.internal.compiler.lookup.Scope.getTypeOrPackage([CIZ)Lorg/eclipse/jdt/internal/compiler/lookup/Binding; @ 874
Event: 11.894 Thread 0x00007f08e400a800 Uncommon trap: reason=unreached action=reinterpret pc=0x00007f08d5e78604 method=org.eclipse.jdt.internal.compiler.lookup.Scope.getBinding([CILorg/eclipse/jdt/internal/compiler/lookup/InvocationSite;Z)Lorg/eclipse/jdt/internal/compiler/lookup/Binding; @ 40
Event: 12.516 Thread 0x00007f08e400a800 Uncommon trap: reason=bimorphic action=maybe_recompile pc=0x00007f08d5153c24 method=org.eclipse.jdt.internal.compiler.lookup.TypeBinding.original()Lorg/eclipse/jdt/internal/compiler/lookup/TypeBinding; @ 41
Event: 12.516 Thread 0x00007f08e400a800 Uncommon trap: reason=bimorphic action=maybe_recompile pc=0x00007f08d5153c24 method=org.eclipse.jdt.internal.compiler.lookup.TypeBinding.original()Lorg/eclipse/jdt/internal/compiler/lookup/TypeBinding; @ 41
Event: 12.562 Thread 0x00007f08e400a800 Uncommon trap: reason=class_check action=maybe_recompile pc=0x00007f08d5f8ea34 method=org.eclipse.jdt.internal.compiler.ast.MessageSend.traverse(Lorg/eclipse/jdt/internal/compiler/ASTVisitor;Lorg/eclipse/jdt/internal/compiler/lookup/BlockScope;)V @ 45
Event: 12.562 Thread 0x00007f08e400a800 Uncommon trap: reason=class_check action=maybe_recompile pc=0x00007f08d5f8ea34 method=org.eclipse.jdt.internal.compiler.ast.MessageSend.traverse(Lorg/eclipse/jdt/internal/compiler/ASTVisitor;Lorg/eclipse/jdt/internal/compiler/lookup/BlockScope;)V @ 45
Event: 12.562 Thread 0x00007f08e400a800 Uncommon trap: reason=class_check action=maybe_recompile pc=0x00007f08d5f8ea34 method=org.eclipse.jdt.internal.compiler.ast.MessageSend.traverse(Lorg/eclipse/jdt/internal/compiler/ASTVisitor;Lorg/eclipse/jdt/internal/compiler/lookup/BlockScope;)V @ 45
Event: 12.562 Thread 0x00007f08e400a800 Uncommon trap: reason=class_check action=maybe_recompile pc=0x00007f08d5f8ea34 method=org.eclipse.jdt.internal.compiler.ast.MessageSend.traverse(Lorg/eclipse/jdt/internal/compiler/ASTVisitor;Lorg/eclipse/jdt/internal/compiler/lookup/BlockScope;)V @ 45

Internal exceptions (10 events):
Event: 12.501 Thread 0x00007f08e400a800 Exception <a 'java/security/PrivilegedActionException'> (0x00000000fb058e20) thrown at [/HUDSON/workspace/8-2-build-linux-amd64/jdk8u25/1514/hotspot/src/share/vm/prims/jvm.cpp, line 1312]
Event: 12.501 Thread 0x00007f08e400a800 Exception <a 'java/security/PrivilegedActionException'> (0x00000000fb059168) thrown at [/HUDSON/workspace/8-2-build-linux-amd64/jdk8u25/1514/hotspot/src/share/vm/prims/jvm.cpp, line 1312]
Event: 12.573 Thread 0x00007f08e400a800 Exception <a 'java/security/PrivilegedActionException'> (0x00000000fba6ad48) thrown at [/HUDSON/workspace/8-2-build-linux-amd64/jdk8u25/1514/hotspot/src/share/vm/prims/jvm.cpp, line 1312]
Event: 12.573 Thread 0x00007f08e400a800 Exception <a 'java/security/PrivilegedActionException'> (0x00000000fba6b090) thrown at [/HUDSON/workspace/8-2-build-linux-amd64/jdk8u25/1514/hotspot/src/share/vm/prims/jvm.cpp, line 1312]
Event: 12.601 Thread 0x00007f08e400a800 Exception <a 'java/security/PrivilegedActionException'> (0x00000000fbcbccb0) thrown at [/HUDSON/workspace/8-2-build-linux-amd64/jdk8u25/1514/hotspot/src/share/vm/prims/jvm.cpp, line 1312]
Event: 12.601 Thread 0x00007f08e400a800 Exception <a 'java/security/PrivilegedActionException'> (0x00000000fbcbcff8) thrown at [/HUDSON/workspace/8-2-build-linux-amd64/jdk8u25/1514/hotspot/src/share/vm/prims/jvm.cpp, line 1312]
Event: 12.649 Thread 0x00007f08e400a800 Exception <a 'java/security/PrivilegedActionException'> (0x00000000fc4c5058) thrown at [/HUDSON/workspace/8-2-build-linux-amd64/jdk8u25/1514/hotspot/src/share/vm/prims/jvm.cpp, line 1312]
Event: 12.649 Thread 0x00007f08e400a800 Exception <a 'java/security/PrivilegedActionException'> (0x00000000fc4c53a0) thrown at [/HUDSON/workspace/8-2-build-linux-amd64/jdk8u25/1514/hotspot/src/share/vm/prims/jvm.cpp, line 1312]
Event: 12.664 Thread 0x00007f08e400a800 Exception <a 'java/security/PrivilegedActionException'> (0x00000000fc847948) thrown at [/HUDSON/workspace/8-2-build-linux-amd64/jdk8u25/1514/hotspot/src/share/vm/prims/jvm.cpp, line 1312]
Event: 12.664 Thread 0x00007f08e400a800 Exception <a 'java/security/PrivilegedActionException'> (0x00000000fc847c90) thrown at [/HUDSON/workspace/8-2-build-linux-amd64/jdk8u25/1514/hotspot/src/share/vm/prims/jvm.cpp, line 1312]

Events (10 events):
Event: 12.681 Thread 0x00007f08e400a800 DEOPT PACKING pc=0x00007f08d5a59453 sp=0x00007f08edb993e0
Event: 12.681 Thread 0x00007f08e400a800 DEOPT UNPACKING pc=0x00007f08d5046f73 sp=0x00007f08edb99130 mode 0
Event: 12.717 Executing VM operation: ParallelGCFailedAllocation
Event: 13.260 Executing VM operation: ParallelGCFailedAllocation done
Event: 13.275 Thread 0x00007f08e400a800 DEOPT PACKING pc=0x00007f08d5a59453 sp=0x00007f08edb9a480
Event: 13.275 Thread 0x00007f08e400a800 DEOPT UNPACKING pc=0x00007f08d5046f73 sp=0x00007f08edb9a1d0 mode 0
Event: 13.296 Thread 0x00007f08e400a800 DEOPT PACKING pc=0x00007f08d5a59453 sp=0x00007f08edb99ac0
Event: 13.296 Thread 0x00007f08e400a800 DEOPT UNPACKING pc=0x00007f08d5046f73 sp=0x00007f08edb99810 mode 0
Event: 13.309 Thread 0x00007f08e400a800 DEOPT PACKING pc=0x00007f08d5a59453 sp=0x00007f08edb9a480
Event: 13.309 Thread 0x00007f08e400a800 DEOPT UNPACKING pc=0x00007f08d5046f73 sp=0x00007f08edb9a1d0 mode 0


Dynamic libraries:
00400000-00401000 r-xp 00000000 08:01 28954                              /opt/electriccloud/electriccommander/jre/bin/java
00600000-00601000 rw-p 00000000 08:01 28954                              /opt/electriccloud/electriccommander/jre/bin/java
025fa000-0261b000 rw-p 00000000 00:00 0                                  [heap]
f0000000-fab00000 rw-p 00000000 00:00 0 
fab00000-100000000 rw-p 00000000 00:00 0 
100000000-1001e0000 rw-p 00000000 00:00 0 
1001e0000-140000000 ---p 00000000 00:00 0 
7f0890000000-7f0890162000 rw-p 00000000 00:00 0 
7f0890162000-7f0894000000 ---p 00000000 00:00 0 
7f0894000000-7f0894021000 rw-p 00000000 00:00 0 
7f0894021000-7f0898000000 ---p 00000000 00:00 0 
7f0898000000-7f0898021000 rw-p 00000000 00:00 0 
7f0898021000-7f089c000000 ---p 00000000 00:00 0 
7f089c000000-7f089c021000 rw-p 00000000 00:00 0 
7f089c021000-7f08a0000000 ---p 00000000 00:00 0 
7f08a0000000-7f08a22cd000 rw-p 00000000 00:00 0 
7f08a22cd000-7f08a4000000 ---p 00000000 00:00 0 
7f08a4000000-7f08a4f9e000 rw-p 00000000 00:00 0 
7f08a4f9e000-7f08a8000000 ---p 00000000 00:00 0 
7f08a8000000-7f08a8021000 rw-p 00000000 00:00 0 
7f08a8021000-7f08ac000000 ---p 00000000 00:00 0 
7f08ac000000-7f08ae7b9000 rw-p 00000000 00:00 0 
7f08ae7b9000-7f08b0000000 ---p 00000000 00:00 0 
7f08b0000000-7f08b0021000 rw-p 00000000 00:00 0 
7f08b0021000-7f08b4000000 ---p 00000000 00:00 0 
7f08b4000000-7f08b4021000 rw-p 00000000 00:00 0 
7f08b4021000-7f08b8000000 ---p 00000000 00:00 0 
7f08b8000000-7f08b8021000 rw-p 00000000 00:00 0 
7f08b8021000-7f08bc000000 ---p 00000000 00:00 0 
7f08bc000000-7f08bc1f4000 rw-p 00000000 00:00 0 
7f08bc1f4000-7f08c0000000 ---p 00000000 00:00 0 
7f08c0000000-7f08c0021000 rw-p 00000000 00:00 0 
7f08c0021000-7f08c4000000 ---p 00000000 00:00 0 
7f08c8000000-7f08c8021000 rw-p 00000000 00:00 0 
7f08c8021000-7f08cc000000 ---p 00000000 00:00 0 
7f08ced7e000-7f08cedbe000 rw-p 00000000 00:00 0 
7f08cedbe000-7f08cef7e000 ---p 00000000 00:00 0 
7f08cef7e000-7f08cf17e000 rw-p 00000000 00:00 0 
7f08cf17e000-7f08cf37e000 rw-p 00000000 00:00 0 
7f08cf37e000-7f08cf391000 r--s 00344000 08:01 29019                      /opt/electriccloud/electriccommander/jre/lib/resources.jar
7f08cf391000-7f08cf591000 rw-p 00000000 00:00 0 
7f08cf591000-7f08cf791000 rw-p 00000000 00:00 0 
7f08cf791000-7f08cf798000 r-xp 00000000 08:01 29031                      /opt/electriccloud/electriccommander/jre/lib/amd64/libawt_headless.so
7f08cf798000-7f08cf997000 ---p 00007000 08:01 29031                      /opt/electriccloud/electriccommander/jre/lib/amd64/libawt_headless.so
7f08cf997000-7f08cf998000 rw-p 00006000 08:01 29031                      /opt/electriccloud/electriccommander/jre/lib/amd64/libawt_headless.so
7f08cf998000-7f08cfa3a000 r-xp 00000000 08:01 29030                      /opt/electriccloud/electriccommander/jre/lib/amd64/libawt.so
7f08cfa3a000-7f08cfc3a000 ---p 000a2000 08:01 29030                      /opt/electriccloud/electriccommander/jre/lib/amd64/libawt.so
7f08cfc3a000-7f08cfc46000 rw-p 000a2000 08:01 29030                      /opt/electriccloud/electriccommander/jre/lib/amd64/libawt.so
7f08cfc46000-7f08cfc6a000 rw-p 00000000 00:00 0 
7f08cfc6a000-7f08cfc72000 r-xp 00000000 08:01 29078                      /opt/electriccloud/electriccommander/jre/lib/amd64/libmanagement.so
7f08cfc72000-7f08cfe72000 ---p 00008000 08:01 29078                      /opt/electriccloud/electriccommander/jre/lib/amd64/libmanagement.so
7f08cfe72000-7f08cfe73000 rw-p 00008000 08:01 29078                      /opt/electriccloud/electriccommander/jre/lib/amd64/libmanagement.so
7f08cfe73000-7f08cfeff000 r--s 00fea000 08:01 29263                      /opt/electriccloud/electriccommander/jre/lib/ext/jfxrt.jar
7f08cfeff000-7f08cff02000 ---p 00000000 00:00 0 
7f08cff02000-7f08d0000000 rw-p 00000000 00:00 0 
7f08d0000000-7f08d0021000 rw-p 00000000 00:00 0 
7f08d0021000-7f08d4000000 ---p 00000000 00:00 0 
7f08d4008000-7f08d401f000 r--s 00175000 08:01 29267                      /opt/electriccloud/electriccommander/jre/lib/ext/nashorn.jar
7f08d401f000-7f08d406d000 r--s 0020a000 08:01 22411                      /opt/electriccloud/electriccommander/utils/commander-client.jar
7f08d406d000-7f08d4070000 ---p 00000000 00:00 0 
7f08d4070000-7f08d41b6000 rw-p 00000000 00:00 0 
7f08d41b6000-7f08d4379000 r--s 01df0000 08:01 32140                      /opt/electriccloud/CommanderSDK/lib/gwt-dev.jar
7f08d4379000-7f08d43a1000 rw-p 00000000 00:00 0 
7f08d43a1000-7f08d44a6000 r--s 01a51000 08:01 32142                      /opt/electriccloud/CommanderSDK/lib/gwt-user.jar
7f08d44a6000-7f08d44a8000 r--s 00003000 08:01 33369                      /opt/electriccloud/electriccommander/plugins/EC-Admin-2.12.1.304/lib5/annotations.jar
7f08d44a8000-7f08d44b7000 r--s 0009a000 08:01 33373                      /opt/electriccloud/electriccommander/plugins/EC-Admin-2.12.1.304/lib5/guice.jar
7f08d44b7000-7f08d44b9000 r--s 00007000 08:01 33372                      /opt/electriccloud/electriccommander/plugins/EC-Admin-2.12.1.304/lib5/guice-assistedinject.jar
7f08d44b9000-7f08d44ba000 r--s 00000000 08:01 33375                      /opt/electriccloud/electriccommander/plugins/EC-Admin-2.12.1.304/lib5/javax.inject.jar
7f08d44ba000-7f08d44ca000 r--s 00087000 08:01 33374                      /opt/electriccloud/electriccommander/plugins/EC-Admin-2.12.1.304/lib5/gwtp-all-0.8-PATCH5.jar
7f08d44ca000-7f08d44d2000 r--s 00044000 08:01 33371                      /opt/electriccloud/electriccommander/plugins/EC-Admin-2.12.1.304/lib5/gin-2.1.1.jar
7f08d44d2000-7f08d44e1000 r--s 00096000 08:01 33370                      /opt/electriccloud/electriccommander/plugins/EC-Admin-2.12.1.304/lib5/ec_internal.jar
7f08d44e1000-7f08d452f000 r--s 0020a000 08:01 32350                      /opt/electriccloud/CommanderSDK/lib/commander-client.jar
7f08d452f000-7f08d4530000 ---p 00000000 00:00 0 
7f08d4530000-7f08d4630000 rw-p 00000000 00:00 0 
7f08d4630000-7f08d4633000 ---p 00000000 00:00 0 
7f08d4633000-7f08d4731000 rw-p 00000000 00:00 0 
7f08d4731000-7f08d4734000 ---p 00000000 00:00 0 
7f08d4734000-7f08d4832000 rw-p 00000000 00:00 0 
7f08d4832000-7f08d4835000 ---p 00000000 00:00 0 
7f08d4835000-7f08d4933000 rw-p 00000000 00:00 0 
7f08d4933000-7f08d4936000 ---p 00000000 00:00 0 
7f08d4936000-7f08d4a34000 rw-p 00000000 00:00 0 
7f08d4a34000-7f08d4a37000 ---p 00000000 00:00 0 
7f08d4a37000-7f08d4b35000 rw-p 00000000 00:00 0 
7f08d4b35000-7f08d4dfe000 r--p 00000000 08:01 161003                     /usr/lib/locale/locale-archive
7f08d4dfe000-7f08d4e01000 ---p 00000000 00:00 0 
7f08d4e01000-7f08d4eff000 rw-p 00000000 00:00 0 
7f08d4eff000-7f08d4f02000 ---p 00000000 00:00 0 
7f08d4f02000-7f08d5000000 rw-p 00000000 00:00 0 
7f08d5000000-7f08d6100000 rwxp 00000000 00:00 0 
7f08d6110000-7f08e4000000 ---p 00000000 00:00 0 
7f08e4000000-7f08e49b7000 rw-p 00000000 00:00 0 
7f08e49b7000-7f08e8000000 ---p 00000000 00:00 0 
7f08e8009000-7f08e800d000 r--s 00093000 08:01 29007                      /opt/electriccloud/electriccommander/jre/lib/jsse.jar
7f08e800d000-7f08e800f000 r--s 00001000 08:01 29262                      /opt/electriccloud/electriccommander/jre/lib/ext/dnsns.jar
7f08e800f000-7f08e802b000 r--s 00393000 08:01 29260                      /opt/electriccloud/electriccommander/jre/lib/ext/cldrdata.jar
7f08e802b000-7f08e8035000 r--s 00116000 08:01 29264                      /opt/electriccloud/electriccommander/jre/lib/ext/localedata.jar
7f08e8035000-7f08e8042000 r--s 00073000 08:01 32137                      /opt/electriccloud/CommanderSDK/lib/ec-gwt.jar
7f08e8042000-7f08e804e000 r--s 000b2000 08:01 32139                      /opt/electriccloud/CommanderSDK/lib/guava-gwt.jar
7f08e804e000-7f08e8077000 r--s 001ee000 08:01 32138                      /opt/electriccloud/CommanderSDK/lib/guava.jar
7f08e8077000-7f08e8078000 ---p 00000000 00:00 0 
7f08e8078000-7f08e917b000 rw-p 00000000 00:00 0 
7f08e917b000-7f08e9351000 r--s 03caa000 08:01 29020                      /opt/electriccloud/electriccommander/jre/lib/rt.jar
7f08e9351000-7f08ea4ca000 rw-p 00000000 00:00 0 
7f08ea4ca000-7f08ea4cb000 ---p 00000000 00:00 0 
7f08ea4cb000-7f08ea5cb000 rw-p 00000000 00:00 0 
7f08ea5cb000-7f08ea5cc000 ---p 00000000 00:00 0 
7f08ea5cc000-7f08ea6cc000 rw-p 00000000 00:00 0 
7f08ea6cc000-7f08ea6cd000 ---p 00000000 00:00 0 
7f08ea6cd000-7f08ea7cd000 rw-p 00000000 00:00 0 
7f08ea7cd000-7f08ea7ce000 ---p 00000000 00:00 0 
7f08ea7ce000-7f08ea912000 rw-p 00000000 00:00 0 
7f08ea912000-7f08eac8e000 ---p 00000000 00:00 0 
7f08eac8e000-7f08eaca8000 r-xp 00000000 08:01 29099                      /opt/electriccloud/electriccommander/jre/lib/amd64/libzip.so
7f08eaca8000-7f08eaea8000 ---p 0001a000 08:01 29099                      /opt/electriccloud/electriccommander/jre/lib/amd64/libzip.so
7f08eaea8000-7f08eaea9000 rw-p 0001a000 08:01 29099                      /opt/electriccloud/electriccommander/jre/lib/amd64/libzip.so
7f08eaea9000-7f08eaeb5000 r-xp 00000000 08:01 666277                     /lib/x86_64-linux-gnu/libnss_files-2.15.so
7f08eaeb5000-7f08eb0b4000 ---p 0000c000 08:01 666277                     /lib/x86_64-linux-gnu/libnss_files-2.15.so
7f08eb0b4000-7f08eb0b5000 r--p 0000b000 08:01 666277                     /lib/x86_64-linux-gnu/libnss_files-2.15.so
7f08eb0b5000-7f08eb0b6000 rw-p 0000c000 08:01 666277                     /lib/x86_64-linux-gnu/libnss_files-2.15.so
7f08eb0b6000-7f08eb0c0000 r-xp 00000000 08:01 666281                     /lib/x86_64-linux-gnu/libnss_nis-2.15.so
7f08eb0c0000-7f08eb2c0000 ---p 0000a000 08:01 666281                     /lib/x86_64-linux-gnu/libnss_nis-2.15.so
7f08eb2c0000-7f08eb2c1000 r--p 0000a000 08:01 666281                     /lib/x86_64-linux-gnu/libnss_nis-2.15.so
7f08eb2c1000-7f08eb2c2000 rw-p 0000b000 08:01 666281                     /lib/x86_64-linux-gnu/libnss_nis-2.15.so
7f08eb2c2000-7f08eb2d9000 r-xp 00000000 08:01 666296                     /lib/x86_64-linux-gnu/libnsl-2.15.so
7f08eb2d9000-7f08eb4d8000 ---p 00017000 08:01 666296                     /lib/x86_64-linux-gnu/libnsl-2.15.so
7f08eb4d8000-7f08eb4d9000 r--p 00016000 08:01 666296                     /lib/x86_64-linux-gnu/libnsl-2.15.so
7f08eb4d9000-7f08eb4da000 rw-p 00017000 08:01 666296                     /lib/x86_64-linux-gnu/libnsl-2.15.so
7f08eb4da000-7f08eb4dc000 rw-p 00000000 00:00 0 
7f08eb4dc000-7f08eb4e4000 r-xp 00000000 08:01 666275                     /lib/x86_64-linux-gnu/libnss_compat-2.15.so
7f08eb4e4000-7f08eb6e3000 ---p 00008000 08:01 666275                     /lib/x86_64-linux-gnu/libnss_compat-2.15.so
7f08eb6e3000-7f08eb6e4000 r--p 00007000 08:01 666275                     /lib/x86_64-linux-gnu/libnss_compat-2.15.so
7f08eb6e4000-7f08eb6e5000 rw-p 00008000 08:01 666275                     /lib/x86_64-linux-gnu/libnss_compat-2.15.so
7f08eb6e5000-7f08eb70f000 r-xp 00000000 08:01 29052                      /opt/electriccloud/electriccommander/jre/lib/amd64/libjava.so
7f08eb70f000-7f08eb90f000 ---p 0002a000 08:01 29052                      /opt/electriccloud/electriccommander/jre/lib/amd64/libjava.so
7f08eb90f000-7f08eb911000 rw-p 0002a000 08:01 29052                      /opt/electriccloud/electriccommander/jre/lib/amd64/libjava.so
7f08eb911000-7f08eb91e000 r-xp 00000000 08:01 29098                      /opt/electriccloud/electriccommander/jre/lib/amd64/libverify.so
7f08eb91e000-7f08ebb1e000 ---p 0000d000 08:01 29098                      /opt/electriccloud/electriccommander/jre/lib/amd64/libverify.so
7f08ebb1e000-7f08ebb20000 rw-p 0000d000 08:01 29098                      /opt/electriccloud/electriccommander/jre/lib/amd64/libverify.so
7f08ebb20000-7f08ebb27000 r-xp 00000000 08:01 666280                     /lib/x86_64-linux-gnu/librt-2.15.so
7f08ebb27000-7f08ebd26000 ---p 00007000 08:01 666280                     /lib/x86_64-linux-gnu/librt-2.15.so
7f08ebd26000-7f08ebd27000 r--p 00006000 08:01 666280                     /lib/x86_64-linux-gnu/librt-2.15.so
7f08ebd27000-7f08ebd28000 rw-p 00007000 08:01 666280                     /lib/x86_64-linux-gnu/librt-2.15.so
7f08ebd28000-7f08ebe23000 r-xp 00000000 08:01 666284                     /lib/x86_64-linux-gnu/libm-2.15.so
7f08ebe23000-7f08ec022000 ---p 000fb000 08:01 666284                     /lib/x86_64-linux-gnu/libm-2.15.so
7f08ec022000-7f08ec023000 r--p 000fa000 08:01 666284                     /lib/x86_64-linux-gnu/libm-2.15.so
7f08ec023000-7f08ec024000 rw-p 000fb000 08:01 666284                     /lib/x86_64-linux-gnu/libm-2.15.so
7f08ec024000-7f08ecc91000 r-xp 00000000 08:01 29106                      /opt/electriccloud/electriccommander/jre/lib/amd64/server/libjvm.so
7f08ecc91000-7f08ece90000 ---p 00c6d000 08:01 29106                      /opt/electriccloud/electriccommander/jre/lib/amd64/server/libjvm.so
7f08ece90000-7f08ecf66000 rw-p 00c6c000 08:01 29106                      /opt/electriccloud/electriccommander/jre/lib/amd64/server/libjvm.so
7f08ecf66000-7f08ecfa9000 rw-p 00000000 00:00 0 
7f08ecfa9000-7f08ed15e000 r-xp 00000000 08:01 666273                     /lib/x86_64-linux-gnu/libc-2.15.so
7f08ed15e000-7f08ed35e000 ---p 001b5000 08:01 666273                     /lib/x86_64-linux-gnu/libc-2.15.so
7f08ed35e000-7f08ed362000 r--p 001b5000 08:01 666273                     /lib/x86_64-linux-gnu/libc-2.15.so
7f08ed362000-7f08ed364000 rw-p 001b9000 08:01 666273                     /lib/x86_64-linux-gnu/libc-2.15.so
7f08ed364000-7f08ed369000 rw-p 00000000 00:00 0 
7f08ed369000-7f08ed36b000 r-xp 00000000 08:01 666288                     /lib/x86_64-linux-gnu/libdl-2.15.so
7f08ed36b000-7f08ed56b000 ---p 00002000 08:01 666288                     /lib/x86_64-linux-gnu/libdl-2.15.so
7f08ed56b000-7f08ed56c000 r--p 00002000 08:01 666288                     /lib/x86_64-linux-gnu/libdl-2.15.so
7f08ed56c000-7f08ed56d000 rw-p 00003000 08:01 666288                     /lib/x86_64-linux-gnu/libdl-2.15.so
7f08ed56d000-7f08ed582000 r-xp 00000000 08:01 29102                      /opt/electriccloud/electriccommander/jre/lib/amd64/jli/libjli.so
7f08ed582000-7f08ed781000 ---p 00015000 08:01 29102                      /opt/electriccloud/electriccommander/jre/lib/amd64/jli/libjli.so
7f08ed781000-7f08ed782000 rw-p 00014000 08:01 29102                      /opt/electriccloud/electriccommander/jre/lib/amd64/jli/libjli.so
7f08ed782000-7f08ed79a000 r-xp 00000000 08:01 666282                     /lib/x86_64-linux-gnu/libpthread-2.15.so
7f08ed79a000-7f08ed999000 ---p 00018000 08:01 666282                     /lib/x86_64-linux-gnu/libpthread-2.15.so
7f08ed999000-7f08ed99a000 r--p 00017000 08:01 666282                     /lib/x86_64-linux-gnu/libpthread-2.15.so
7f08ed99a000-7f08ed99b000 rw-p 00018000 08:01 666282                     /lib/x86_64-linux-gnu/libpthread-2.15.so
7f08ed99b000-7f08ed99f000 rw-p 00000000 00:00 0 
7f08ed99f000-7f08ed9c1000 r-xp 00000000 08:01 666285                     /lib/x86_64-linux-gnu/ld-2.15.so
7f08ed9c1000-7f08ed9c2000 rw-p 00000000 00:00 0 
7f08ed9c2000-7f08ed9c5000 r--s 0003a000 08:01 29271                      /opt/electriccloud/electriccommander/jre/lib/ext/sunpkcs11.jar
7f08ed9c5000-7f08eda1b000 rw-p 00000000 00:00 0 
7f08eda1b000-7f08eda70000 rw-p 00000000 00:00 0 
7f08eda70000-7f08eda9b000 rw-p 00000000 00:00 0 
7f08eda9b000-7f08eda9c000 rw-p 00000000 00:00 0 
7f08eda9c000-7f08eda9f000 ---p 00000000 00:00 0 
7f08eda9f000-7f08edba1000 rw-p 00000000 00:00 0 
7f08edba1000-7f08edba2000 r--s 00009000 08:01 29268                      /opt/electriccloud/electriccommander/jre/lib/ext/sunec.jar
7f08edba2000-7f08edba3000 r--s 00010000 08:01 29272                      /opt/electriccloud/electriccommander/jre/lib/ext/zipfs.jar
7f08edba3000-7f08edba8000 r--s 0003f000 08:01 29270                      /opt/electriccloud/electriccommander/jre/lib/ext/sunjce_provider.jar
7f08edba8000-7f08edba9000 r--s 00000000 08:01 32143                      /opt/electriccloud/CommanderSDK/lib/jcip-annotations.jar
7f08edba9000-7f08edbab000 r--s 00004000 08:01 32134                      /opt/electriccloud/CommanderSDK/lib/annotations.jar
7f08edbab000-7f08edbad000 r--s 0000e000 08:01 32146                      /opt/electriccloud/CommanderSDK/lib/validation-api-1.0.0.GA-sources.jar
7f08edbad000-7f08edbb0000 r--s 00009000 08:01 32145                      /opt/electriccloud/CommanderSDK/lib/validation-api-1.0.0.GA.jar
7f08edbb0000-7f08edbb5000 rw-p 00000000 00:00 0 
7f08edbb5000-7f08edbbd000 rw-s 00000000 08:01 35595                      /tmp/hsperfdata_lrochette/4777
7f08edbbd000-7f08edbbe000 rw-p 00000000 00:00 0 
7f08edbbe000-7f08edbbf000 ---p 00000000 00:00 0 
7f08edbbf000-7f08edbc1000 rw-p 00000000 00:00 0 
7f08edbc1000-7f08edbc2000 r--p 00022000 08:01 666285                     /lib/x86_64-linux-gnu/ld-2.15.so
7f08edbc2000-7f08edbc4000 rw-p 00023000 08:01 666285                     /lib/x86_64-linux-gnu/ld-2.15.so
7fff3f256000-7fff3f277000 rw-p 00000000 00:00 0                          [stack]
7fff3f355000-7fff3f356000 r-xp 00000000 00:00 0                          [vdso]
ffffffffff600000-ffffffffff601000 r-xp 00000000 00:00 0                  [vsyscall]

VM Arguments:
jvm_args: -Xmx256m 
java_command: com.google.gwt.dev.Compiler -war /home/lrochette/GitHub/EC-ShareFile/src/out/gwt-out/htdocs/war -logLevel INFO -style OBF -localWorkers 1 ecplugins.ShareFile.ConfigurationManagement
java_class_path (initial): /opt/electriccloud/CommanderSDK/lib/commander-client.jar:/opt/electriccloud/electriccommander/plugins/EC-Admin-2.12.1.304/lib5/ec_internal.jar:/opt/electriccloud/electriccommander/plugins/EC-Admin-2.12.1.304/lib5/gin-2.1.1.jar:/opt/electriccloud/electriccommander/plugins/EC-Admin-2.12.1.304/lib5/gwtp-all-0.8-PATCH5.jar:/opt/electriccloud/electriccommander/plugins/EC-Admin-2.12.1.304/lib5/javax.inject.jar:/opt/electriccloud/electriccommander/plugins/EC-Admin-2.12.1.304/lib5/guice-assistedinject.jar:/opt/electriccloud/electriccommander/plugins/EC-Admin-2.12.1.304/lib5/guice.jar:/opt/electriccloud/electriccommander/plugins/EC-Admin-2.12.1.304/lib5/annotations.jar:/opt/electriccloud/CommanderSDK/lib/gwt-user.jar:/opt/electriccloud/CommanderSDK/lib/gwt-dev.jar:/opt/electriccloud/CommanderSDK/lib/validation-api-1.0.0.GA.jar:/opt/electriccloud/CommanderSDK/lib/validation-api-1.0.0.GA-sources.jar:/opt/electriccloud/CommanderSDK/lib/guava.jar:/opt/electriccloud/CommanderSDK/lib/guava-gwt.jar:/opt/electriccloud/CommanderSDK/lib/annotations.jar:/opt/electriccloud/CommanderSDK/lib/jcip-annotations.jar:/home/lrochette/GitHub/EC-ShareFile/src/src:/opt/electriccloud/CommanderSDK/lib/ec-gwt.jar:/opt/electriccloud/electriccommander/utils/commander-client.jar
Launcher Type: SUN_STANDARD

Environment Variables:
JAVA_HOME=/opt/electriccloud/electriccommander/jre
PATH=/opt/electriccloud/electriccommander/bin:/opt/TEE:/usr/local/sbin:/usr/local/bin:/usr/sbin:/usr/bin:/sbin:/bin:/usr/games:/opt/electriccloud/electriccommander/bin:/opt/electriccloud/electriccommander/bin
SHELL=/usr/bin/tcsh
HOSTTYPE=x86_64-linux
OSTYPE=linux
MACHTYPE=x86_64

Signal Handlers:
SIGSEGV: [libjvm.so+0xa79a80], sa_mask[0]=11111111011111111101111111111110, sa_flags=SA_RESTART|SA_SIGINFO
SIGBUS: [libjvm.so+0xa79a80], sa_mask[0]=11111111011111111101111111111110, sa_flags=SA_RESTART|SA_SIGINFO
SIGFPE: [libjvm.so+0x8e24e0], sa_mask[0]=11111111011111111101111111111110, sa_flags=SA_RESTART|SA_SIGINFO
SIGPIPE: [libjvm.so+0x8e24e0], sa_mask[0]=11111111011111111101111111111110, sa_flags=SA_RESTART|SA_SIGINFO
SIGXFSZ: [libjvm.so+0x8e24e0], sa_mask[0]=11111111011111111101111111111110, sa_flags=SA_RESTART|SA_SIGINFO
SIGILL: [libjvm.so+0x8e24e0], sa_mask[0]=11111111011111111101111111111110, sa_flags=SA_RESTART|SA_SIGINFO
SIGUSR1: SIG_DFL, sa_mask[0]=00000000000000000000000000000000, sa_flags=none
SIGUSR2: [libjvm.so+0x8e3d10], sa_mask[0]=00100000000000000000000000000000, sa_flags=SA_RESTART|SA_SIGINFO
SIGHUP: [libjvm.so+0x8e50d0], sa_mask[0]=11111111011111111101111111111110, sa_flags=SA_RESTART|SA_SIGINFO
SIGINT: [libjvm.so+0x8e50d0], sa_mask[0]=11111111011111111101111111111110, sa_flags=SA_RESTART|SA_SIGINFO
SIGTERM: [libjvm.so+0x8e50d0], sa_mask[0]=11111111011111111101111111111110, sa_flags=SA_RESTART|SA_SIGINFO
SIGQUIT: [libjvm.so+0x8e50d0], sa_mask[0]=11111111011111111101111111111110, sa_flags=SA_RESTART|SA_SIGINFO


---------------  S Y S T E M  ---------------

OS:DISTRIB_ID=Ubuntu
DISTRIB_RELEASE=12.04
DISTRIB_CODENAME=precise
DISTRIB_DESCRIPTION="Ubuntu 12.04.4 LTS"

uname:Linux 3.2.0-64-generic #97-Ubuntu SMP Wed Jun 4 22:04:21 UTC 2014 x86_64
libc:glibc 2.15 NPTL 2.15 
rlimit: STACK 8192k, CORE infinity, NPROC 31449, NOFILE 4096, AS infinity
load average:1.57 0.67 0.52

/proc/meminfo:
MemTotal:        4049600 kB
MemFree:           85728 kB
Buffers:             404 kB
Cached:            18160 kB
SwapCached:            0 kB
Active:          3816416 kB
Inactive:          10676 kB
Active(anon):    3809932 kB
Inactive(anon):      708 kB
Active(file):       6484 kB
Inactive(file):     9968 kB
Unevictable:           0 kB
Mlocked:               0 kB
SwapTotal:             0 kB
SwapFree:              0 kB
Dirty:                 8 kB
Writeback:             0 kB
AnonPages:       3809452 kB
Mapped:            10284 kB
Shmem:              1280 kB
Slab:              39008 kB
SReclaimable:      16252 kB
SUnreclaim:        22756 kB
KernelStack:        5520 kB
PageTables:        24484 kB
NFS_Unstable:          0 kB
Bounce:                0 kB
WritebackTmp:          0 kB
CommitLimit:     2024800 kB
Committed_AS:    5244320 kB
VmallocTotal:   34359738367 kB
VmallocUsed:       70116 kB
VmallocChunk:   34359665392 kB
HardwareCorrupted:     0 kB
AnonHugePages:         0 kB
HugePages_Total:       0
HugePages_Free:        0
HugePages_Rsvd:        0
HugePages_Surp:        0
Hugepagesize:       2048 kB
DirectMap4k:       67520 kB
DirectMap2M:     4126720 kB


CPU:total 4 (4 cores per cpu, 1 threads per core) family 6 model 70 stepping 1, cmov, cx8, fxsr, mmx, sse, sse2, sse3, ssse3, tsc

/proc/cpuinfo:
processor	: 0
vendor_id	: GenuineIntel
cpu family	: 6
model		: 70
model name	: Intel(R) Core(TM) i7-4850HQ CPU @ 2.30GHz
stepping	: 1
microcode	: 0x19
cpu MHz		: 2299.059
cache size	: 6144 KB
physical id	: 0
siblings	: 4
core id		: 0
cpu cores	: 4
apicid		: 0
initial apicid	: 0
fpu		: yes
fpu_exception	: yes
cpuid level	: 5
wp		: yes
flags		: fpu vme de pse tsc msr pae mce cx8 apic sep mtrr pge mca cmov pat pse36 clflush mmx fxsr sse sse2 ht syscall nx rdtscp lm constant_tsc rep_good nopl pni ssse3 lahf_lm
bogomips	: 4598.11
clflush size	: 64
cache_alignment	: 64
address sizes	: 39 bits physical, 48 bits virtual
power management:

processor	: 1
vendor_id	: GenuineIntel
cpu family	: 6
model		: 70
model name	: Intel(R) Core(TM) i7-4850HQ CPU @ 2.30GHz
stepping	: 1
microcode	: 0x19
cpu MHz		: 2299.059
cache size	: 6144 KB
physical id	: 0
siblings	: 4
core id		: 1
cpu cores	: 4
apicid		: 1
initial apicid	: 1
fpu		: yes
fpu_exception	: yes
cpuid level	: 5
wp		: yes
flags		: fpu vme de pse tsc msr pae mce cx8 apic sep mtrr pge mca cmov pat pse36 clflush mmx fxsr sse sse2 ht syscall nx rdtscp lm constant_tsc rep_good nopl pni ssse3 lahf_lm
bogomips	: 4587.34
clflush size	: 64
cache_alignment	: 64
address sizes	: 39 bits physical, 48 bits virtual
power management:

processor	: 2
vendor_id	: GenuineIntel
cpu family	: 6
model		: 70
model name	: Intel(R) Core(TM) i7-4850HQ CPU @ 2.30GHz
stepping	: 1
microcode	: 0x19
cpu MHz		: 2299.059
cache size	: 6144 KB
physical id	: 0
siblings	: 4
core id		: 2
cpu cores	: 4
apicid		: 2
initial apicid	: 2
fpu		: yes
fpu_exception	: yes
cpuid level	: 5
wp		: yes
flags		: fpu vme de pse tsc msr pae mce cx8 apic sep mtrr pge mca cmov pat pse36 clflush mmx fxsr sse sse2 ht syscall nx rdtscp lm constant_tsc rep_good nopl pni ssse3 lahf_lm
bogomips	: 4585.34
clflush size	: 64
cache_alignment	: 64
address sizes	: 39 bits physical, 48 bits virtual
power management:

processor	: 3
vendor_id	: GenuineIntel
cpu family	: 6
model		: 70
model name	: Intel(R) Core(TM) i7-4850HQ CPU @ 2.30GHz
stepping	: 1
microcode	: 0x19
cpu MHz		: 2299.059
cache size	: 6144 KB
physical id	: 0
siblings	: 4
core id		: 3
cpu cores	: 4
apicid		: 3
initial apicid	: 3
fpu		: yes
fpu_exception	: yes
cpuid level	: 5
wp		: yes
flags		: fpu vme de pse tsc msr pae mce cx8 apic sep mtrr pge mca cmov pat pse36 clflush mmx fxsr sse sse2 ht syscall nx rdtscp lm constant_tsc rep_good nopl pni ssse3 lahf_lm
bogomips	: 4603.41
clflush size	: 64
cache_alignment	: 64
address sizes	: 39 bits physical, 48 bits virtual
power management:



Memory: 4k page, physical 4049600k(85728k free), swap 0k(0k free)

vm_info: Java HotSpot(TM) 64-Bit Server VM (25.25-b02) for linux-amd64 JRE (1.8.0_25-b17), built on Sep 17 2014 17:32:11 by "java_re" with gcc 4.3.0 20080428 (Red Hat 4.3.0-8)

time: Thu Oct  8 23:30:25 2015
elapsed time: 14 seconds (0d 0h 0m 14s)

